#
# There is insufficient memory for the Java Runtime Environment to continue.
# Native memory allocation (malloc) failed to allocate 755936 bytes for Chunk::new
# Possible reasons:
#   The system is out of physical RAM or swap space
#   In 32 bit mode, the process size limit was hit
# Possible solutions:
#   Reduce memory load on the system
#   Increase physical memory or swap space
#   Check if swap backing store is full
#   Use 64 bit Java on a 64 bit OS
#   Decrease Java heap size (-Xmx/-Xms)
#   Decrease number of Java threads
#   Decrease Java thread stack sizes (-Xss)
#   Set larger code cache with -XX:ReservedCodeCacheSize=
# This output file may be truncated or incomplete.
#
#  Out of Memory Error (allocation.cpp:390), pid=16300, tid=0x00000000000038c0
#
# JRE version: Java(TM) SE Runtime Environment (8.0_121-b13) (build 1.8.0_121-b13)
# Java VM: Java HotSpot(TM) 64-Bit Server VM (25.121-b13 mixed mode windows-amd64 compressed oops)
# Failed to write core dump. Minidumps are not enabled by default on client versions of Windows
#

---------------  T H R E A D  ---------------

Current thread (0x0000000017dce000):  JavaThread "C2 CompilerThread1" daemon [_thread_in_native, id=14528, stack(0x0000000019530000,0x0000000019630000)]

Stack: [0x0000000019530000,0x0000000019630000]
[error occurred during error reporting (printing stack bounds), id 0xc0000005]

Native frames: (J=compiled Java code, j=interpreted, Vv=VM code, C=native code)


Current CompileTask:
C2:   3215 2224   !   4       java.net.URLClassLoader$1::run (63 bytes)


---------------  P R O C E S S  ---------------

Java Threads: ( => current thread )
  0x0000000019df4000 JavaThread "ReaderThread" [_thread_in_native, id=33684, stack(0x000000001a630000,0x000000001a730000)]
  0x0000000019768800 JavaThread "Service Thread" daemon [_thread_blocked, id=21592, stack(0x0000000019b30000,0x0000000019c30000)]
  0x0000000017dd2800 JavaThread "C1 CompilerThread2" daemon [_thread_in_native, id=3996, stack(0x0000000019630000,0x0000000019730000)]
=>0x0000000017dce000 JavaThread "C2 CompilerThread1" daemon [_thread_in_native, id=14528, stack(0x0000000019530000,0x0000000019630000)]
  0x0000000017de0000 JavaThread "C2 CompilerThread0" daemon [_thread_in_native, id=36580, stack(0x0000000019430000,0x0000000019530000)]
  0x0000000017dde800 JavaThread "Attach Listener" daemon [_thread_blocked, id=5256, stack(0x0000000019330000,0x0000000019430000)]
  0x0000000017ddb800 JavaThread "Signal Dispatcher" daemon [_thread_blocked, id=28016, stack(0x0000000019230000,0x0000000019330000)]
  0x000000000317e000 JavaThread "Finalizer" daemon [_thread_blocked, id=19444, stack(0x0000000019030000,0x0000000019130000)]
  0x0000000003173000 JavaThread "Reference Handler" daemon [_thread_blocked, id=31536, stack(0x0000000018f30000,0x0000000019030000)]
  0x0000000003084000 JavaThread "main" [_thread_in_vm, id=14220, stack(0x0000000002f80000,0x0000000003080000)]

Other Threads:
  0x0000000017d97800 VMThread [stack: 0x0000000018e30000,0x0000000018f30000] [id=33664]
  0x0000000017e2d000 WatcherThread [stack: 0x0000000019c30000,0x0000000019d30000] [id=27672]

VM state:not at safepoint (normal execution)

VM Mutex/Monitor currently owned by a thread: None

Heap:
 PSYoungGen      total 38400K, used 26058K [0x00000000d5580000, 0x00000000d9b00000, 0x0000000100000000)
  eden space 29696K, 73% used [0x00000000d5580000,0x00000000d6aac5d0,0x00000000d7280000)
  from space 8704K, 50% used [0x00000000d7280000,0x00000000d76c6370,0x00000000d7b00000)
  to   space 8704K, 0% used [0x00000000d9280000,0x00000000d9280000,0x00000000d9b00000)
 ParOldGen       total 47104K, used 5428K [0x0000000080000000, 0x0000000082e00000, 0x00000000d5580000)
  object space 47104K, 11% used [0x0000000080000000,0x000000008054d100,0x0000000082e00000)
 Metaspace       used 26621K, capacity 27428K, committed 27568K, reserved 1073152K
  class space    used 3448K, capacity 3655K, committed 3760K, reserved 1048576K

Card table byte_map: [0x0000000012540000,0x0000000012950000] byte_map_base: 0x0000000012140000

Marking Bits: (ParMarkBitMap*) 0x0000000070dfb6d0
 Begin Bits: [0x0000000013000000, 0x0000000015000000)
 End Bits:   [0x0000000015000000, 0x0000000017000000)

Polling page: 0x0000000002f40000

CodeCache: size=245760Kb used=8239Kb max_used=8239Kb free=237520Kb
 bounds [0x0000000003180000, 0x00000000039a0000, 0x0000000012180000]
 total_blobs=2689 nmethods=2294 adapters=308
 compilation: enabled

Compilation events (10 events):
Event: 3.195 Thread 0x0000000017dd2800 2258       3       java.lang.Boolean::hashCode (14 bytes)
Event: 3.195 Thread 0x0000000017dd2800 nmethod 2258 0x000000000397b7d0 code [0x000000000397b920, 0x000000000397bab0]
Event: 3.195 Thread 0x0000000017dd2800 2257       1       org.springframework.core.MethodParameter::getParameterIndex (5 bytes)
Event: 3.195 Thread 0x0000000017dd2800 nmethod 2257 0x000000000397bb10 code [0x000000000397bc60, 0x000000000397bd70]
Event: 3.195 Thread 0x0000000017dd2800 2259       3       java.util.TreeMap::get (19 bytes)
Event: 3.196 Thread 0x0000000017dd2800 nmethod 2259 0x000000000397bdd0 code [0x000000000397bf40, 0x000000000397c1a8]
Event: 3.197 Thread 0x0000000017dd2800 2260       3       org.springframework.util.ClassUtils::getShortName (50 bytes)
Event: 3.198 Thread 0x0000000017dd2800 nmethod 2260 0x000000000397c290 code [0x000000000397c480, 0x000000000397d028]
Event: 3.198 Thread 0x0000000017dd2800 2261       3       org.springframework.boot.autoconfigure.condition.OnBeanCondition$BeanSearchSpec::collect (85 bytes)
Event: 3.198 Thread 0x0000000017dd2800 nmethod 2261 0x000000000397d590 code [0x000000000397d780, 0x000000000397e1d8]

GC Heap History (10 events):
Event: 2.434 GC heap before
{Heap before GC invocations=4 (full 0):
 PSYoungGen      total 38400K, used 38397K [0x00000000d5580000, 0x00000000d8000000, 0x0000000100000000)
  eden space 33280K, 100% used [0x00000000d5580000,0x00000000d7600000,0x00000000d7600000)
  from space 5120K, 99% used [0x00000000d7600000,0x00000000d7aff5d0,0x00000000d7b00000)
  to   space 5120K, 0% used [0x00000000d7b00000,0x00000000d7b00000,0x00000000d8000000)
 ParOldGen       total 87552K, used 1225K [0x0000000080000000, 0x0000000085580000, 0x00000000d5580000)
  object space 87552K, 1% used [0x0000000080000000,0x0000000080132538,0x0000000085580000)
 Metaspace       used 20360K, capacity 20934K, committed 20992K, reserved 1067008K
  class space    used 2622K, capacity 2804K, committed 2816K, reserved 1048576K
Event: 2.445 GC heap after
Heap after GC invocations=4 (full 0):
 PSYoungGen      total 38400K, used 5117K [0x00000000d5580000, 0x00000000d8000000, 0x0000000100000000)
  eden space 33280K, 0% used [0x00000000d5580000,0x00000000d5580000,0x00000000d7600000)
  from space 5120K, 99% used [0x00000000d7b00000,0x00000000d7fff460,0x00000000d8000000)
  to   space 5120K, 0% used [0x00000000d7600000,0x00000000d7600000,0x00000000d7b00000)
 ParOldGen       total 87552K, used 4664K [0x0000000080000000, 0x0000000085580000, 0x00000000d5580000)
  object space 87552K, 5% used [0x0000000080000000,0x000000008048e1f8,0x0000000085580000)
 Metaspace       used 20360K, capacity 20934K, committed 20992K, reserved 1067008K
  class space    used 2622K, capacity 2804K, committed 2816K, reserved 1048576K
}
Event: 2.462 GC heap before
{Heap before GC invocations=5 (full 0):
 PSYoungGen      total 38400K, used 8203K [0x00000000d5580000, 0x00000000d8000000, 0x0000000100000000)
  eden space 33280K, 9% used [0x00000000d5580000,0x00000000d5883968,0x00000000d7600000)
  from space 5120K, 99% used [0x00000000d7b00000,0x00000000d7fff460,0x00000000d8000000)
  to   space 5120K, 0% used [0x00000000d7600000,0x00000000d7600000,0x00000000d7b00000)
 ParOldGen       total 87552K, used 4664K [0x0000000080000000, 0x0000000085580000, 0x00000000d5580000)
  object space 87552K, 5% used [0x0000000080000000,0x000000008048e1f8,0x0000000085580000)
 Metaspace       used 20653K, capacity 21222K, committed 21296K, reserved 1067008K
  class space    used 2658K, capacity 2836K, committed 2864K, reserved 1048576K
Event: 2.469 GC heap after
Heap after GC invocations=5 (full 0):
 PSYoungGen      total 38400K, used 5113K [0x00000000d5580000, 0x00000000d8000000, 0x0000000100000000)
  eden space 33280K, 0% used [0x00000000d5580000,0x00000000d5580000,0x00000000d7600000)
  from space 5120K, 99% used [0x00000000d7600000,0x00000000d7afe698,0x00000000d7b00000)
  to   space 5120K, 0% used [0x00000000d7b00000,0x00000000d7b00000,0x00000000d8000000)
 ParOldGen       total 87552K, used 4973K [0x0000000080000000, 0x0000000085580000, 0x00000000d5580000)
  object space 87552K, 5% used [0x0000000080000000,0x00000000804db448,0x0000000085580000)
 Metaspace       used 20653K, capacity 21222K, committed 21296K, reserved 1067008K
  class space    used 2658K, capacity 2836K, committed 2864K, reserved 1048576K
}
Event: 2.469 GC heap before
{Heap before GC invocations=6 (full 1):
 PSYoungGen      total 38400K, used 5113K [0x00000000d5580000, 0x00000000d8000000, 0x0000000100000000)
  eden space 33280K, 0% used [0x00000000d5580000,0x00000000d5580000,0x00000000d7600000)
  from space 5120K, 99% used [0x00000000d7600000,0x00000000d7afe698,0x00000000d7b00000)
  to   space 5120K, 0% used [0x00000000d7b00000,0x00000000d7b00000,0x00000000d8000000)
 ParOldGen       total 87552K, used 4973K [0x0000000080000000, 0x0000000085580000, 0x00000000d5580000)
  object space 87552K, 5% used [0x0000000080000000,0x00000000804db448,0x0000000085580000)
 Metaspace       used 20653K, capacity 21222K, committed 21296K, reserved 1067008K
  class space    used 2658K, capacity 2836K, committed 2864K, reserved 1048576K
Event: 2.505 GC heap after
Heap after GC invocations=6 (full 1):
 PSYoungGen      total 38400K, used 0K [0x00000000d5580000, 0x00000000d8000000, 0x0000000100000000)
  eden space 33280K, 0% used [0x00000000d5580000,0x00000000d5580000,0x00000000d7600000)
  from space 5120K, 0% used [0x00000000d7600000,0x00000000d7600000,0x00000000d7b00000)
  to   space 5120K, 0% used [0x00000000d7b00000,0x00000000d7b00000,0x00000000d8000000)
 ParOldGen       total 47104K, used 5412K [0x0000000080000000, 0x0000000082e00000, 0x00000000d5580000)
  object space 47104K, 11% used [0x0000000080000000,0x0000000080549100,0x0000000082e00000)
 Metaspace       used 20653K, capacity 21222K, committed 21296K, reserved 1067008K
  class space    used 2658K, capacity 2836K, committed 2864K, reserved 1048576K
}
Event: 2.708 GC heap before
{Heap before GC invocations=7 (full 1):
 PSYoungGen      total 38400K, used 33280K [0x00000000d5580000, 0x00000000d8000000, 0x0000000100000000)
  eden space 33280K, 100% used [0x00000000d5580000,0x00000000d7600000,0x00000000d7600000)
  from space 5120K, 0% used [0x00000000d7600000,0x00000000d7600000,0x00000000d7b00000)
  to   space 5120K, 0% used [0x00000000d7b00000,0x00000000d7b00000,0x00000000d8000000)
 ParOldGen       total 47104K, used 5412K [0x0000000080000000, 0x0000000082e00000, 0x00000000d5580000)
  object space 47104K, 11% used [0x0000000080000000,0x0000000080549100,0x0000000082e00000)
 Metaspace       used 23557K, capacity 24162K, committed 24240K, reserved 1071104K
  class space    used 3050K, capacity 3236K, committed 3248K, reserved 1048576K
Event: 2.712 GC heap after
Heap after GC invocations=7 (full 1):
 PSYoungGen      total 34816K, used 3664K [0x00000000d5580000, 0x00000000da200000, 0x0000000100000000)
  eden space 29696K, 0% used [0x00000000d5580000,0x00000000d5580000,0x00000000d7280000)
  from space 5120K, 71% used [0x00000000d7b00000,0x00000000d7e941c0,0x00000000d8000000)
  to   space 8704K, 0% used [0x00000000d7280000,0x00000000d7280000,0x00000000d7b00000)
 ParOldGen       total 47104K, used 5420K [0x0000000080000000, 0x0000000082e00000, 0x00000000d5580000)
  object space 47104K, 11% used [0x0000000080000000,0x000000008054b100,0x0000000082e00000)
 Metaspace       used 23557K, capacity 24162K, committed 24240K, reserved 1071104K
  class space    used 3050K, capacity 3236K, committed 3248K, reserved 1048576K
}
Event: 2.962 GC heap before
{Heap before GC invocations=8 (full 1):
 PSYoungGen      total 34816K, used 33360K [0x00000000d5580000, 0x00000000da200000, 0x0000000100000000)
  eden space 29696K, 100% used [0x00000000d5580000,0x00000000d7280000,0x00000000d7280000)
  from space 5120K, 71% used [0x00000000d7b00000,0x00000000d7e941c0,0x00000000d8000000)
  to   space 8704K, 0% used [0x00000000d7280000,0x00000000d7280000,0x00000000d7b00000)
 ParOldGen       total 47104K, used 5420K [0x0000000080000000, 0x0000000082e00000, 0x00000000d5580000)
  object space 47104K, 11% used [0x0000000080000000,0x000000008054b100,0x0000000082e00000)
 Metaspace       used 25214K, capacity 25976K, committed 26032K, reserved 1071104K
  class space    used 3259K, capacity 3467K, committed 3504K, reserved 1048576K
Event: 2.968 GC heap after
Heap after GC invocations=8 (full 1):
 PSYoungGen      total 38400K, used 4376K [0x00000000d5580000, 0x00000000d9b00000, 0x0000000100000000)
  eden space 29696K, 0% used [0x00000000d5580000,0x00000000d5580000,0x00000000d7280000)
  from space 8704K, 50% used [0x00000000d7280000,0x00000000d76c6370,0x00000000d7b00000)
  to   space 8704K, 0% used [0x00000000d9280000,0x00000000d9280000,0x00000000d9b00000)
 ParOldGen       total 47104K, used 5428K [0x0000000080000000, 0x0000000082e00000, 0x00000000d5580000)
  object space 47104K, 11% used [0x0000000080000000,0x000000008054d100,0x0000000082e00000)
 Metaspace       used 25214K, capacity 25976K, committed 26032K, reserved 1071104K
  class space    used 3259K, capacity 3467K, committed 3504K, reserved 1048576K
}

Deoptimization events (10 events):
Event: 2.706 Thread 0x0000000003084000 Uncommon trap: reason=unstable_if action=reinterpret pc=0x0000000003589314 method=org.springframework.boot.context.properties.source.ConfigurationPropertyName$ElementsParser.updateType(Lorg/springframework/boot/context/properties/source/ConfigurationPrope
Event: 2.822 Thread 0x000000001aadc800 Uncommon trap: reason=unstable_if action=reinterpret pc=0x00000000037ab85c method=com.sun.org.apache.xerces.internal.impl.XMLEntityScanner.scanLiteral(ILcom/sun/org/apache/xerces/internal/xni/XMLString;Z)I @ 570
Event: 2.873 Thread 0x000000001aadc800 Uncommon trap: reason=unstable_if action=reinterpret pc=0x00000000037e5b5c method=com.sun.org.apache.xerces.internal.impl.XMLEntityScanner.skipSpaces()Z @ 125
Event: 2.893 Thread 0x000000001aadc800 Uncommon trap: reason=unstable_if action=reinterpret pc=0x000000000380bdb8 method=com.sun.org.apache.xerces.internal.util.SymbolTable.addSymbol([CII)Ljava/lang/String; @ 38
Event: 2.927 Thread 0x0000000003084000 Uncommon trap: reason=unstable_if action=reinterpret pc=0x00000000037d18d8 method=org.springframework.boot.context.properties.source.ConfigurationPropertyName.equals(Ljava/lang/Object;)Z @ 106
Event: 2.979 Thread 0x000000001aadc800 Uncommon trap: reason=predicate action=maybe_recompile pc=0x00000000038c264c method=java.util.AbstractCollection.toArray([Ljava/lang/Object;)[Ljava/lang/Object; @ 49
Event: 3.004 Thread 0x0000000003084000 Uncommon trap: reason=array_check action=maybe_recompile pc=0x00000000038d95ec method=java.util.AbstractCollection.toArray([Ljava/lang/Object;)[Ljava/lang/Object; @ 119
Event: 3.004 Thread 0x0000000003084000 Uncommon trap: reason=array_check action=maybe_recompile pc=0x00000000038d95ec method=java.util.AbstractCollection.toArray([Ljava/lang/Object;)[Ljava/lang/Object; @ 119
Event: 3.004 Thread 0x0000000003084000 Uncommon trap: reason=array_check action=maybe_recompile pc=0x00000000038d95ec method=java.util.AbstractCollection.toArray([Ljava/lang/Object;)[Ljava/lang/Object; @ 119
Event: 3.004 Thread 0x0000000003084000 Uncommon trap: reason=array_check action=maybe_recompile pc=0x00000000038d95ec method=java.util.AbstractCollection.toArray([Ljava/lang/Object;)[Ljava/lang/Object; @ 119

Internal exceptions (10 events):
Event: 2.291 Thread 0x0000000003084000 Exception <a 'java/lang/ClassNotFoundException': org/springframework/core/PriorityOrderedCustomizer> (0x00000000d63facf8) thrown at [C:\re\workspace\8-2-build-windows-amd64-cygwin\jdk8u121\8372\hotspot\src\share\vm\classfile\systemDictionary.cpp, line 210
Event: 2.292 Thread 0x0000000003084000 Exception <a 'java/lang/ClassNotFoundException': org/springframework/core/OrderedCustomizer> (0x00000000d640f530) thrown at [C:\re\workspace\8-2-build-windows-amd64-cygwin\jdk8u121\8372\hotspot\src\share\vm\classfile\systemDictionary.cpp, line 210]
Event: 2.293 Thread 0x0000000003084000 Exception <a 'java/lang/ClassNotFoundException': org/springframework/context/ResourceLoaderAwareCustomizer> (0x00000000d64288e0) thrown at [C:\re\workspace\8-2-build-windows-amd64-cygwin\jdk8u121\8372\hotspot\src\share\vm\classfile\systemDictionary.cpp, l
Event: 2.294 Thread 0x0000000003084000 Exception <a 'java/lang/ClassNotFoundException': org/springframework/beans/factory/AwareCustomizer> (0x00000000d6440150) thrown at [C:\re\workspace\8-2-build-windows-amd64-cygwin\jdk8u121\8372\hotspot\src\share\vm\classfile\systemDictionary.cpp, line 210]
Event: 2.295 Thread 0x0000000003084000 Exception <a 'java/lang/ClassNotFoundException': org/springframework/beans/factory/BeanClassLoaderAwareCustomizer> (0x00000000d645a6c0) thrown at [C:\re\workspace\8-2-build-windows-amd64-cygwin\jdk8u121\8372\hotspot\src\share\vm\classfile\systemDictionary
Event: 2.295 Thread 0x0000000003084000 Exception <a 'java/lang/ClassNotFoundException': org/springframework/beans/factory/AwareCustomizer> (0x00000000d64b8df8) thrown at [C:\re\workspace\8-2-build-windows-amd64-cygwin\jdk8u121\8372\hotspot\src\share\vm\classfile\systemDictionary.cpp, line 210]
Event: 2.296 Thread 0x0000000003084000 Exception <a 'java/lang/ClassNotFoundException': org/springframework/context/EnvironmentAwareCustomizer> (0x00000000d64d0938) thrown at [C:\re\workspace\8-2-build-windows-amd64-cygwin\jdk8u121\8372\hotspot\src\share\vm\classfile\systemDictionary.cpp, line
Event: 2.297 Thread 0x0000000003084000 Exception <a 'java/lang/ClassNotFoundException': org/springframework/beans/factory/AwareCustomizer> (0x00000000d64e80a0) thrown at [C:\re\workspace\8-2-build-windows-amd64-cygwin\jdk8u121\8372\hotspot\src\share\vm\classfile\systemDictionary.cpp, line 210]
Event: 2.563 Thread 0x0000000003084000 Exception <a 'java/lang/IncompatibleClassChangeError': Found class java.lang.Object, but interface was expected> (0x00000000d6121bb8) thrown at [C:\re\workspace\8-2-build-windows-amd64-cygwin\jdk8u121\8372\hotspot\src\share\vm\interpreter\linkResolver.cpp
Event: 2.638 Thread 0x000000001aadc800 Exception <a 'java/lang/IncompatibleClassChangeError': Found class java.lang.Object, but interface was expected> (0x00000000d6aff520) thrown at [C:\re\workspace\8-2-build-windows-amd64-cygwin\jdk8u121\8372\hotspot\src\share\vm\interpreter\linkResolver.cpp

Events (10 events):
Event: 3.193 loading class org/springframework/data/mongodb/gridfs/GridFsOperations
Event: 3.193 loading class org/springframework/data/mongodb/gridfs/GridFsOperations done
Event: 3.196 loading class org/springframework/boot/actuate/autoconfigure/mongo/MongoReactiveHealthIndicatorAutoConfiguration
Event: 3.196 loading class org/springframework/boot/actuate/autoconfigure/mongo/MongoReactiveHealthIndicatorAutoConfiguration done
Event: 3.196 loading class org/springframework/boot/actuate/autoconfigure/health/CompositeReactiveHealthIndicatorConfiguration
Event: 3.196 loading class org/springframework/boot/actuate/autoconfigure/health/CompositeReactiveHealthIndicatorConfiguration done
Event: 3.197 loading class org/springframework/boot/actuate/autoconfigure/health/HealthIndicatorProperties
Event: 3.197 loading class org/springframework/boot/actuate/autoconfigure/health/HealthIndicatorProperties done
Event: 3.198 loading class org/springframework/boot/actuate/autoconfigure/mongo/MongoHealthIndicatorAutoConfiguration
Event: 3.198 loading class org/springframework/boot/actuate/autoconfigure/mongo/MongoHealthIndicatorAutoConfiguration done


Dynamic libraries:
0x00007ff601d30000 - 0x00007ff601d67000 	C:\Program Files\Java\jdk1.8.0_121\bin\javaw.exe
0x00007ff89b500000 - 0x00007ff89b6e1000 	C:\WINDOWS\SYSTEM32\ntdll.dll
0x00007ff899100000 - 0x00007ff8991b2000 	C:\WINDOWS\System32\KERNEL32.DLL
0x00007ff8983f0000 - 0x00007ff898663000 	C:\WINDOWS\System32\KERNELBASE.dll
0x00007ff8991c0000 - 0x00007ff899261000 	C:\WINDOWS\System32\ADVAPI32.dll
0x00007ff899e50000 - 0x00007ff899eee000 	C:\WINDOWS\System32\msvcrt.dll
0x00007ff899750000 - 0x00007ff8997ab000 	C:\WINDOWS\System32\sechost.dll
0x00007ff898dc0000 - 0x00007ff898ee4000 	C:\WINDOWS\System32\RPCRT4.dll
0x00007ff898bb0000 - 0x00007ff898d40000 	C:\WINDOWS\System32\USER32.dll
0x00007ff898970000 - 0x00007ff898990000 	C:\WINDOWS\System32\win32u.dll
0x00007ff899cf0000 - 0x00007ff899d18000 	C:\WINDOWS\System32\GDI32.dll
0x00007ff898060000 - 0x00007ff8981f2000 	C:\WINDOWS\System32\gdi32full.dll
0x00007ff898200000 - 0x00007ff89829f000 	C:\WINDOWS\System32\msvcp_win.dll
0x00007ff8982f0000 - 0x00007ff8983ea000 	C:\WINDOWS\System32\ucrtbase.dll
0x00007ff895a50000 - 0x00007ff895cb9000 	C:\WINDOWS\WinSxS\amd64_microsoft.windows.common-controls_6595b64144ccf1df_6.0.17134.228_none_fb4599993062b194\COMCTL32.dll
0x00007ff8997b0000 - 0x00007ff899ad3000 	C:\WINDOWS\System32\combase.dll
0x00007ff897fe0000 - 0x00007ff89805a000 	C:\WINDOWS\System32\bcryptPrimitives.dll
0x00007ff899720000 - 0x00007ff89974d000 	C:\WINDOWS\System32\IMM32.DLL
0x00007ff8976b0000 - 0x00007ff89770d000 	C:\Program Files\Citrix\System32\MfApHook64.dll
0x00007ff896fe0000 - 0x00007ff89700b000 	C:\Program Files\Citrix\ICAService\CtxDodHook64.dll
0x00007ff8975d0000 - 0x00007ff897602000 	C:\Program Files\Citrix\ICAService\picaFullScreenHookX64.dll
0x00007ff896f90000 - 0x00007ff896fde000 	C:\Program Files\Citrix\ICAService\ShellHook64.dll
0x00007ff899fa0000 - 0x00007ff89b3e0000 	C:\WINDOWS\System32\SHELL32.dll
0x00007ff8982a0000 - 0x00007ff8982e9000 	C:\WINDOWS\System32\cfgmgr32.dll
0x00007ff899ef0000 - 0x00007ff899f99000 	C:\WINDOWS\System32\shcore.dll
0x00007ff8978d0000 - 0x00007ff897fdd000 	C:\WINDOWS\System32\windows.storage.dll
0x00007ff899d20000 - 0x00007ff899d71000 	C:\WINDOWS\System32\shlwapi.dll
0x00007ff8978b0000 - 0x00007ff8978c1000 	C:\WINDOWS\System32\kernel.appcore.dll
0x00007ff897890000 - 0x00007ff8978af000 	C:\WINDOWS\System32\profapi.dll
0x00007ff897820000 - 0x00007ff89786c000 	C:\WINDOWS\System32\powrprof.dll
0x00007ff897810000 - 0x00007ff89781a000 	C:\WINDOWS\System32\FLTLIB.DLL
0x00007ff896e10000 - 0x00007ff896f8c000 	C:\Program Files\Citrix\ICAService\SCardHook64.dll
0x00007ff896d70000 - 0x00007ff896d9a000 	C:\Program Files\Citrix\ICAService\cxinjime64.dll
0x00007ff896c60000 - 0x00007ff896ca8000 	C:\Program Files\Citrix\ICAService\PicaWtsHook64.dll
0x0000000070e80000 - 0x0000000070f52000 	C:\Program Files\Java\jdk1.8.0_121\jre\bin\msvcr100.dll
0x00000000705e0000 - 0x0000000070e7b000 	C:\Program Files\Java\jdk1.8.0_121\jre\bin\server\jvm.dll
0x00007ff899ce0000 - 0x00007ff899ce8000 	C:\WINDOWS\System32\PSAPI.DLL
0x00007ff891cf0000 - 0x00007ff891d13000 	C:\WINDOWS\SYSTEM32\WINMM.dll
0x00007ff8974c0000 - 0x00007ff8974ca000 	C:\WINDOWS\SYSTEM32\VERSION.dll
0x00007ff885520000 - 0x00007ff885529000 	C:\WINDOWS\SYSTEM32\WSOCK32.dll
0x00007ff891c30000 - 0x00007ff891c5a000 	C:\WINDOWS\SYSTEM32\WINMMBASE.dll
0x00007ff898d40000 - 0x00007ff898dac000 	C:\WINDOWS\System32\WS2_32.dll
0x00000000712a0000 - 0x00000000712af000 	C:\Program Files\Java\jdk1.8.0_121\jre\bin\verify.dll
0x0000000071270000 - 0x0000000071299000 	C:\Program Files\Java\jdk1.8.0_121\jre\bin\java.dll
0x0000000071250000 - 0x0000000071266000 	C:\Program Files\Java\jdk1.8.0_121\jre\bin\zip.dll
0x0000000071220000 - 0x000000007123a000 	C:\Program Files\Java\jdk1.8.0_121\jre\bin\net.dll
0x00007ff896550000 - 0x00007ff8965b6000 	C:\WINDOWS\system32\mswsock.dll
0x0000000071140000 - 0x0000000071151000 	C:\Program Files\Java\jdk1.8.0_121\jre\bin\nio.dll
0x0000000071240000 - 0x000000007124d000 	C:\Program Files\Java\jdk1.8.0_121\jre\bin\management.dll
0x00007ff88b0f0000 - 0x00007ff88b106000 	C:\WINDOWS\system32\napinsp.dll
0x00007ff88b110000 - 0x00007ff88b12a000 	C:\WINDOWS\system32\pnrpnsp.dll
0x00007ff893120000 - 0x00007ff893139000 	C:\WINDOWS\system32\NLAapi.dll
0x00007ff896320000 - 0x00007ff8963de000 	C:\WINDOWS\SYSTEM32\DNSAPI.dll
0x00007ff8990f0000 - 0x00007ff8990f8000 	C:\WINDOWS\System32\NSI.dll
0x00007ff8962e0000 - 0x00007ff896318000 	C:\WINDOWS\SYSTEM32\IPHLPAPI.DLL
0x00007ff88b130000 - 0x00007ff88b13e000 	C:\WINDOWS\System32\winrnr.dll
0x00007ff88e550000 - 0x00007ff88e55a000 	C:\Windows\System32\rasadhlp.dll
0x00007ff8909d0000 - 0x00007ff890a42000 	C:\WINDOWS\System32\fwpuclnt.dll
0x00007ff897080000 - 0x00007ff8970a5000 	C:\WINDOWS\SYSTEM32\bcrypt.dll

VM Arguments:
jvm_args: -ea -Dfile.encoding=UTF-8 
java_command: org.eclipse.jdt.internal.junit.runner.RemoteTestRunner -version 3 -port 52370 -testLoaderClass org.eclipse.jdt.internal.junit4.runner.JUnit4TestLoader -loaderpluginname org.eclipse.jdt.junit4.runtime -classNames com.capgemini.annapurna.restaurant.test.service.RestaurantServiceTest
java_class_path (initial): C:\Ujwala_Gawari\Annapurna-Project\Restaurant\Restaurant\target\test-classes;C:\Ujwala_Gawari\Annapurna-Project\Restaurant\Restaurant\target\classes;C:\Users\ugawari\.m2\repository\org\springframework\boot\spring-boot-starter-data-mongodb\2.1.2.RELEASE\spring-boot-starter-data-mongodb-2.1.2.RELEASE.jar;C:\Users\ugawari\.m2\repository\org\springframework\boot\spring-boot-starter\2.1.2.RELEASE\spring-boot-starter-2.1.2.RELEASE.jar;C:\Users\ugawari\.m2\repository\org\springframework\boot\spring-boot-starter-logging\2.1.2.RELEASE\spring-boot-starter-logging-2.1.2.RELEASE.jar;C:\Users\ugawari\.m2\repository\ch\qos\logback\logback-classic\1.2.3\logback-classic-1.2.3.jar;C:\Users\ugawari\.m2\repository\ch\qos\logback\logback-core\1.2.3\logback-core-1.2.3.jar;C:\Users\ugawari\.m2\repository\org\apache\logging\log4j\log4j-to-slf4j\2.11.1\log4j-to-slf4j-2.11.1.jar;C:\Users\ugawari\.m2\repository\org\apache\logging\log4j\log4j-api\2.11.1\log4j-api-2.11.1.jar;C:\Users\ugawari\.m2\repository\org\slf4j\jul-to-slf4j\1.7.25\jul-to-slf4j-1.7.25.jar;C:\Users\ugawari\.m2\repository\javax\annotation\javax.annotation-api\1.3.2\javax.annotation-api-1.3.2.jar;C:\Users\ugawari\.m2\repository\org\yaml\snakeyaml\1.23\snakeyaml-1.23.jar;C:\Users\ugawari\.m2\repository\org\mongodb\mongodb-driver\3.8.2\mongodb-driver-3.8.2.jar;C:\Users\ugawari\.m2\repository\org\mongodb\bson\3.8.2\bson-3.8.2.jar;C:\Users\ugawari\.m2\repository\org\mongodb\mongodb-driver-core\3.8.2\mongodb-driver-core-3.8.2.jar;C:\Users\ugawari\.m2\repository\org\springframework\data\spring-data-mongodb\2.1.4.RELEASE\spring-data-mongodb-2.1.4.RELEASE.jar;C:\Users\ugawari\.m2\repository\org\springframework\spring-tx\5.1.4.RELEASE\spring-tx-5.1.4.RELEASE.jar;C:\Users\ugawari\.m2\repository\org\springframework\spring-context\5.1.4.RELEASE\spring-context-5.1.4.RELEASE.jar;C:\Users\ugawari\.m2\repository\org\springframework\spring-beans\5.1.4.RELEASE\spring-beans-5.1.4.RELEASE.jar;C:\Users\ugawari\.m2\rep
Launcher Type: SUN_STANDARD

Environment Variables:
PATH=C:/Program Files/Java/jre1.8.0_121/bin/server;C:/Program Files/Java/jre1.8.0_121/bin;C:/Program Files/Java/jre1.8.0_121/lib/amd64;C:\Python34\;C:\Python34\Scripts;C:\oraclexe\app\oracle\product\11.2.0\server\bin;C:\ProgramData\Oracle\Java\javapath;C:\WINDOWS\system32;C:\WINDOWS;C:\WINDOWS\System32\Wbem;C:\WINDOWS\System32\WindowsPowerShell\v1.0\;C:\Program Files\TortoiseSVN\bin;C:\Program Files\nodejs\;C:\Program Files\Git\cmd;C:\Program Files (x86)\Microsoft SQL Server\110\Tools\Binn\ManagementStudio\;C:\Program Files (x86)\Microsoft SQL Server\110\Tools\Binn\;C:\Program Files (x86)\Microsoft SQL Server\110\DTS\Binn\;C:\Program Files\Citrix\System32\;C:\Program Files\Citrix\ICAService\;C:\WINDOWS\System32\OpenSSH\;C:\Users\ugawari\AppData\Local\Microsoft\WindowsApps;;C:\SOFTWARES\sts-bundle\sts-3.9.7.RELEASE;
USERNAME=ugawari
OS=Windows_NT
PROCESSOR_IDENTIFIER=Intel64 Family 15 Model 6 Stepping 1, GenuineIntel



---------------  S Y S T E M  ---------------

OS: Windows 10.0 , 64 bit Build 17134 (10.0.17134.1)

CPU:total 4 (2 cores per cpu, 1 threads per core) family 15 model 6 stepping 1, cmov, cx8, fxsr, mmx, sse, sse2, sse3, ssse3, sse4.1, sse4.2, popcnt, avx, avx2, aes, clmul, erms, rtm, 3dnowpref, lzcnt, tsc, bmi1, bmi2, adx

Memory: 4k page, physical 8388056k(667092k free), swap 18697820k(3440k free)

vm_info: Java HotSpot(TM) 64-Bit Server VM (25.121-b13) for windows-amd64 JRE (1.8.0_121-b13), built on Dec 12 2016 18:21:36 by "java_re" with MS VC++ 10.0 (VS2010)

time: Wed Feb 06 14:55:33 2019
elapsed time: 3 seconds (0d 0h 0m 3s)

