#
# There is insufficient memory for the Java Runtime Environment to continue.
# Native memory allocation (malloc) failed to allocate 1149296 bytes for Chunk::new
# Possible reasons:
#   The system is out of physical RAM or swap space
#   In 32 bit mode, the process size limit was hit
# Possible solutions:
#   Reduce memory load on the system
#   Increase physical memory or swap space
#   Check if swap backing store is full
#   Use 64 bit Java on a 64 bit OS
#   Decrease Java heap size (-Xmx/-Xms)
#   Decrease number of Java threads
#   Decrease Java thread stack sizes (-Xss)
#   Set larger code cache with -XX:ReservedCodeCacheSize=
# This output file may be truncated or incomplete.
#
#  Out of Memory Error (allocation.cpp:390), pid=34768, tid=0x0000000000002570
#
# JRE version: Java(TM) SE Runtime Environment (8.0_121-b13) (build 1.8.0_121-b13)
# Java VM: Java HotSpot(TM) 64-Bit Server VM (25.121-b13 mixed mode windows-amd64 compressed oops)
# Failed to write core dump. Minidumps are not enabled by default on client versions of Windows
#

---------------  T H R E A D  ---------------

Current thread (0x00000000177bc800):  JavaThread "C2 CompilerThread1" daemon [_thread_in_native, id=9584, stack(0x0000000018f00000,0x0000000019000000)]

Stack: [0x0000000018f00000,0x0000000019000000]
[error occurred during error reporting (printing stack bounds), id 0xc0000005]

Native frames: (J=compiled Java code, j=interpreted, Vv=VM code, C=native code)


Current CompileTask:
C2:   9797 4999 % !   4       org.springframework.beans.factory.support.DefaultListableBeanFactory::doGetBeanNamesForType @ 20 (593 bytes)


---------------  P R O C E S S  ---------------

Java Threads: ( => current thread )
  0x000000001eefa000 JavaThread "Keep-Alive-Timer" daemon [_thread_blocked, id=1076, stack(0x0000000022100000,0x0000000022200000)]
  0x000000001ef00800 JavaThread "http-nio-auto-1-Acceptor-0" daemon [_thread_in_native, id=29228, stack(0x0000000022000000,0x0000000022100000)]
  0x000000001ef00000 JavaThread "http-nio-auto-1-ClientPoller-1" daemon [_thread_in_native, id=14288, stack(0x0000000021f00000,0x0000000022000000)]
  0x000000001eef9000 JavaThread "http-nio-auto-1-ClientPoller-0" daemon [_thread_in_native, id=11544, stack(0x0000000021cd0000,0x0000000021dd0000)]
  0x000000001eef8800 JavaThread "http-nio-auto-1-exec-10" daemon [_thread_blocked, id=30024, stack(0x00000000218e0000,0x00000000219e0000)]
  0x000000001eefd000 JavaThread "http-nio-auto-1-exec-9" daemon [_thread_blocked, id=19956, stack(0x00000000217e0000,0x00000000218e0000)]
  0x000000001eefb800 JavaThread "http-nio-auto-1-exec-8" daemon [_thread_blocked, id=18952, stack(0x00000000216e0000,0x00000000217e0000)]
  0x000000001eeff000 JavaThread "http-nio-auto-1-exec-7" daemon [_thread_blocked, id=23040, stack(0x00000000215e0000,0x00000000216e0000)]
  0x000000001eef7800 JavaThread "http-nio-auto-1-exec-6" daemon [_thread_blocked, id=15444, stack(0x00000000214e0000,0x00000000215e0000)]
  0x000000001eefc000 JavaThread "http-nio-auto-1-exec-5" daemon [_thread_blocked, id=25832, stack(0x00000000213e0000,0x00000000214e0000)]
  0x000000001eefe800 JavaThread "http-nio-auto-1-exec-4" daemon [_thread_blocked, id=21708, stack(0x00000000212e0000,0x00000000213e0000)]
  0x000000001eefd800 JavaThread "http-nio-auto-1-exec-3" daemon [_thread_blocked, id=13140, stack(0x00000000211e0000,0x00000000212e0000)]
  0x000000001eefa800 JavaThread "http-nio-auto-1-exec-2" daemon [_thread_blocked, id=2124, stack(0x00000000210e0000,0x00000000211e0000)]
  0x000000001ca03800 JavaThread "http-nio-auto-1-exec-1" daemon [_thread_blocked, id=17280, stack(0x0000000020fe0000,0x00000000210e0000)]
  0x000000001ca03000 JavaThread "NioBlockingSelector.BlockPoller-1" daemon [_thread_in_native, id=2688, stack(0x0000000020ee0000,0x0000000020fe0000)]
  0x000000001ca00800 JavaThread "SimplePauseDetectorThread_0" daemon [_thread_blocked, id=24420, stack(0x00000000209a0000,0x0000000020aa0000)]
  0x000000001ca01800 JavaThread "Thread-3" daemon [_thread_blocked, id=10676, stack(0x00000000208a0000,0x00000000209a0000)]
  0x000000001ca00000 JavaThread "container-0" [_thread_blocked, id=14472, stack(0x00000000205a0000,0x00000000206a0000)]
  0x000000001c9ff000 JavaThread "Catalina-utility-1" [_thread_blocked, id=22124, stack(0x00000000204a0000,0x00000000205a0000)]
  0x000000001c9fe800 JavaThread "CleanCursors-1-thread-1" daemon [_thread_blocked, id=22988, stack(0x00000000200a0000,0x00000000201a0000)]
  0x000000001c9fd000 JavaThread "cluster-ClusterId{value='5c598cb90786f487d018eed8', description='null'}-localhost:27017" daemon [_thread_blocked, id=10476, stack(0x000000001fb80000,0x000000001fc80000)]
  0x000000001982c800 JavaThread "ReaderThread" [_thread_in_native, id=36172, stack(0x000000001a000000,0x000000001a100000)]
  0x000000001781e800 JavaThread "Service Thread" daemon [_thread_blocked, id=34760, stack(0x0000000019500000,0x0000000019600000)]
  0x00000000177c4800 JavaThread "C1 CompilerThread2" daemon [_thread_blocked, id=12088, stack(0x0000000019000000,0x0000000019100000)]
=>0x00000000177bc800 JavaThread "C2 CompilerThread1" daemon [_thread_in_native, id=9584, stack(0x0000000018f00000,0x0000000019000000)]
  0x00000000177ce800 JavaThread "C2 CompilerThread0" daemon [_thread_in_native, id=15492, stack(0x0000000018e00000,0x0000000018f00000)]
  0x00000000177cc800 JavaThread "Attach Listener" daemon [_thread_blocked, id=25564, stack(0x0000000018d00000,0x0000000018e00000)]
  0x00000000177cb800 JavaThread "Signal Dispatcher" daemon [_thread_blocked, id=15472, stack(0x0000000018c00000,0x0000000018d00000)]
  0x0000000002aee800 JavaThread "Finalizer" daemon [_thread_blocked, id=17456, stack(0x0000000018a10000,0x0000000018b10000)]
  0x0000000002ae5000 JavaThread "Reference Handler" daemon [_thread_blocked, id=27364, stack(0x0000000018910000,0x0000000018a10000)]
  0x00000000029f4000 JavaThread "main" [_thread_in_vm, id=25900, stack(0x00000000028c0000,0x00000000029c0000)]

Other Threads:
  0x0000000017786800 VMThread [stack: 0x0000000018810000,0x0000000018910000] [id=8744]
  0x000000001915c000 WatcherThread [stack: 0x0000000019600000,0x0000000019700000] [id=33628]

VM state:not at safepoint (normal execution)

VM Mutex/Monitor currently owned by a thread: None

Heap:
 PSYoungGen      total 240640K, used 169984K [0x00000000d5580000, 0x00000000e6480000, 0x0000000100000000)
  eden space 226304K, 68% used [0x00000000d5580000,0x00000000ded85c58,0x00000000e3280000)
  from space 14336K, 99% used [0x00000000e3280000,0x00000000e407a3d8,0x00000000e4080000)
  to   space 14336K, 0% used [0x00000000e4080000,0x00000000e4080000,0x00000000e4e80000)
 ParOldGen       total 68608K, used 19363K [0x0000000080000000, 0x0000000084300000, 0x00000000d5580000)
  object space 68608K, 28% used [0x0000000080000000,0x00000000812e8cb8,0x0000000084300000)
 Metaspace       used 50435K, capacity 53268K, committed 53416K, reserved 1095680K
  class space    used 6819K, capacity 7309K, committed 7344K, reserved 1048576K

Card table byte_map: [0x0000000011f60000,0x0000000012370000] byte_map_base: 0x0000000011b60000

Marking Bits: (ParMarkBitMap*) 0x0000000070dfb6d0
 Begin Bits: [0x0000000012a20000, 0x0000000014a20000)
 End Bits:   [0x0000000014a20000, 0x0000000016a20000)

Polling page: 0x0000000000da0000

CodeCache: size=245760Kb used=16189Kb max_used=16241Kb free=229570Kb
 bounds [0x0000000002ba0000, 0x0000000003bc0000, 0x0000000011ba0000]
 total_blobs=4824 nmethods=4326 adapters=411
 compilation: enabled

Compilation events (10 events):
Event: 9.758 Thread 0x00000000177c4800 5049       3       io.micrometer.core.instrument.ImmutableTag::hashCode (23 bytes)
Event: 9.759 Thread 0x00000000177c4800 nmethod 5049 0x0000000003089e90 code [0x000000000308a000, 0x000000000308a2d8]
Event: 9.761 Thread 0x00000000177c4800 5050       3       java.lang.ThreadLocal$ThreadLocalMap::getEntryAfterMiss (63 bytes)
Event: 9.761 Thread 0x00000000177c4800 nmethod 5050 0x0000000002d2f390 code [0x0000000002d2f520, 0x0000000002d2fa88]
Event: 9.763 Thread 0x00000000177c4800 5051  s!   3       java.lang.ClassLoader::initSystemClassLoader (109 bytes)
Event: 9.763 Thread 0x00000000177c4800 nmethod 5051 0x00000000039204d0 code [0x00000000039206e0, 0x00000000039213b8]
Event: 9.764 Thread 0x00000000177c4800 5052       3       sun.invoke.util.Wrapper::isDoubleWord (15 bytes)
Event: 9.765 Thread 0x00000000177c4800 nmethod 5052 0x0000000002d2f010 code [0x0000000002d2f160, 0x0000000002d2f310]
Event: 9.771 Thread 0x00000000177c4800 5054  s!   2       sun.misc.URLClassPath::getLoader (243 bytes)
Event: 9.773 Thread 0x00000000177c4800 nmethod 5054 0x0000000003958290 code [0x0000000003958560, 0x0000000003959c28]

GC Heap History (10 events):
Event: 3.111 GC heap before
{Heap before GC invocations=7 (full 1):
 PSYoungGen      total 71680K, used 66560K [0x00000000d5580000, 0x00000000de880000, 0x0000000100000000)
  eden space 66560K, 100% used [0x00000000d5580000,0x00000000d9680000,0x00000000d9680000)
  from space 5120K, 0% used [0x00000000d9680000,0x00000000d9680000,0x00000000d9b80000)
  to   space 8704K, 0% used [0x00000000de000000,0x00000000de000000,0x00000000de880000)
 ParOldGen       total 46592K, used 5305K [0x0000000080000000, 0x0000000082d80000, 0x00000000d5580000)
  object space 46592K, 11% used [0x0000000080000000,0x000000008052e698,0x0000000082d80000)
 Metaspace       used 25432K, capacity 26116K, committed 26288K, reserved 1073152K
  class space    used 3284K, capacity 3469K, committed 3504K, reserved 1048576K
Event: 3.124 GC heap after
Heap after GC invocations=7 (full 1):
 PSYoungGen      total 131584K, used 7249K [0x00000000d5580000, 0x00000000de780000, 0x0000000100000000)
  eden space 123904K, 0% used [0x00000000d5580000,0x00000000d5580000,0x00000000dce80000)
  from space 7680K, 94% used [0x00000000de000000,0x00000000de7145d0,0x00000000de780000)
  to   space 9216K, 0% used [0x00000000dd580000,0x00000000dd580000,0x00000000dde80000)
 ParOldGen       total 46592K, used 5377K [0x0000000080000000, 0x0000000082d80000, 0x00000000d5580000)
  object space 46592K, 11% used [0x0000000080000000,0x00000000805406a8,0x0000000082d80000)
 Metaspace       used 25432K, capacity 26116K, committed 26288K, reserved 1073152K
  class space    used 3284K, capacity 3469K, committed 3504K, reserved 1048576K
}
Event: 4.785 GC heap before
{Heap before GC invocations=8 (full 1):
 PSYoungGen      total 131584K, used 131153K [0x00000000d5580000, 0x00000000de780000, 0x0000000100000000)
  eden space 123904K, 100% used [0x00000000d5580000,0x00000000dce80000,0x00000000dce80000)
  from space 7680K, 94% used [0x00000000de000000,0x00000000de7145d0,0x00000000de780000)
  to   space 9216K, 0% used [0x00000000dd580000,0x00000000dd580000,0x00000000dde80000)
 ParOldGen       total 46592K, used 5377K [0x0000000080000000, 0x0000000082d80000, 0x00000000d5580000)
  object space 46592K, 11% used [0x0000000080000000,0x00000000805406a8,0x0000000082d80000)
 Metaspace       used 33550K, capacity 35056K, committed 35248K, reserved 1079296K
  class space    used 4374K, capacity 4693K, committed 4784K, reserved 1048576K
Event: 4.808 GC heap after
Heap after GC invocations=8 (full 1):
 PSYoungGen      total 140288K, used 9195K [0x00000000d5580000, 0x00000000e4e80000, 0x0000000100000000)
  eden space 131072K, 0% used [0x00000000d5580000,0x00000000d5580000,0x00000000dd580000)
  from space 9216K, 99% used [0x00000000dd580000,0x00000000dde7ac50,0x00000000dde80000)
  to   space 14336K, 0% used [0x00000000e4080000,0x00000000e4080000,0x00000000e4e80000)
 ParOldGen       total 46592K, used 13818K [0x0000000080000000, 0x0000000082d80000, 0x00000000d5580000)
  object space 46592K, 29% used [0x0000000080000000,0x0000000080d7e988,0x0000000082d80000)
 Metaspace       used 33550K, capacity 35056K, committed 35248K, reserved 1079296K
  class space    used 4374K, capacity 4693K, committed 4784K, reserved 1048576K
}
Event: 4.856 GC heap before
{Heap before GC invocations=9 (full 1):
 PSYoungGen      total 140288K, used 13421K [0x00000000d5580000, 0x00000000e4e80000, 0x0000000100000000)
  eden space 131072K, 3% used [0x00000000d5580000,0x00000000d59a0888,0x00000000dd580000)
  from space 9216K, 99% used [0x00000000dd580000,0x00000000dde7ac50,0x00000000dde80000)
  to   space 14336K, 0% used [0x00000000e4080000,0x00000000e4080000,0x00000000e4e80000)
 ParOldGen       total 46592K, used 13818K [0x0000000080000000, 0x0000000082d80000, 0x00000000d5580000)
  object space 46592K, 29% used [0x0000000080000000,0x0000000080d7e988,0x0000000082d80000)
 Metaspace       used 33871K, capacity 35336K, committed 35496K, reserved 1079296K
  class space    used 4411K, capacity 4697K, committed 4784K, reserved 1048576K
Event: 4.873 GC heap after
Heap after GC invocations=9 (full 1):
 PSYoungGen      total 240640K, used 9629K [0x00000000d5580000, 0x00000000e6480000, 0x0000000100000000)
  eden space 226304K, 0% used [0x00000000d5580000,0x00000000d5580000,0x00000000e3280000)
  from space 14336K, 67% used [0x00000000e4080000,0x00000000e49e7590,0x00000000e4e80000)
  to   space 14336K, 0% used [0x00000000e3280000,0x00000000e3280000,0x00000000e4080000)
 ParOldGen       total 46592K, used 13818K [0x0000000080000000, 0x0000000082d80000, 0x00000000d5580000)
  object space 46592K, 29% used [0x0000000080000000,0x0000000080d7e988,0x0000000082d80000)
 Metaspace       used 33871K, capacity 35336K, committed 35496K, reserved 1079296K
  class space    used 4411K, capacity 4697K, committed 4784K, reserved 1048576K
}
Event: 4.873 GC heap before
{Heap before GC invocations=10 (full 2):
 PSYoungGen      total 240640K, used 9629K [0x00000000d5580000, 0x00000000e6480000, 0x0000000100000000)
  eden space 226304K, 0% used [0x00000000d5580000,0x00000000d5580000,0x00000000e3280000)
  from space 14336K, 67% used [0x00000000e4080000,0x00000000e49e7590,0x00000000e4e80000)
  to   space 14336K, 0% used [0x00000000e3280000,0x00000000e3280000,0x00000000e4080000)
 ParOldGen       total 46592K, used 13818K [0x0000000080000000, 0x0000000082d80000, 0x00000000d5580000)
  object space 46592K, 29% used [0x0000000080000000,0x0000000080d7e988,0x0000000082d80000)
 Metaspace       used 33871K, capacity 35336K, committed 35496K, reserved 1079296K
  class space    used 4411K, capacity 4697K, committed 4784K, reserved 1048576K
Event: 4.934 GC heap after
Heap after GC invocations=10 (full 2):
 PSYoungGen      total 240640K, used 0K [0x00000000d5580000, 0x00000000e6480000, 0x0000000100000000)
  eden space 226304K, 0% used [0x00000000d5580000,0x00000000d5580000,0x00000000e3280000)
  from space 14336K, 0% used [0x00000000e4080000,0x00000000e4080000,0x00000000e4e80000)
  to   space 14336K, 0% used [0x00000000e3280000,0x00000000e3280000,0x00000000e4080000)
 ParOldGen       total 68608K, used 18182K [0x0000000080000000, 0x0000000084300000, 0x00000000d5580000)
  object space 68608K, 26% used [0x0000000080000000,0x00000000811c1948,0x0000000084300000)
 Metaspace       used 33871K, capacity 35336K, committed 35496K, reserved 1079296K
  class space    used 4411K, capacity 4697K, committed 4784K, reserved 1048576K
}
Event: 8.063 GC heap before
{Heap before GC invocations=11 (full 2):
 PSYoungGen      total 240640K, used 226304K [0x00000000d5580000, 0x00000000e6480000, 0x0000000100000000)
  eden space 226304K, 100% used [0x00000000d5580000,0x00000000e3280000,0x00000000e3280000)
  from space 14336K, 0% used [0x00000000e4080000,0x00000000e4080000,0x00000000e4e80000)
  to   space 14336K, 0% used [0x00000000e3280000,0x00000000e3280000,0x00000000e4080000)
 ParOldGen       total 68608K, used 18182K [0x0000000080000000, 0x0000000084300000, 0x00000000d5580000)
  object space 68608K, 26% used [0x0000000080000000,0x00000000811c1948,0x0000000084300000)
 Metaspace       used 43375K, capacity 45542K, committed 45864K, reserved 1089536K
  class space    used 5734K, capacity 6104K, committed 6192K, reserved 1048576K
Event: 8.090 GC heap after
Heap after GC invocations=11 (full 2):
 PSYoungGen      total 240640K, used 14312K [0x00000000d5580000, 0x00000000e6480000, 0x0000000100000000)
  eden space 226304K, 0% used [0x00000000d5580000,0x00000000d5580000,0x00000000e3280000)
  from space 14336K, 99% used [0x00000000e3280000,0x00000000e407a3d8,0x00000000e4080000)
  to   space 14336K, 0% used [0x00000000e4080000,0x00000000e4080000,0x00000000e4e80000)
 ParOldGen       total 68608K, used 19363K [0x0000000080000000, 0x0000000084300000, 0x00000000d5580000)
  object space 68608K, 28% used [0x0000000080000000,0x00000000812e8cb8,0x0000000084300000)
 Metaspace       used 43375K, capacity 45542K, committed 45864K, reserved 1089536K
  class space    used 5734K, capacity 6104K, committed 6192K, reserved 1048576K
}

Deoptimization events (10 events):
Event: 9.379 Thread 0x00000000029f4000 Uncommon trap: reason=bimorphic action=maybe_recompile pc=0x0000000002dbad34 method=java.util.regex.Matcher.match(II)Z @ 86
Event: 9.406 Thread 0x00000000029f4000 Uncommon trap: reason=class_check action=maybe_recompile pc=0x00000000030d1d8c method=java.util.concurrent.ConcurrentHashMap.putVal(Ljava/lang/Object;Ljava/lang/Object;Z)Ljava/lang/Object; @ 192
Event: 9.409 Thread 0x00000000029f4000 Uncommon trap: reason=unstable_if action=reinterpret pc=0x000000000304b144 method=java.util.concurrent.ConcurrentHashMap.get(Ljava/lang/Object;)Ljava/lang/Object; @ 76
Event: 9.409 Thread 0x00000000029f4000 Uncommon trap: reason=class_check action=maybe_recompile pc=0x00000000030d1d8c method=java.util.concurrent.ConcurrentHashMap.putVal(Ljava/lang/Object;Ljava/lang/Object;Z)Ljava/lang/Object; @ 192
Event: 9.409 Thread 0x00000000029f4000 Uncommon trap: reason=class_check action=maybe_recompile pc=0x00000000030d1d8c method=java.util.concurrent.ConcurrentHashMap.putVal(Ljava/lang/Object;Ljava/lang/Object;Z)Ljava/lang/Object; @ 192
Event: 9.409 Thread 0x00000000029f4000 Uncommon trap: reason=class_check action=maybe_recompile pc=0x00000000030d1d8c method=java.util.concurrent.ConcurrentHashMap.putVal(Ljava/lang/Object;Ljava/lang/Object;Z)Ljava/lang/Object; @ 192
Event: 9.424 Thread 0x00000000029f4000 Uncommon trap: reason=class_check action=maybe_recompile pc=0x00000000037f00bc method=java.net.URLStreamHandler.parseURL(Ljava/net/URL;Ljava/lang/String;II)V @ 1189
Event: 9.433 Thread 0x00000000029f4000 Uncommon trap: reason=unstable_if action=reinterpret pc=0x0000000002cb4514 method=java.lang.CharacterDataLatin1.digit(II)I @ 82
Event: 9.758 Thread 0x00000000029f4000 Uncommon trap: reason=class_check action=maybe_recompile pc=0x000000000397221c method=java.util.regex.Matcher.search(I)Z @ 86
Event: 9.758 Thread 0x00000000029f4000 Uncommon trap: reason=class_check action=maybe_recompile pc=0x000000000397221c method=java.util.regex.Matcher.search(I)Z @ 86

Internal exceptions (10 events):
Event: 9.547 Thread 0x000000001ca03800 Exception <a 'java/lang/ClassNotFoundException': org/springframework/web/servlet/theme/FixedThemeResolverCustomizer> (0x00000000ddf1a398) thrown at [C:\re\workspace\8-2-build-windows-amd64-cygwin\jdk8u121\8372\hotspot\src\share\vm\classfile\systemDictiona
Event: 9.548 Thread 0x000000001ca03800 Exception <a 'java/lang/ClassNotFoundException': org/springframework/web/servlet/ThemeResolverCustomizer> (0x00000000ddf37318) thrown at [C:\re\workspace\8-2-build-windows-amd64-cygwin\jdk8u121\8372\hotspot\src\share\vm\classfile\systemDictionary.cpp, lin
Event: 9.551 Thread 0x000000001ca03800 Exception <a 'java/lang/ClassNotFoundException': java/lang/ObjectCustomizer> (0x00000000ddf60768) thrown at [C:\re\workspace\8-2-build-windows-amd64-cygwin\jdk8u121\8372\hotspot\src\share\vm\classfile\systemDictionary.cpp, line 210]
Event: 9.553 Thread 0x000000001ca03800 Exception <a 'java/lang/ClassNotFoundException': org/springframework/web/servlet/view/DefaultRequestToViewNameTranslatorCustomizer> (0x00000000ddf83f40) thrown at [C:\re\workspace\8-2-build-windows-amd64-cygwin\jdk8u121\8372\hotspot\src\share\vm\classfile
Event: 9.554 Thread 0x000000001ca03800 Exception <a 'java/lang/ClassNotFoundException': org/springframework/web/servlet/RequestToViewNameTranslatorCustomizer> (0x00000000ddfb2a98) thrown at [C:\re\workspace\8-2-build-windows-amd64-cygwin\jdk8u121\8372\hotspot\src\share\vm\classfile\systemDicti
Event: 9.563 Thread 0x000000001ca03800 Exception <a 'java/lang/ClassNotFoundException': java/lang/ObjectCustomizer> (0x00000000ddff15f0) thrown at [C:\re\workspace\8-2-build-windows-amd64-cygwin\jdk8u121\8372\hotspot\src\share\vm\classfile\systemDictionary.cpp, line 210]
Event: 9.567 Thread 0x000000001ca03800 Exception <a 'java/lang/ClassNotFoundException': org/springframework/web/servlet/support/AbstractFlashMapManagerCustomizer> (0x00000000de012d28) thrown at [C:\re\workspace\8-2-build-windows-amd64-cygwin\jdk8u121\8372\hotspot\src\share\vm\classfile\systemD
Event: 9.569 Thread 0x000000001ca03800 Exception <a 'java/lang/ClassNotFoundException': org/springframework/web/servlet/support/SessionFlashMapManagerCustomizer> (0x00000000de038308) thrown at [C:\re\workspace\8-2-build-windows-amd64-cygwin\jdk8u121\8372\hotspot\src\share\vm\classfile\systemDi
Event: 9.570 Thread 0x000000001ca03800 Exception <a 'java/lang/ClassNotFoundException': org/springframework/web/servlet/FlashMapManagerCustomizer> (0x00000000de0551b8) thrown at [C:\re\workspace\8-2-build-windows-amd64-cygwin\jdk8u121\8372\hotspot\src\share\vm\classfile\systemDictionary.cpp, l
Event: 9.601 Thread 0x000000001ca03800 Exception <a 'java/lang/NoSuchMethodError': java.lang.Object.lambda$thenComparing$36697e65$1(Ljava/util/Comparator;Ljava/lang/Object;Ljava/lang/Object;)I> (0x00000000de1ac1f8) thrown at [C:\re\workspace\8-2-build-windows-amd64-cygwin\jdk8u121\8372\hotspot

Events (10 events):
Event: 9.791 loading class com/fasterxml/jackson/databind/deser/std/NumberDeserializers$BigDecimalDeserializer
Event: 9.791 loading class com/fasterxml/jackson/databind/deser/std/NumberDeserializers$BigDecimalDeserializer done
Event: 9.791 loading class com/fasterxml/jackson/databind/deser/std/NumberDeserializers$BigIntegerDeserializer
Event: 9.791 loading class com/fasterxml/jackson/databind/deser/std/NumberDeserializers$BigIntegerDeserializer done
Event: 9.792 loading class org/springframework/http/ResponseEntity$DefaultBuilder
Event: 9.792 loading class org/springframework/http/ResponseEntity$DefaultBuilder done
Event: 9.793 loading class org/springframework/util/LinkedCaseInsensitiveMap
Event: 9.793 loading class org/springframework/util/LinkedCaseInsensitiveMap done
Event: 9.793 loading class org/springframework/util/StreamUtils
Event: 9.793 loading class org/springframework/util/StreamUtils done


Dynamic libraries:
0x00007ff601d30000 - 0x00007ff601d67000 	C:\Program Files\Java\jdk1.8.0_121\bin\javaw.exe
0x00007ff89b500000 - 0x00007ff89b6e1000 	C:\WINDOWS\SYSTEM32\ntdll.dll
0x00007ff899100000 - 0x00007ff8991b2000 	C:\WINDOWS\System32\KERNEL32.DLL
0x00007ff8983f0000 - 0x00007ff898663000 	C:\WINDOWS\System32\KERNELBASE.dll
0x00007ff8991c0000 - 0x00007ff899261000 	C:\WINDOWS\System32\ADVAPI32.dll
0x00007ff899e50000 - 0x00007ff899eee000 	C:\WINDOWS\System32\msvcrt.dll
0x00007ff899750000 - 0x00007ff8997ab000 	C:\WINDOWS\System32\sechost.dll
0x00007ff898dc0000 - 0x00007ff898ee4000 	C:\WINDOWS\System32\RPCRT4.dll
0x00007ff898bb0000 - 0x00007ff898d40000 	C:\WINDOWS\System32\USER32.dll
0x00007ff898970000 - 0x00007ff898990000 	C:\WINDOWS\System32\win32u.dll
0x00007ff899cf0000 - 0x00007ff899d18000 	C:\WINDOWS\System32\GDI32.dll
0x00007ff898060000 - 0x00007ff8981f2000 	C:\WINDOWS\System32\gdi32full.dll
0x00007ff898200000 - 0x00007ff89829f000 	C:\WINDOWS\System32\msvcp_win.dll
0x00007ff8982f0000 - 0x00007ff8983ea000 	C:\WINDOWS\System32\ucrtbase.dll
0x00007ff895a50000 - 0x00007ff895cb9000 	C:\WINDOWS\WinSxS\amd64_microsoft.windows.common-controls_6595b64144ccf1df_6.0.17134.228_none_fb4599993062b194\COMCTL32.dll
0x00007ff8997b0000 - 0x00007ff899ad3000 	C:\WINDOWS\System32\combase.dll
0x00007ff897fe0000 - 0x00007ff89805a000 	C:\WINDOWS\System32\bcryptPrimitives.dll
0x00007ff899720000 - 0x00007ff89974d000 	C:\WINDOWS\System32\IMM32.DLL
0x00007ff8976b0000 - 0x00007ff89770d000 	C:\Program Files\Citrix\System32\MfApHook64.dll
0x00007ff896fe0000 - 0x00007ff89700b000 	C:\Program Files\Citrix\ICAService\CtxDodHook64.dll
0x00007ff8975d0000 - 0x00007ff897602000 	C:\Program Files\Citrix\ICAService\picaFullScreenHookX64.dll
0x00007ff896f90000 - 0x00007ff896fde000 	C:\Program Files\Citrix\ICAService\ShellHook64.dll
0x00007ff899fa0000 - 0x00007ff89b3e0000 	C:\WINDOWS\System32\SHELL32.dll
0x00007ff8982a0000 - 0x00007ff8982e9000 	C:\WINDOWS\System32\cfgmgr32.dll
0x00007ff899ef0000 - 0x00007ff899f99000 	C:\WINDOWS\System32\shcore.dll
0x00007ff8978d0000 - 0x00007ff897fdd000 	C:\WINDOWS\System32\windows.storage.dll
0x00007ff899d20000 - 0x00007ff899d71000 	C:\WINDOWS\System32\shlwapi.dll
0x00007ff8978b0000 - 0x00007ff8978c1000 	C:\WINDOWS\System32\kernel.appcore.dll
0x00007ff897890000 - 0x00007ff8978af000 	C:\WINDOWS\System32\profapi.dll
0x00007ff897820000 - 0x00007ff89786c000 	C:\WINDOWS\System32\powrprof.dll
0x00007ff897810000 - 0x00007ff89781a000 	C:\WINDOWS\System32\FLTLIB.DLL
0x00007ff896e10000 - 0x00007ff896f8c000 	C:\Program Files\Citrix\ICAService\SCardHook64.dll
0x00007ff896d70000 - 0x00007ff896d9a000 	C:\Program Files\Citrix\ICAService\cxinjime64.dll
0x00007ff896c60000 - 0x00007ff896ca8000 	C:\Program Files\Citrix\ICAService\PicaWtsHook64.dll
0x0000000070e80000 - 0x0000000070f52000 	C:\Program Files\Java\jdk1.8.0_121\jre\bin\msvcr100.dll
0x00000000705e0000 - 0x0000000070e7b000 	C:\Program Files\Java\jdk1.8.0_121\jre\bin\server\jvm.dll
0x00007ff899ce0000 - 0x00007ff899ce8000 	C:\WINDOWS\System32\PSAPI.DLL
0x00007ff891cf0000 - 0x00007ff891d13000 	C:\WINDOWS\SYSTEM32\WINMM.dll
0x00007ff8974c0000 - 0x00007ff8974ca000 	C:\WINDOWS\SYSTEM32\VERSION.dll
0x00007ff891c30000 - 0x00007ff891c5a000 	C:\WINDOWS\SYSTEM32\WINMMBASE.dll
0x00007ff885520000 - 0x00007ff885529000 	C:\WINDOWS\SYSTEM32\WSOCK32.dll
0x00007ff898d40000 - 0x00007ff898dac000 	C:\WINDOWS\System32\ws2_32.DLL
0x00000000712a0000 - 0x00000000712af000 	C:\Program Files\Java\jdk1.8.0_121\jre\bin\verify.dll
0x0000000071270000 - 0x0000000071299000 	C:\Program Files\Java\jdk1.8.0_121\jre\bin\java.dll
0x0000000071250000 - 0x0000000071266000 	C:\Program Files\Java\jdk1.8.0_121\jre\bin\zip.dll
0x0000000071220000 - 0x000000007123a000 	C:\Program Files\Java\jdk1.8.0_121\jre\bin\net.dll
0x00007ff896550000 - 0x00007ff8965b6000 	C:\WINDOWS\system32\mswsock.dll
0x0000000071140000 - 0x0000000071151000 	C:\Program Files\Java\jdk1.8.0_121\jre\bin\nio.dll
0x0000000071240000 - 0x000000007124d000 	C:\Program Files\Java\jdk1.8.0_121\jre\bin\management.dll
0x00007ff88b0f0000 - 0x00007ff88b106000 	C:\WINDOWS\system32\napinsp.dll
0x00007ff88b110000 - 0x00007ff88b12a000 	C:\WINDOWS\system32\pnrpnsp.dll
0x00007ff893120000 - 0x00007ff893139000 	C:\WINDOWS\system32\NLAapi.dll
0x00007ff896320000 - 0x00007ff8963de000 	C:\WINDOWS\SYSTEM32\DNSAPI.dll
0x00007ff8990f0000 - 0x00007ff8990f8000 	C:\WINDOWS\System32\NSI.dll
0x00007ff8962e0000 - 0x00007ff896318000 	C:\WINDOWS\SYSTEM32\IPHLPAPI.DLL
0x00007ff88b130000 - 0x00007ff88b13e000 	C:\WINDOWS\System32\winrnr.dll
0x00007ff88e550000 - 0x00007ff88e55a000 	C:\Windows\System32\rasadhlp.dll
0x00007ff8909d0000 - 0x00007ff890a42000 	C:\WINDOWS\System32\fwpuclnt.dll
0x00007ff897080000 - 0x00007ff8970a5000 	C:\WINDOWS\SYSTEM32\bcrypt.dll
0x00007ff896700000 - 0x00007ff896717000 	C:\WINDOWS\SYSTEM32\CRYPTSP.dll
0x00007ff8960e0000 - 0x00007ff896113000 	C:\WINDOWS\system32\rsaenh.dll
0x00007ff897710000 - 0x00007ff897738000 	C:\WINDOWS\SYSTEM32\USERENV.dll
0x00007ff896720000 - 0x00007ff89672b000 	C:\WINDOWS\SYSTEM32\CRYPTBASE.dll
0x00007ff8905b0000 - 0x00007ff8905c6000 	C:\WINDOWS\SYSTEM32\dhcpcsvc6.DLL
0x00007ff890530000 - 0x00007ff89054a000 	C:\WINDOWS\SYSTEM32\dhcpcsvc.DLL
0x00000000705b0000 - 0x00000000705d4000 	C:\Program Files\Java\jdk1.8.0_121\jre\bin\sunec.dll

VM Arguments:
jvm_args: -ea -Dfile.encoding=UTF-8 
java_command: org.eclipse.jdt.internal.junit.runner.RemoteTestRunner -version 3 -port 51217 -testLoaderClass org.eclipse.jdt.internal.junit4.runner.JUnit4TestLoader -loaderpluginname org.eclipse.jdt.junit4.runtime -classNames com.capgemini.annapurna.restaurant.test.resource.RestaurantResourceSpringBootTest
java_class_path (initial): C:\Ujwala_Gawari\Annapurna-Project\Restaurant\Restaurant\target\test-classes;C:\Ujwala_Gawari\Annapurna-Project\Restaurant\Restaurant\target\classes;C:\Users\ugawari\.m2\repository\org\springframework\boot\spring-boot-starter-data-mongodb\2.1.2.RELEASE\spring-boot-starter-data-mongodb-2.1.2.RELEASE.jar;C:\Users\ugawari\.m2\repository\org\springframework\boot\spring-boot-starter\2.1.2.RELEASE\spring-boot-starter-2.1.2.RELEASE.jar;C:\Users\ugawari\.m2\repository\org\springframework\boot\spring-boot-starter-logging\2.1.2.RELEASE\spring-boot-starter-logging-2.1.2.RELEASE.jar;C:\Users\ugawari\.m2\repository\ch\qos\logback\logback-classic\1.2.3\logback-classic-1.2.3.jar;C:\Users\ugawari\.m2\repository\ch\qos\logback\logback-core\1.2.3\logback-core-1.2.3.jar;C:\Users\ugawari\.m2\repository\org\apache\logging\log4j\log4j-to-slf4j\2.11.1\log4j-to-slf4j-2.11.1.jar;C:\Users\ugawari\.m2\repository\org\apache\logging\log4j\log4j-api\2.11.1\log4j-api-2.11.1.jar;C:\Users\ugawari\.m2\repository\org\slf4j\jul-to-slf4j\1.7.25\jul-to-slf4j-1.7.25.jar;C:\Users\ugawari\.m2\repository\javax\annotation\javax.annotation-api\1.3.2\javax.annotation-api-1.3.2.jar;C:\Users\ugawari\.m2\repository\org\yaml\snakeyaml\1.23\snakeyaml-1.23.jar;C:\Users\ugawari\.m2\repository\org\mongodb\mongodb-driver\3.8.2\mongodb-driver-3.8.2.jar;C:\Users\ugawari\.m2\repository\org\mongodb\bson\3.8.2\bson-3.8.2.jar;C:\Users\ugawari\.m2\repository\org\mongodb\mongodb-driver-core\3.8.2\mongodb-driver-core-3.8.2.jar;C:\Users\ugawari\.m2\repository\org\springframework\data\spring-data-mongodb\2.1.4.RELEASE\spring-data-mongodb-2.1.4.RELEASE.jar;C:\Users\ugawari\.m2\repository\org\springframework\spring-tx\5.1.4.RELEASE\spring-tx-5.1.4.RELEASE.jar;C:\Users\ugawari\.m2\repository\org\springframework\spring-context\5.1.4.RELEASE\spring-context-5.1.4.RELEASE.jar;C:\Users\ugawari\.m2\repository\org\springframework\spring-beans\5.1.4.RELEASE\spring-beans-5.1.4.RELEASE.jar;C:\Users\ugawari\.m2\rep
Launcher Type: SUN_STANDARD

Environment Variables:
PATH=C:/Program Files/Java/jre1.8.0_121/bin/server;C:/Program Files/Java/jre1.8.0_121/bin;C:/Program Files/Java/jre1.8.0_121/lib/amd64;C:\Python34\;C:\Python34\Scripts;C:\oraclexe\app\oracle\product\11.2.0\server\bin;C:\ProgramData\Oracle\Java\javapath;C:\WINDOWS\system32;C:\WINDOWS;C:\WINDOWS\System32\Wbem;C:\WINDOWS\System32\WindowsPowerShell\v1.0\;C:\Program Files\TortoiseSVN\bin;C:\Program Files\nodejs\;C:\Program Files\Git\cmd;C:\Program Files (x86)\Microsoft SQL Server\110\Tools\Binn\ManagementStudio\;C:\Program Files (x86)\Microsoft SQL Server\110\Tools\Binn\;C:\Program Files (x86)\Microsoft SQL Server\110\DTS\Binn\;C:\Program Files\Citrix\System32\;C:\Program Files\Citrix\ICAService\;C:\WINDOWS\System32\OpenSSH\;C:\Users\ugawari\AppData\Local\Microsoft\WindowsApps;;C:\SOFTWARES\sts-bundle\sts-3.9.7.RELEASE;
USERNAME=ugawari
OS=Windows_NT
PROCESSOR_IDENTIFIER=Intel64 Family 15 Model 6 Stepping 1, GenuineIntel



---------------  S Y S T E M  ---------------

OS: Windows 10.0 , 64 bit Build 17134 (10.0.17134.1)

CPU:total 4 (2 cores per cpu, 1 threads per core) family 15 model 6 stepping 1, cmov, cx8, fxsr, mmx, sse, sse2, sse3, ssse3, sse4.1, sse4.2, popcnt, avx, avx2, aes, clmul, erms, rtm, 3dnowpref, lzcnt, tsc, bmi1, bmi2, adx

Memory: 4k page, physical 8388056k(929164k free), swap 18697820k(5560k free)

vm_info: Java HotSpot(TM) 64-Bit Server VM (25.121-b13) for windows-amd64 JRE (1.8.0_121-b13), built on Dec 12 2016 18:21:36 by "java_re" with MS VC++ 10.0 (VS2010)

time: Tue Feb 05 18:46:44 2019
elapsed time: 9 seconds (0d 0h 0m 9s)

