#
# There is insufficient memory for the Java Runtime Environment to continue.
# Native memory allocation (malloc) failed to allocate 672496 bytes for Chunk::new
# Possible reasons:
#   The system is out of physical RAM or swap space
#   In 32 bit mode, the process size limit was hit
# Possible solutions:
#   Reduce memory load on the system
#   Increase physical memory or swap space
#   Check if swap backing store is full
#   Use 64 bit Java on a 64 bit OS
#   Decrease Java heap size (-Xmx/-Xms)
#   Decrease number of Java threads
#   Decrease Java thread stack sizes (-Xss)
#   Set larger code cache with -XX:ReservedCodeCacheSize=
# This output file may be truncated or incomplete.
#
#  Out of Memory Error (allocation.cpp:390), pid=15844, tid=0x0000000000008074
#
# JRE version: Java(TM) SE Runtime Environment (8.0_121-b13) (build 1.8.0_121-b13)
# Java VM: Java HotSpot(TM) 64-Bit Server VM (25.121-b13 mixed mode windows-amd64 compressed oops)
# Failed to write core dump. Minidumps are not enabled by default on client versions of Windows
#

---------------  T H R E A D  ---------------

Current thread (0x0000000017593800):  JavaThread "C2 CompilerThread0" daemon [_thread_in_native, id=32884, stack(0x0000000018bd0000,0x0000000018cd0000)]

Stack: [0x0000000018bd0000,0x0000000018cd0000]
[error occurred during error reporting (printing stack bounds), id 0xc0000005]

Native frames: (J=compiled Java code, j=interpreted, Vv=VM code, C=native code)


Current CompileTask:
C2:   7456 4421       4       org.springframework.core.ResolvableType::resolveClass (73 bytes)


---------------  P R O C E S S  ---------------

Java Threads: ( => current thread )
  0x000000001a5d1000 JavaThread "SimplePauseDetectorThread_0" daemon [_thread_blocked, id=34660, stack(0x0000000020270000,0x0000000020370000)]
  0x000000001d194800 JavaThread "Thread-3" daemon [_thread_blocked, id=16364, stack(0x0000000020170000,0x0000000020270000)]
  0x000000001c447000 JavaThread "CleanCursors-1-thread-1" daemon [_thread_blocked, id=20452, stack(0x000000001fd70000,0x000000001fe70000)]
  0x000000001c446800 JavaThread "cluster-ClusterId{value='5c595dd50786f43de4cef7f0', description='null'}-localhost:27017" daemon [_thread_blocked, id=29692, stack(0x000000001f850000,0x000000001f950000)]
  0x00000000195f6800 JavaThread "ReaderThread" [_thread_in_native, id=26164, stack(0x0000000019dd0000,0x0000000019ed0000)]
  0x0000000018f18800 JavaThread "Service Thread" daemon [_thread_blocked, id=18124, stack(0x00000000192d0000,0x00000000193d0000)]
  0x000000001759e800 JavaThread "C1 CompilerThread2" daemon [_thread_blocked, id=27864, stack(0x0000000018dd0000,0x0000000018ed0000)]
  0x0000000017599000 JavaThread "C2 CompilerThread1" daemon [_thread_in_native, id=27308, stack(0x0000000018cd0000,0x0000000018dd0000)]
=>0x0000000017593800 JavaThread "C2 CompilerThread0" daemon [_thread_in_native, id=32884, stack(0x0000000018bd0000,0x0000000018cd0000)]
  0x0000000017592000 JavaThread "Attach Listener" daemon [_thread_blocked, id=37092, stack(0x0000000018ad0000,0x0000000018bd0000)]
  0x0000000017591000 JavaThread "Signal Dispatcher" daemon [_thread_blocked, id=3776, stack(0x00000000189d0000,0x0000000018ad0000)]
  0x000000000296e800 JavaThread "Finalizer" daemon [_thread_blocked, id=10100, stack(0x00000000187e0000,0x00000000188e0000)]
  0x0000000002965800 JavaThread "Reference Handler" daemon [_thread_blocked, id=10584, stack(0x00000000186e0000,0x00000000187e0000)]
  0x0000000002874000 JavaThread "main" [_thread_in_vm, id=25796, stack(0x0000000002770000,0x0000000002870000)]

Other Threads:
  0x0000000017557800 VMThread [stack: 0x00000000185e0000,0x00000000186e0000] [id=17368]
  0x0000000018f34800 WatcherThread [stack: 0x00000000193d0000,0x00000000194d0000] [id=28080]

VM state:not at safepoint (normal execution)

VM Mutex/Monitor currently owned by a thread: None

Heap:
 PSYoungGen      total 140288K, used 50313K [0x00000000d5580000, 0x00000000e2180000, 0x0000000100000000)
  eden space 131072K, 31% used [0x00000000d5580000,0x00000000d7da4a30,0x00000000dd580000)
  from space 9216K, 99% used [0x00000000dd580000,0x00000000dde7dad0,0x00000000dde80000)
  to   space 14848K, 0% used [0x00000000e1300000,0x00000000e1300000,0x00000000e2180000)
 ParOldGen       total 68608K, used 18470K [0x0000000080000000, 0x0000000084300000, 0x00000000d5580000)
  object space 68608K, 26% used [0x0000000080000000,0x0000000081209960,0x0000000084300000)
 Metaspace       used 42105K, capacity 44176K, committed 44376K, reserved 1087488K
  class space    used 5548K, capacity 5929K, committed 6016K, reserved 1048576K

Card table byte_map: [0x0000000011d30000,0x0000000012140000] byte_map_base: 0x0000000011930000

Marking Bits: (ParMarkBitMap*) 0x0000000070dfb6d0
 Begin Bits: [0x00000000127f0000, 0x00000000147f0000)
 End Bits:   [0x00000000147f0000, 0x00000000167f0000)

Polling page: 0x0000000002690000

CodeCache: size=245760Kb used=13539Kb max_used=14634Kb free=232220Kb
 bounds [0x0000000002970000, 0x00000000037d0000, 0x0000000011970000]
 total_blobs=4297 nmethods=3849 adapters=360
 compilation: enabled

Compilation events (10 events):
Event: 7.425 Thread 0x000000001759e800 4434       3       org.springframework.util.ClassUtils::isAssignableValue (34 bytes)
Event: 7.426 Thread 0x000000001759e800 nmethod 4434 0x0000000002cd5ad0 code [0x0000000002cd5c80, 0x0000000002cd6148]
Event: 7.426 Thread 0x000000001759e800 4433       1       java.util.concurrent.atomic.AtomicReference::get (5 bytes)
Event: 7.426 Thread 0x000000001759e800 nmethod 4433 0x0000000002e13150 code [0x0000000002e132a0, 0x0000000002e133b0]
Event: 7.426 Thread 0x000000001759e800 4435       3       org.springframework.cglib.reflect.FastClassEmitter::getIntRange (23 bytes)
Event: 7.426 Thread 0x000000001759e800 nmethod 4435 0x0000000002e1e990 code [0x0000000002e1eb00, 0x0000000002e1ed70]
Event: 7.432 Thread 0x000000001759e800 4436       3       java.beans.FeatureDescriptor::<init> (137 bytes)
Event: 7.434 Thread 0x000000001759e800 nmethod 4436 0x0000000002fa0e10 code [0x0000000002fa1060, 0x0000000002fa20f8]
Event: 7.434 Thread 0x000000001759e800 4437       3       org.springframework.core.ResolvableType::calculateHashCode (80 bytes)
Event: 7.434 Thread 0x000000001759e800 nmethod 4437 0x0000000002cd52d0 code [0x0000000002cd5480, 0x0000000002cd5918]

GC Heap History (10 events):
Event: 3.074 GC heap before
{Heap before GC invocations=7 (full 1):
 PSYoungGen      total 71680K, used 66560K [0x00000000d5580000, 0x00000000de880000, 0x0000000100000000)
  eden space 66560K, 100% used [0x00000000d5580000,0x00000000d9680000,0x00000000d9680000)
  from space 5120K, 0% used [0x00000000d9680000,0x00000000d9680000,0x00000000d9b80000)
  to   space 8704K, 0% used [0x00000000de000000,0x00000000de000000,0x00000000de880000)
 ParOldGen       total 46592K, used 5349K [0x0000000080000000, 0x0000000082d80000, 0x00000000d5580000)
  object space 46592K, 11% used [0x0000000080000000,0x0000000080539738,0x0000000082d80000)
 Metaspace       used 25564K, capacity 26286K, committed 26624K, reserved 1073152K
  class space    used 3291K, capacity 3478K, committed 3584K, reserved 1048576K
Event: 3.087 GC heap after
Heap after GC invocations=7 (full 1):
 PSYoungGen      total 130560K, used 7348K [0x00000000d5580000, 0x00000000de780000, 0x0000000100000000)
  eden space 122880K, 0% used [0x00000000d5580000,0x00000000d5580000,0x00000000dcd80000)
  from space 7680K, 95% used [0x00000000de000000,0x00000000de72d130,0x00000000de780000)
  to   space 9216K, 0% used [0x00000000dd580000,0x00000000dd580000,0x00000000dde80000)
 ParOldGen       total 46592K, used 5421K [0x0000000080000000, 0x0000000082d80000, 0x00000000d5580000)
  object space 46592K, 11% used [0x0000000080000000,0x000000008054b748,0x0000000082d80000)
 Metaspace       used 25564K, capacity 26286K, committed 26624K, reserved 1073152K
  class space    used 3291K, capacity 3478K, committed 3584K, reserved 1048576K
}
Event: 4.919 GC heap before
{Heap before GC invocations=8 (full 1):
 PSYoungGen      total 130560K, used 130228K [0x00000000d5580000, 0x00000000de780000, 0x0000000100000000)
  eden space 122880K, 100% used [0x00000000d5580000,0x00000000dcd80000,0x00000000dcd80000)
  from space 7680K, 95% used [0x00000000de000000,0x00000000de72d130,0x00000000de780000)
  to   space 9216K, 0% used [0x00000000dd580000,0x00000000dd580000,0x00000000dde80000)
 ParOldGen       total 46592K, used 5421K [0x0000000080000000, 0x0000000082d80000, 0x00000000d5580000)
  object space 46592K, 11% used [0x0000000080000000,0x000000008054b748,0x0000000082d80000)
 Metaspace       used 33748K, capacity 35264K, committed 35416K, reserved 1079296K
  class space    used 4390K, capacity 4695K, committed 4736K, reserved 1048576K
Event: 4.973 GC heap after
Heap after GC invocations=8 (full 1):
 PSYoungGen      total 132096K, used 9188K [0x00000000d5580000, 0x00000000de780000, 0x0000000100000000)
  eden space 122880K, 0% used [0x00000000d5580000,0x00000000d5580000,0x00000000dcd80000)
  from space 9216K, 99% used [0x00000000dd580000,0x00000000dde790a0,0x00000000dde80000)
  to   space 7680K, 0% used [0x00000000de000000,0x00000000de000000,0x00000000de780000)
 ParOldGen       total 46592K, used 13907K [0x0000000080000000, 0x0000000082d80000, 0x00000000d5580000)
  object space 46592K, 29% used [0x0000000080000000,0x0000000080d94fb0,0x0000000082d80000)
 Metaspace       used 33748K, capacity 35264K, committed 35416K, reserved 1079296K
  class space    used 4390K, capacity 4695K, committed 4736K, reserved 1048576K
}
Event: 5.026 GC heap before
{Heap before GC invocations=9 (full 1):
 PSYoungGen      total 132096K, used 11232K [0x00000000d5580000, 0x00000000de780000, 0x0000000100000000)
  eden space 122880K, 1% used [0x00000000d5580000,0x00000000d577efa8,0x00000000dcd80000)
  from space 9216K, 99% used [0x00000000dd580000,0x00000000dde790a0,0x00000000dde80000)
  to   space 7680K, 0% used [0x00000000de000000,0x00000000de000000,0x00000000de780000)
 ParOldGen       total 46592K, used 13907K [0x0000000080000000, 0x0000000082d80000, 0x00000000d5580000)
  object space 46592K, 29% used [0x0000000080000000,0x0000000080d94fb0,0x0000000082d80000)
 Metaspace       used 33877K, capacity 35340K, committed 35416K, reserved 1079296K
  class space    used 4404K, capacity 4697K, committed 4736K, reserved 1048576K
Event: 5.040 GC heap after
Heap after GC invocations=9 (full 1):
 PSYoungGen      total 130560K, used 7667K [0x00000000d5580000, 0x00000000de780000, 0x0000000100000000)
  eden space 122880K, 0% used [0x00000000d5580000,0x00000000d5580000,0x00000000dcd80000)
  from space 7680K, 99% used [0x00000000de000000,0x00000000de77cc50,0x00000000de780000)
  to   space 9216K, 0% used [0x00000000dd580000,0x00000000dd580000,0x00000000dde80000)
 ParOldGen       total 46592K, used 15598K [0x0000000080000000, 0x0000000082d80000, 0x00000000d5580000)
  object space 46592K, 33% used [0x0000000080000000,0x0000000080f3ba30,0x0000000082d80000)
 Metaspace       used 33877K, capacity 35340K, committed 35416K, reserved 1079296K
  class space    used 4404K, capacity 4697K, committed 4736K, reserved 1048576K
}
Event: 5.040 GC heap before
{Heap before GC invocations=10 (full 2):
 PSYoungGen      total 130560K, used 7667K [0x00000000d5580000, 0x00000000de780000, 0x0000000100000000)
  eden space 122880K, 0% used [0x00000000d5580000,0x00000000d5580000,0x00000000dcd80000)
  from space 7680K, 99% used [0x00000000de000000,0x00000000de77cc50,0x00000000de780000)
  to   space 9216K, 0% used [0x00000000dd580000,0x00000000dd580000,0x00000000dde80000)
 ParOldGen       total 46592K, used 15598K [0x0000000080000000, 0x0000000082d80000, 0x00000000d5580000)
  object space 46592K, 33% used [0x0000000080000000,0x0000000080f3ba30,0x0000000082d80000)
 Metaspace       used 33877K, capacity 35340K, committed 35416K, reserved 1079296K
  class space    used 4404K, capacity 4697K, committed 4736K, reserved 1048576K
Event: 5.127 GC heap after
Heap after GC invocations=10 (full 2):
 PSYoungGen      total 130560K, used 0K [0x00000000d5580000, 0x00000000de780000, 0x0000000100000000)
  eden space 122880K, 0% used [0x00000000d5580000,0x00000000d5580000,0x00000000dcd80000)
  from space 7680K, 0% used [0x00000000de000000,0x00000000de000000,0x00000000de780000)
  to   space 9216K, 0% used [0x00000000dd580000,0x00000000dd580000,0x00000000dde80000)
 ParOldGen       total 68608K, used 17005K [0x0000000080000000, 0x0000000084300000, 0x00000000d5580000)
  object space 68608K, 24% used [0x0000000080000000,0x000000008109b638,0x0000000084300000)
 Metaspace       used 33877K, capacity 35340K, committed 35416K, reserved 1079296K
  class space    used 4404K, capacity 4697K, committed 4736K, reserved 1048576K
}
Event: 7.044 GC heap before
{Heap before GC invocations=11 (full 2):
 PSYoungGen      total 130560K, used 122880K [0x00000000d5580000, 0x00000000de780000, 0x0000000100000000)
  eden space 122880K, 100% used [0x00000000d5580000,0x00000000dcd80000,0x00000000dcd80000)
  from space 7680K, 0% used [0x00000000de000000,0x00000000de000000,0x00000000de780000)
  to   space 9216K, 0% used [0x00000000dd580000,0x00000000dd580000,0x00000000dde80000)
 ParOldGen       total 68608K, used 17005K [0x0000000080000000, 0x0000000084300000, 0x00000000d5580000)
  object space 68608K, 24% used [0x0000000080000000,0x000000008109b638,0x0000000084300000)
 Metaspace       used 41462K, capacity 43562K, committed 43736K, reserved 1087488K
  class space    used 5456K, capacity 5842K, committed 5888K, reserved 1048576K
Event: 7.061 GC heap after
Heap after GC invocations=11 (full 2):
 PSYoungGen      total 140288K, used 9206K [0x00000000d5580000, 0x00000000e2180000, 0x0000000100000000)
  eden space 131072K, 0% used [0x00000000d5580000,0x00000000d5580000,0x00000000dd580000)
  from space 9216K, 99% used [0x00000000dd580000,0x00000000dde7dad0,0x00000000dde80000)
  to   space 14848K, 0% used [0x00000000e1300000,0x00000000e1300000,0x00000000e2180000)
 ParOldGen       total 68608K, used 18470K [0x0000000080000000, 0x0000000084300000, 0x00000000d5580000)
  object space 68608K, 26% used [0x0000000080000000,0x0000000081209960,0x0000000084300000)
 Metaspace       used 41462K, capacity 43562K, committed 43736K, reserved 1087488K
  class space    used 5456K, capacity 5842K, committed 5888K, reserved 1048576K
}

Deoptimization events (10 events):
Event: 6.525 Thread 0x0000000002874000 Uncommon trap: reason=class_check action=maybe_recompile pc=0x0000000002bad7e4 method=java.io.DataInputStream.readChar()C @ 4
Event: 6.525 Thread 0x0000000002874000 Uncommon trap: reason=class_check action=maybe_recompile pc=0x0000000002bad7e4 method=java.io.DataInputStream.readChar()C @ 4
Event: 6.667 Thread 0x0000000002874000 Uncommon trap: reason=unstable_if action=reinterpret pc=0x0000000002e02b4c method=org.springframework.util.ConcurrentReferenceHashMap$Segment.restructureIfNecessary(Z)V @ 33
Event: 6.708 Thread 0x0000000002874000 Uncommon trap: reason=class_check action=maybe_recompile pc=0x00000000036d09dc method=org.springframework.core.annotation.AnnotationUtils.hasPlainJavaAnnotationsOnly(Ljava/lang/Object;)Z @ 16
Event: 6.710 Thread 0x0000000002874000 Uncommon trap: reason=class_check action=maybe_recompile pc=0x00000000036d09dc method=org.springframework.core.annotation.AnnotationUtils.hasPlainJavaAnnotationsOnly(Ljava/lang/Object;)Z @ 16
Event: 6.710 Thread 0x0000000002874000 Uncommon trap: reason=class_check action=maybe_recompile pc=0x00000000036d09dc method=org.springframework.core.annotation.AnnotationUtils.hasPlainJavaAnnotationsOnly(Ljava/lang/Object;)Z @ 16
Event: 6.710 Thread 0x0000000002874000 Uncommon trap: reason=class_check action=maybe_recompile pc=0x00000000036d09dc method=org.springframework.core.annotation.AnnotationUtils.hasPlainJavaAnnotationsOnly(Ljava/lang/Object;)Z @ 16
Event: 6.777 Thread 0x0000000002874000 Uncommon trap: reason=unstable_if action=reinterpret pc=0x000000000353526c method=java.lang.Class$MethodArray.addIfNotPresent(Ljava/lang/reflect/Method;)V @ 19
Event: 6.806 Thread 0x0000000002874000 Uncommon trap: reason=unstable_if action=reinterpret pc=0x00000000033dbe14 method=org.springframework.util.ConcurrentReferenceHashMap$Segment.clear()V @ 4
Event: 7.211 Thread 0x0000000002874000 Uncommon trap: reason=unstable_if action=reinterpret pc=0x0000000002f6a89c method=java.util.LinkedHashMap.afterNodeInsertion(Z)V @ 18

Internal exceptions (10 events):
Event: 7.413 Thread 0x0000000002874000 Exception <a 'java/lang/ClassNotFoundException': org/springframework/beans/factory/AwareCustomizer> (0x00000000d78350f8) thrown at [C:\re\workspace\8-2-build-windows-amd64-cygwin\jdk8u121\8372\hotspot\src\share\vm\classfile\systemDictionary.cpp, line 210]
Event: 7.417 Thread 0x0000000002874000 Exception <a 'java/lang/ClassNotFoundException': java/lang/ObjectCustomizer> (0x00000000d785d950) thrown at [C:\re\workspace\8-2-build-windows-amd64-cygwin\jdk8u121\8372\hotspot\src\share\vm\classfile\systemDictionary.cpp, line 210]
Event: 7.419 Thread 0x0000000002874000 Exception <a 'java/lang/ClassNotFoundException': org/springframework/boot/actuate/autoconfigure/trace/http/HttpTracePropertiesCustomizer> (0x00000000d7884d08) thrown at [C:\re\workspace\8-2-build-windows-amd64-cygwin\jdk8u121\8372\hotspot\src\share\vm\cla
Event: 7.423 Thread 0x0000000002874000 Exception <a 'java/lang/ClassNotFoundException': java/lang/ObjectCustomizer> (0x00000000d78b8400) thrown at [C:\re\workspace\8-2-build-windows-amd64-cygwin\jdk8u121\8372\hotspot\src\share\vm\classfile\systemDictionary.cpp, line 210]
Event: 7.425 Thread 0x0000000002874000 Exception <a 'java/lang/ClassNotFoundException': org/springframework/boot/actuate/trace/http/HttpExchangeTracerCustomizer> (0x00000000d78db620) thrown at [C:\re\workspace\8-2-build-windows-amd64-cygwin\jdk8u121\8372\hotspot\src\share\vm\classfile\systemDi
Event: 7.429 Thread 0x0000000002874000 Exception <a 'java/lang/ClassNotFoundException': java/lang/ObjectCustomizer> (0x00000000d7948a08) thrown at [C:\re\workspace\8-2-build-windows-amd64-cygwin\jdk8u121\8372\hotspot\src\share\vm\classfile\systemDictionary.cpp, line 210]
Event: 7.429 Thread 0x0000000002874000 Exception <a 'java/lang/ClassNotFoundException': org/springframework/web/filter/GenericFilterBeanCustomizer> (0x00000000d7967838) thrown at [C:\re\workspace\8-2-build-windows-amd64-cygwin\jdk8u121\8372\hotspot\src\share\vm\classfile\systemDictionary.cpp, 
Event: 7.430 Thread 0x0000000002874000 Exception <a 'java/lang/ClassNotFoundException': org/springframework/web/filter/OncePerRequestFilterCustomizer> (0x00000000d798abc0) thrown at [C:\re\workspace\8-2-build-windows-amd64-cygwin\jdk8u121\8372\hotspot\src\share\vm\classfile\systemDictionary.cp
Event: 7.432 Thread 0x0000000002874000 Exception <a 'java/lang/ClassNotFoundException': org/springframework/boot/actuate/web/trace/servlet/HttpTraceFilterCustomizer> (0x00000000d79ad148) thrown at [C:\re\workspace\8-2-build-windows-amd64-cygwin\jdk8u121\8372\hotspot\src\share\vm\classfile\syst
Event: 7.435 Thread 0x0000000002874000 Exception <a 'java/lang/ClassNotFoundException': org/springframework/core/OrderedCustomizer> (0x00000000d79cc7f8) thrown at [C:\re\workspace\8-2-build-windows-amd64-cygwin\jdk8u121\8372\hotspot\src\share\vm\classfile\systemDictionary.cpp, line 210]

Events (10 events):
Event: 7.432 loading class org/springframework/boot/actuate/web/trace/servlet/HttpTraceFilterCustomizer
Event: 7.432 loading class org/springframework/boot/actuate/web/trace/servlet/HttpTraceFilterCustomizer done
Event: 7.433 loading class org/springframework/core/OrderedCustomizer
Event: 7.433 loading class org/springframework/core/OrderedCustomizer done
Event: 7.434 loading class org/springframework/core/OrderedCustomizer
Event: 7.434 loading class org/springframework/core/OrderedCustomizer done
Event: 7.435 loading class org/springframework/core/OrderedCustomizer
Event: 7.435 loading class org/springframework/core/OrderedCustomizer done
Event: 7.435 loading class javax/servlet/FilterCustomizer
Event: 7.435 loading class javax/servlet/FilterCustomizer done


Dynamic libraries:
0x00007ff601d30000 - 0x00007ff601d67000 	C:\Program Files\Java\jdk1.8.0_121\bin\javaw.exe
0x00007ff89b500000 - 0x00007ff89b6e1000 	C:\WINDOWS\SYSTEM32\ntdll.dll
0x00007ff899100000 - 0x00007ff8991b2000 	C:\WINDOWS\System32\KERNEL32.DLL
0x00007ff8983f0000 - 0x00007ff898663000 	C:\WINDOWS\System32\KERNELBASE.dll
0x00007ff8991c0000 - 0x00007ff899261000 	C:\WINDOWS\System32\ADVAPI32.dll
0x00007ff899e50000 - 0x00007ff899eee000 	C:\WINDOWS\System32\msvcrt.dll
0x00007ff899750000 - 0x00007ff8997ab000 	C:\WINDOWS\System32\sechost.dll
0x00007ff898dc0000 - 0x00007ff898ee4000 	C:\WINDOWS\System32\RPCRT4.dll
0x00007ff898bb0000 - 0x00007ff898d40000 	C:\WINDOWS\System32\USER32.dll
0x00007ff898970000 - 0x00007ff898990000 	C:\WINDOWS\System32\win32u.dll
0x00007ff899cf0000 - 0x00007ff899d18000 	C:\WINDOWS\System32\GDI32.dll
0x00007ff898060000 - 0x00007ff8981f2000 	C:\WINDOWS\System32\gdi32full.dll
0x00007ff898200000 - 0x00007ff89829f000 	C:\WINDOWS\System32\msvcp_win.dll
0x00007ff8982f0000 - 0x00007ff8983ea000 	C:\WINDOWS\System32\ucrtbase.dll
0x00007ff895a50000 - 0x00007ff895cb9000 	C:\WINDOWS\WinSxS\amd64_microsoft.windows.common-controls_6595b64144ccf1df_6.0.17134.228_none_fb4599993062b194\COMCTL32.dll
0x00007ff8997b0000 - 0x00007ff899ad3000 	C:\WINDOWS\System32\combase.dll
0x00007ff897fe0000 - 0x00007ff89805a000 	C:\WINDOWS\System32\bcryptPrimitives.dll
0x00007ff899720000 - 0x00007ff89974d000 	C:\WINDOWS\System32\IMM32.DLL
0x00007ff8976b0000 - 0x00007ff89770d000 	C:\Program Files\Citrix\System32\MfApHook64.dll
0x00007ff896fe0000 - 0x00007ff89700b000 	C:\Program Files\Citrix\ICAService\CtxDodHook64.dll
0x00007ff8975d0000 - 0x00007ff897602000 	C:\Program Files\Citrix\ICAService\picaFullScreenHookX64.dll
0x00007ff896f90000 - 0x00007ff896fde000 	C:\Program Files\Citrix\ICAService\ShellHook64.dll
0x00007ff899fa0000 - 0x00007ff89b3e0000 	C:\WINDOWS\System32\SHELL32.dll
0x00007ff8982a0000 - 0x00007ff8982e9000 	C:\WINDOWS\System32\cfgmgr32.dll
0x00007ff899ef0000 - 0x00007ff899f99000 	C:\WINDOWS\System32\shcore.dll
0x00007ff8978d0000 - 0x00007ff897fdd000 	C:\WINDOWS\System32\windows.storage.dll
0x00007ff899d20000 - 0x00007ff899d71000 	C:\WINDOWS\System32\shlwapi.dll
0x00007ff8978b0000 - 0x00007ff8978c1000 	C:\WINDOWS\System32\kernel.appcore.dll
0x00007ff897890000 - 0x00007ff8978af000 	C:\WINDOWS\System32\profapi.dll
0x00007ff897820000 - 0x00007ff89786c000 	C:\WINDOWS\System32\powrprof.dll
0x00007ff897810000 - 0x00007ff89781a000 	C:\WINDOWS\System32\FLTLIB.DLL
0x00007ff896e10000 - 0x00007ff896f8c000 	C:\Program Files\Citrix\ICAService\SCardHook64.dll
0x00007ff896d70000 - 0x00007ff896d9a000 	C:\Program Files\Citrix\ICAService\cxinjime64.dll
0x00007ff896c60000 - 0x00007ff896ca8000 	C:\Program Files\Citrix\ICAService\PicaWtsHook64.dll
0x0000000070e80000 - 0x0000000070f52000 	C:\Program Files\Java\jdk1.8.0_121\jre\bin\msvcr100.dll
0x00000000705e0000 - 0x0000000070e7b000 	C:\Program Files\Java\jdk1.8.0_121\jre\bin\server\jvm.dll
0x00007ff899ce0000 - 0x00007ff899ce8000 	C:\WINDOWS\System32\PSAPI.DLL
0x00007ff891cf0000 - 0x00007ff891d13000 	C:\WINDOWS\SYSTEM32\WINMM.dll
0x00007ff8974c0000 - 0x00007ff8974ca000 	C:\WINDOWS\SYSTEM32\VERSION.dll
0x00007ff885520000 - 0x00007ff885529000 	C:\WINDOWS\SYSTEM32\WSOCK32.dll
0x00007ff891c30000 - 0x00007ff891c5a000 	C:\WINDOWS\SYSTEM32\WINMMBASE.dll
0x00007ff898d40000 - 0x00007ff898dac000 	C:\WINDOWS\System32\WS2_32.dll
0x00000000712a0000 - 0x00000000712af000 	C:\Program Files\Java\jdk1.8.0_121\jre\bin\verify.dll
0x0000000071270000 - 0x0000000071299000 	C:\Program Files\Java\jdk1.8.0_121\jre\bin\java.dll
0x0000000071250000 - 0x0000000071266000 	C:\Program Files\Java\jdk1.8.0_121\jre\bin\zip.dll
0x0000000071220000 - 0x000000007123a000 	C:\Program Files\Java\jdk1.8.0_121\jre\bin\net.dll
0x00007ff896550000 - 0x00007ff8965b6000 	C:\WINDOWS\system32\mswsock.dll
0x0000000071140000 - 0x0000000071151000 	C:\Program Files\Java\jdk1.8.0_121\jre\bin\nio.dll
0x0000000071240000 - 0x000000007124d000 	C:\Program Files\Java\jdk1.8.0_121\jre\bin\management.dll
0x00007ff88b0f0000 - 0x00007ff88b106000 	C:\WINDOWS\system32\napinsp.dll
0x00007ff88b110000 - 0x00007ff88b12a000 	C:\WINDOWS\system32\pnrpnsp.dll
0x00007ff893120000 - 0x00007ff893139000 	C:\WINDOWS\system32\NLAapi.dll
0x00007ff896320000 - 0x00007ff8963de000 	C:\WINDOWS\SYSTEM32\DNSAPI.dll
0x00007ff8990f0000 - 0x00007ff8990f8000 	C:\WINDOWS\System32\NSI.dll
0x00007ff8962e0000 - 0x00007ff896318000 	C:\WINDOWS\SYSTEM32\IPHLPAPI.DLL
0x00007ff88b130000 - 0x00007ff88b13e000 	C:\WINDOWS\System32\winrnr.dll
0x00007ff88e550000 - 0x00007ff88e55a000 	C:\Windows\System32\rasadhlp.dll
0x00007ff8909d0000 - 0x00007ff890a42000 	C:\WINDOWS\System32\fwpuclnt.dll
0x00007ff897080000 - 0x00007ff8970a5000 	C:\WINDOWS\SYSTEM32\bcrypt.dll
0x00007ff896700000 - 0x00007ff896717000 	C:\WINDOWS\SYSTEM32\CRYPTSP.dll
0x00007ff8960e0000 - 0x00007ff896113000 	C:\WINDOWS\system32\rsaenh.dll
0x00007ff897710000 - 0x00007ff897738000 	C:\WINDOWS\SYSTEM32\USERENV.dll
0x00007ff896720000 - 0x00007ff89672b000 	C:\WINDOWS\SYSTEM32\CRYPTBASE.dll
0x00007ff8905b0000 - 0x00007ff8905c6000 	C:\WINDOWS\SYSTEM32\dhcpcsvc6.DLL
0x00007ff890530000 - 0x00007ff89054a000 	C:\WINDOWS\SYSTEM32\dhcpcsvc.DLL
0x00000000705b0000 - 0x00000000705d4000 	C:\Program Files\Java\jdk1.8.0_121\jre\bin\sunec.dll

VM Arguments:
jvm_args: -ea -Dfile.encoding=UTF-8 
java_command: org.eclipse.jdt.internal.junit.runner.RemoteTestRunner -version 3 -port 61340 -testLoaderClass org.eclipse.jdt.internal.junit4.runner.JUnit4TestLoader -loaderpluginname org.eclipse.jdt.junit4.runtime -classNames com.capgemini.annapurna.restaurant.controller.RestaurantControllerSpringBootTest
java_class_path (initial): C:\Ujwala_Gawari\Annapurna-Project\Restaurant\Restaurant\target\test-classes;C:\Ujwala_Gawari\Annapurna-Project\Restaurant\Restaurant\target\classes;C:\Users\ugawari\.m2\repository\org\springframework\boot\spring-boot-starter-data-mongodb\2.1.2.RELEASE\spring-boot-starter-data-mongodb-2.1.2.RELEASE.jar;C:\Users\ugawari\.m2\repository\org\springframework\boot\spring-boot-starter\2.1.2.RELEASE\spring-boot-starter-2.1.2.RELEASE.jar;C:\Users\ugawari\.m2\repository\org\springframework\boot\spring-boot-starter-logging\2.1.2.RELEASE\spring-boot-starter-logging-2.1.2.RELEASE.jar;C:\Users\ugawari\.m2\repository\ch\qos\logback\logback-classic\1.2.3\logback-classic-1.2.3.jar;C:\Users\ugawari\.m2\repository\ch\qos\logback\logback-core\1.2.3\logback-core-1.2.3.jar;C:\Users\ugawari\.m2\repository\org\apache\logging\log4j\log4j-to-slf4j\2.11.1\log4j-to-slf4j-2.11.1.jar;C:\Users\ugawari\.m2\repository\org\apache\logging\log4j\log4j-api\2.11.1\log4j-api-2.11.1.jar;C:\Users\ugawari\.m2\repository\org\slf4j\jul-to-slf4j\1.7.25\jul-to-slf4j-1.7.25.jar;C:\Users\ugawari\.m2\repository\javax\annotation\javax.annotation-api\1.3.2\javax.annotation-api-1.3.2.jar;C:\Users\ugawari\.m2\repository\org\yaml\snakeyaml\1.23\snakeyaml-1.23.jar;C:\Users\ugawari\.m2\repository\org\mongodb\mongodb-driver\3.8.2\mongodb-driver-3.8.2.jar;C:\Users\ugawari\.m2\repository\org\mongodb\bson\3.8.2\bson-3.8.2.jar;C:\Users\ugawari\.m2\repository\org\mongodb\mongodb-driver-core\3.8.2\mongodb-driver-core-3.8.2.jar;C:\Users\ugawari\.m2\repository\org\springframework\data\spring-data-mongodb\2.1.4.RELEASE\spring-data-mongodb-2.1.4.RELEASE.jar;C:\Users\ugawari\.m2\repository\org\springframework\spring-tx\5.1.4.RELEASE\spring-tx-5.1.4.RELEASE.jar;C:\Users\ugawari\.m2\repository\org\springframework\spring-context\5.1.4.RELEASE\spring-context-5.1.4.RELEASE.jar;C:\Users\ugawari\.m2\repository\org\springframework\spring-beans\5.1.4.RELEASE\spring-beans-5.1.4.RELEASE.jar;C:\Users\ugawari\.m2\rep
Launcher Type: SUN_STANDARD

Environment Variables:
PATH=C:/Program Files/Java/jre1.8.0_121/bin/server;C:/Program Files/Java/jre1.8.0_121/bin;C:/Program Files/Java/jre1.8.0_121/lib/amd64;C:\Python34\;C:\Python34\Scripts;C:\oraclexe\app\oracle\product\11.2.0\server\bin;C:\ProgramData\Oracle\Java\javapath;C:\WINDOWS\system32;C:\WINDOWS;C:\WINDOWS\System32\Wbem;C:\WINDOWS\System32\WindowsPowerShell\v1.0\;C:\Program Files\TortoiseSVN\bin;C:\Program Files\nodejs\;C:\Program Files\Git\cmd;C:\Program Files (x86)\Microsoft SQL Server\110\Tools\Binn\ManagementStudio\;C:\Program Files (x86)\Microsoft SQL Server\110\Tools\Binn\;C:\Program Files (x86)\Microsoft SQL Server\110\DTS\Binn\;C:\Program Files\Citrix\System32\;C:\Program Files\Citrix\ICAService\;C:\WINDOWS\System32\OpenSSH\;C:\Users\ugawari\AppData\Local\Microsoft\WindowsApps;;C:\SOFTWARES\sts-bundle\sts-3.9.7.RELEASE;
USERNAME=ugawari
OS=Windows_NT
PROCESSOR_IDENTIFIER=Intel64 Family 15 Model 6 Stepping 1, GenuineIntel



---------------  S Y S T E M  ---------------

OS: Windows 10.0 , 64 bit Build 17134 (10.0.17134.1)

CPU:total 4 (2 cores per cpu, 1 threads per core) family 15 model 6 stepping 1, cmov, cx8, fxsr, mmx, sse, sse2, sse3, ssse3, sse4.1, sse4.2, popcnt, avx, avx2, aes, clmul, erms, rtm, 3dnowpref, lzcnt, tsc, bmi1, bmi2, adx

Memory: 4k page, physical 8388056k(1224400k free), swap 18697644k(5492k free)

vm_info: Java HotSpot(TM) 64-Bit Server VM (25.121-b13) for windows-amd64 JRE (1.8.0_121-b13), built on Dec 12 2016 18:21:36 by "java_re" with MS VC++ 10.0 (VS2010)

time: Tue Feb 05 15:26:38 2019
elapsed time: 7 seconds (0d 0h 0m 7s)

