#
# There is insufficient memory for the Java Runtime Environment to continue.
# Native memory allocation (malloc) failed to allocate 494736 bytes for Chunk::new
# Possible reasons:
#   The system is out of physical RAM or swap space
#   In 32 bit mode, the process size limit was hit
# Possible solutions:
#   Reduce memory load on the system
#   Increase physical memory or swap space
#   Check if swap backing store is full
#   Use 64 bit Java on a 64 bit OS
#   Decrease Java heap size (-Xmx/-Xms)
#   Decrease number of Java threads
#   Decrease Java thread stack sizes (-Xss)
#   Set larger code cache with -XX:ReservedCodeCacheSize=
# This output file may be truncated or incomplete.
#
#  Out of Memory Error (allocation.cpp:390), pid=33548, tid=0x0000000000006dc8
#
# JRE version: Java(TM) SE Runtime Environment (8.0_121-b13) (build 1.8.0_121-b13)
# Java VM: Java HotSpot(TM) 64-Bit Server VM (25.121-b13 mixed mode windows-amd64 compressed oops)
# Failed to write core dump. Minidumps are not enabled by default on client versions of Windows
#

---------------  T H R E A D  ---------------

Current thread (0x0000000017993000):  JavaThread "C2 CompilerThread0" daemon [_thread_in_native, id=28104, stack(0x0000000018fd0000,0x00000000190d0000)]

Stack: [0x0000000018fd0000,0x00000000190d0000]
[error occurred during error reporting (printing stack bounds), id 0xc0000005]

Native frames: (J=compiled Java code, j=interpreted, Vv=VM code, C=native code)


Current CompileTask:
C2:   6367 4080       4       org.springframework.beans.factory.support.AbstractBeanFactory::isTypeMatch (547 bytes)


---------------  P R O C E S S  ---------------

Java Threads: ( => current thread )
  0x000000001c89b800 JavaThread "CleanCursors-1-thread-1" daemon [_thread_blocked, id=828, stack(0x000000001e3d0000,0x000000001e4d0000)]
  0x000000001c896800 JavaThread "cluster-ClusterId{value='5c59911f0786f4830c8d24a3', description='null'}-localhost:27017" daemon [_thread_blocked, id=68, stack(0x000000001e2d0000,0x000000001e3d0000)]
  0x000000001c899800 JavaThread "SimplePauseDetectorThread_0" daemon [_thread_blocked, id=27048, stack(0x000000001dfd0000,0x000000001e0d0000)]
  0x000000001c898800 JavaThread "Thread-3" daemon [_thread_blocked, id=17584, stack(0x000000001dcb0000,0x000000001ddb0000)]
  0x0000000019a03800 JavaThread "ReaderThread" [_thread_in_native, id=21884, stack(0x000000001a1d0000,0x000000001a2d0000)]
  0x0000000019318000 JavaThread "Service Thread" daemon [_thread_blocked, id=14940, stack(0x00000000196d0000,0x00000000197d0000)]
  0x000000001799f000 JavaThread "C1 CompilerThread2" daemon [_thread_blocked, id=18792, stack(0x00000000191d0000,0x00000000192d0000)]
  0x0000000017999800 JavaThread "C2 CompilerThread1" daemon [_thread_blocked, id=22604, stack(0x00000000190d0000,0x00000000191d0000)]
=>0x0000000017993000 JavaThread "C2 CompilerThread0" daemon [_thread_in_native, id=28104, stack(0x0000000018fd0000,0x00000000190d0000)]
  0x0000000017992000 JavaThread "Attach Listener" daemon [_thread_blocked, id=38396, stack(0x0000000018ed0000,0x0000000018fd0000)]
  0x0000000017990800 JavaThread "Signal Dispatcher" daemon [_thread_blocked, id=15036, stack(0x0000000018dd0000,0x0000000018ed0000)]
  0x000000001797c800 JavaThread "Finalizer" daemon [_thread_blocked, id=28664, stack(0x0000000018be0000,0x0000000018ce0000)]
  0x0000000002d63000 JavaThread "Reference Handler" daemon [_thread_blocked, id=10272, stack(0x0000000018ae0000,0x0000000018be0000)]
  0x0000000002c74000 JavaThread "main" [_thread_in_vm, id=34432, stack(0x0000000002b70000,0x0000000002c70000)]

Other Threads:
  0x0000000017957800 VMThread [stack: 0x00000000189e0000,0x0000000018ae0000] [id=14184]
  0x0000000019321800 WatcherThread [stack: 0x00000000197d0000,0x00000000198d0000] [id=29328]

VM state:not at safepoint (normal execution)

VM Mutex/Monitor currently owned by a thread: None

Heap:
 PSYoungGen      total 38400K, used 24404K [0x00000000d5580000, 0x00000000d8000000, 0x0000000100000000)
  eden space 33280K, 66% used [0x00000000d5580000,0x00000000d6b1f7a0,0x00000000d7600000)
  from space 5120K, 44% used [0x00000000d7600000,0x00000000d7835bc0,0x00000000d7b00000)
  to   space 5120K, 0% used [0x00000000d7b00000,0x00000000d7b00000,0x00000000d8000000)
 ParOldGen       total 47104K, used 19299K [0x0000000080000000, 0x0000000082e00000, 0x00000000d5580000)
  object space 47104K, 40% used [0x0000000080000000,0x00000000812d8d20,0x0000000082e00000)
 Metaspace       used 40008K, capacity 41756K, committed 41944K, reserved 1087488K
  class space    used 5218K, capacity 5557K, committed 5632K, reserved 1048576K

Card table byte_map: [0x0000000012130000,0x0000000012540000] byte_map_base: 0x0000000011d30000

Marking Bits: (ParMarkBitMap*) 0x0000000070dfb6d0
 Begin Bits: [0x0000000012bf0000, 0x0000000014bf0000)
 End Bits:   [0x0000000014bf0000, 0x0000000016bf0000)

Polling page: 0x0000000002a70000

CodeCache: size=245760Kb used=13205Kb max_used=14664Kb free=232554Kb
 bounds [0x0000000002d70000, 0x0000000003bd0000, 0x0000000011d70000]
 total_blobs=4076 nmethods=3634 adapters=354
 compilation: enabled

Compilation events (10 events):
Event: 6.337 Thread 0x000000001799f000 4085   !   3       org.springframework.beans.factory.support.FactoryBeanRegistrySupport::getTypeForFactoryBean (50 bytes)
Event: 6.337 Thread 0x000000001799f000 nmethod 4085 0x0000000003063dd0 code [0x0000000003063fa0, 0x0000000003064748]
Event: 6.339 Thread 0x000000001799f000 4086       3       org.springframework.cglib.core.CodeEmitter::swap (10 bytes)
Event: 6.339 Thread 0x000000001799f000 nmethod 4086 0x00000000030663d0 code [0x0000000003066540, 0x0000000003066768]
Event: 6.347 Thread 0x0000000017999800 nmethod 4081 0x000000000327bdd0 code [0x000000000327c000, 0x000000000327d060]
Event: 6.348 Thread 0x0000000017999800 4083       4       java.lang.Class::annotationData (44 bytes)
Event: 6.358 Thread 0x0000000017999800 nmethod 4083 0x0000000003576f50 code [0x0000000003577140, 0x0000000003577850]
Event: 6.358 Thread 0x0000000017999800 4084       4       org.springframework.core.ResolvableType$1::getGenerics (4 bytes)
Event: 6.359 Thread 0x0000000017999800 nmethod 4084 0x000000000377a290 code [0x000000000377a3c0, 0x000000000377a438]
Event: 6.359 Thread 0x0000000017999800 4087       4       org.springframework.asm.Type::getInternalName (16 bytes)

GC Heap History (10 events):
Event: 4.425 GC heap before
{Heap before GC invocations=11 (full 1):
 PSYoungGen      total 38400K, used 38400K [0x00000000d5580000, 0x00000000d8000000, 0x0000000100000000)
  eden space 33280K, 100% used [0x00000000d5580000,0x00000000d7600000,0x00000000d7600000)
  from space 5120K, 100% used [0x00000000d7600000,0x00000000d7b00000,0x00000000d7b00000)
  to   space 5120K, 0% used [0x00000000d7b00000,0x00000000d7b00000,0x00000000d8000000)
 ParOldGen       total 47104K, used 10088K [0x0000000080000000, 0x0000000082e00000, 0x00000000d5580000)
  object space 47104K, 21% used [0x0000000080000000,0x00000000809da140,0x0000000082e00000)
 Metaspace       used 31447K, capacity 32912K, committed 33152K, reserved 1077248K
  class space    used 4101K, capacity 4367K, committed 4480K, reserved 1048576K
Event: 4.437 GC heap after
Heap after GC invocations=11 (full 1):
 PSYoungGen      total 38400K, used 3876K [0x00000000d5580000, 0x00000000d8000000, 0x0000000100000000)
  eden space 33280K, 0% used [0x00000000d5580000,0x00000000d5580000,0x00000000d7600000)
  from space 5120K, 75% used [0x00000000d7b00000,0x00000000d7ec9270,0x00000000d8000000)
  to   space 5120K, 0% used [0x00000000d7600000,0x00000000d7600000,0x00000000d7b00000)
 ParOldGen       total 47104K, used 13596K [0x0000000080000000, 0x0000000082e00000, 0x00000000d5580000)
  object space 47104K, 28% used [0x0000000080000000,0x0000000080d47170,0x0000000082e00000)
 Metaspace       used 31447K, capacity 32912K, committed 33152K, reserved 1077248K
  class space    used 4101K, capacity 4367K, committed 4480K, reserved 1048576K
}
Event: 4.870 GC heap before
{Heap before GC invocations=12 (full 1):
 PSYoungGen      total 38400K, used 26484K [0x00000000d5580000, 0x00000000d8000000, 0x0000000100000000)
  eden space 33280K, 67% used [0x00000000d5580000,0x00000000d6b93ea8,0x00000000d7600000)
  from space 5120K, 75% used [0x00000000d7b00000,0x00000000d7ec9270,0x00000000d8000000)
  to   space 5120K, 0% used [0x00000000d7600000,0x00000000d7600000,0x00000000d7b00000)
 ParOldGen       total 47104K, used 13596K [0x0000000080000000, 0x0000000082e00000, 0x00000000d5580000)
  object space 47104K, 28% used [0x0000000080000000,0x0000000080d47170,0x0000000082e00000)
 Metaspace       used 33848K, capacity 35328K, committed 35416K, reserved 1079296K
  class space    used 4406K, capacity 4695K, committed 4736K, reserved 1048576K
Event: 4.880 GC heap after
Heap after GC invocations=12 (full 1):
 PSYoungGen      total 38400K, used 5099K [0x00000000d5580000, 0x00000000d8000000, 0x0000000100000000)
  eden space 33280K, 0% used [0x00000000d5580000,0x00000000d5580000,0x00000000d7600000)
  from space 5120K, 99% used [0x00000000d7600000,0x00000000d7afac58,0x00000000d7b00000)
  to   space 5120K, 0% used [0x00000000d7b00000,0x00000000d7b00000,0x00000000d8000000)
 ParOldGen       total 47104K, used 17369K [0x0000000080000000, 0x0000000082e00000, 0x00000000d5580000)
  object space 47104K, 36% used [0x0000000080000000,0x00000000810f65c8,0x0000000082e00000)
 Metaspace       used 33848K, capacity 35328K, committed 35416K, reserved 1079296K
  class space    used 4406K, capacity 4695K, committed 4736K, reserved 1048576K
}
Event: 4.880 GC heap before
{Heap before GC invocations=13 (full 2):
 PSYoungGen      total 38400K, used 5099K [0x00000000d5580000, 0x00000000d8000000, 0x0000000100000000)
  eden space 33280K, 0% used [0x00000000d5580000,0x00000000d5580000,0x00000000d7600000)
  from space 5120K, 99% used [0x00000000d7600000,0x00000000d7afac58,0x00000000d7b00000)
  to   space 5120K, 0% used [0x00000000d7b00000,0x00000000d7b00000,0x00000000d8000000)
 ParOldGen       total 47104K, used 17369K [0x0000000080000000, 0x0000000082e00000, 0x00000000d5580000)
  object space 47104K, 36% used [0x0000000080000000,0x00000000810f65c8,0x0000000082e00000)
 Metaspace       used 33848K, capacity 35328K, committed 35416K, reserved 1079296K
  class space    used 4406K, capacity 4695K, committed 4736K, reserved 1048576K
Event: 4.968 GC heap after
Heap after GC invocations=13 (full 2):
 PSYoungGen      total 38400K, used 0K [0x00000000d5580000, 0x00000000d8000000, 0x0000000100000000)
  eden space 33280K, 0% used [0x00000000d5580000,0x00000000d5580000,0x00000000d7600000)
  from space 5120K, 0% used [0x00000000d7600000,0x00000000d7600000,0x00000000d7b00000)
  to   space 5120K, 0% used [0x00000000d7b00000,0x00000000d7b00000,0x00000000d8000000)
 ParOldGen       total 47104K, used 17890K [0x0000000080000000, 0x0000000082e00000, 0x00000000d5580000)
  object space 47104K, 37% used [0x0000000080000000,0x00000000811789c8,0x0000000082e00000)
 Metaspace       used 33848K, capacity 35328K, committed 35416K, reserved 1079296K
  class space    used 4406K, capacity 4695K, committed 4736K, reserved 1048576K
}
Event: 5.395 GC heap before
{Heap before GC invocations=14 (full 2):
 PSYoungGen      total 38400K, used 33280K [0x00000000d5580000, 0x00000000d8000000, 0x0000000100000000)
  eden space 33280K, 100% used [0x00000000d5580000,0x00000000d7600000,0x00000000d7600000)
  from space 5120K, 0% used [0x00000000d7600000,0x00000000d7600000,0x00000000d7b00000)
  to   space 5120K, 0% used [0x00000000d7b00000,0x00000000d7b00000,0x00000000d8000000)
 ParOldGen       total 47104K, used 17890K [0x0000000080000000, 0x0000000082e00000, 0x00000000d5580000)
  object space 47104K, 37% used [0x0000000080000000,0x00000000811789c8,0x0000000082e00000)
 Metaspace       used 35303K, capacity 36854K, committed 37208K, reserved 1081344K
  class space    used 4567K, capacity 4872K, committed 4992K, reserved 1048576K
Event: 5.399 GC heap after
Heap after GC invocations=14 (full 2):
 PSYoungGen      total 38400K, used 2491K [0x00000000d5580000, 0x00000000d8000000, 0x0000000100000000)
  eden space 33280K, 0% used [0x00000000d5580000,0x00000000d5580000,0x00000000d7600000)
  from space 5120K, 48% used [0x00000000d7b00000,0x00000000d7d6eca8,0x00000000d8000000)
  to   space 5120K, 0% used [0x00000000d7600000,0x00000000d7600000,0x00000000d7b00000)
 ParOldGen       total 47104K, used 17898K [0x0000000080000000, 0x0000000082e00000, 0x00000000d5580000)
  object space 47104K, 37% used [0x0000000080000000,0x000000008117a9c8,0x0000000082e00000)
 Metaspace       used 35303K, capacity 36854K, committed 37208K, reserved 1081344K
  class space    used 4567K, capacity 4872K, committed 4992K, reserved 1048576K
}
Event: 5.957 GC heap before
{Heap before GC invocations=15 (full 2):
 PSYoungGen      total 38400K, used 35771K [0x00000000d5580000, 0x00000000d8000000, 0x0000000100000000)
  eden space 33280K, 100% used [0x00000000d5580000,0x00000000d7600000,0x00000000d7600000)
  from space 5120K, 48% used [0x00000000d7b00000,0x00000000d7d6eca8,0x00000000d8000000)
  to   space 5120K, 0% used [0x00000000d7600000,0x00000000d7600000,0x00000000d7b00000)
 ParOldGen       total 47104K, used 17898K [0x0000000080000000, 0x0000000082e00000, 0x00000000d5580000)
  object space 47104K, 37% used [0x0000000080000000,0x000000008117a9c8,0x0000000082e00000)
 Metaspace       used 37483K, capacity 39122K, committed 39256K, reserved 1083392K
  class space    used 4839K, capacity 5158K, committed 5248K, reserved 1048576K
Event: 5.964 GC heap after
Heap after GC invocations=15 (full 2):
 PSYoungGen      total 38400K, used 2262K [0x00000000d5580000, 0x00000000d8000000, 0x0000000100000000)
  eden space 33280K, 0% used [0x00000000d5580000,0x00000000d5580000,0x00000000d7600000)
  from space 5120K, 44% used [0x00000000d7600000,0x00000000d7835bc0,0x00000000d7b00000)
  to   space 5120K, 0% used [0x00000000d7b00000,0x00000000d7b00000,0x00000000d8000000)
 ParOldGen       total 47104K, used 19299K [0x0000000080000000, 0x0000000082e00000, 0x00000000d5580000)
  object space 47104K, 40% used [0x0000000080000000,0x00000000812d8d20,0x0000000082e00000)
 Metaspace       used 37483K, capacity 39122K, committed 39256K, reserved 1083392K
  class space    used 4839K, capacity 5158K, committed 5248K, reserved 1048576K
}

Deoptimization events (10 events):
Event: 5.922 Thread 0x0000000002c74000 Uncommon trap: reason=class_check action=maybe_recompile pc=0x00000000031be594 method=java.util.jar.JarFile.getJarEntry(Ljava/lang/String;)Ljava/util/jar/JarEntry; @ 2
Event: 5.922 Thread 0x0000000002c74000 Uncommon trap: reason=class_check action=maybe_recompile pc=0x00000000031be594 method=java.util.jar.JarFile.getJarEntry(Ljava/lang/String;)Ljava/util/jar/JarEntry; @ 2
Event: 5.930 Thread 0x0000000002c74000 Uncommon trap: reason=unstable_if action=reinterpret pc=0x0000000003950e00 method=java.util.Properties.load0(Ljava/util/Properties$LineReader;)V @ 33
Event: 5.930 Thread 0x0000000002c74000 Uncommon trap: reason=unstable_if action=reinterpret pc=0x000000000394cfb8 method=java.util.Properties.load0(Ljava/util/Properties$LineReader;)V @ 33
Event: 5.930 Thread 0x0000000002c74000 Uncommon trap: reason=bimorphic action=maybe_recompile pc=0x00000000039b8b50 method=java.util.Properties$LineReader.readLine()I @ 410
Event: 5.952 Thread 0x0000000002c74000 Uncommon trap: reason=unstable_if action=reinterpret pc=0x00000000039db8bc method=java.net.URI.match(CJJ)Z @ 45
Event: 6.013 Thread 0x0000000002c74000 Uncommon trap: reason=class_check action=maybe_recompile pc=0x000000000368bd94 method=java.util.AbstractList$Itr.hasNext()Z @ 8
Event: 6.013 Thread 0x0000000002c74000 Uncommon trap: reason=class_check action=maybe_recompile pc=0x00000000038595c4 method=java.util.AbstractList$Itr.next()Ljava/lang/Object; @ 14
Event: 6.257 Thread 0x0000000002c74000 Uncommon trap: reason=unstable_if action=reinterpret pc=0x0000000002f97e10 method=java.lang.AbstractStringBuilder.append(Ljava/lang/String;)Ljava/lang/AbstractStringBuilder; @ 1
Event: 6.273 Thread 0x000000001c896800 Uncommon trap: reason=unstable_if action=reinterpret pc=0x0000000003b33ddc method=java.lang.CharacterDataLatin1.digit(II)I @ 82

Internal exceptions (10 events):
Event: 6.314 Thread 0x0000000002c74000 Exception <a 'java/lang/ClassNotFoundException': org/springframework/beans/factory/DisposableBeanCustomizer> (0x00000000d675d8d0) thrown at [C:\re\workspace\8-2-build-windows-amd64-cygwin\jdk8u121\8372\hotspot\src\share\vm\classfile\systemDictionary.cpp, 
Event: 6.316 Thread 0x0000000002c74000 Exception <a 'java/lang/ClassNotFoundException': org/springframework/data/mongodb/MongoDbFactoryCustomizer> (0x00000000d677c770) thrown at [C:\re\workspace\8-2-build-windows-amd64-cygwin\jdk8u121\8372\hotspot\src\share\vm\classfile\systemDictionary.cpp, l
Event: 6.320 Thread 0x0000000002c74000 Exception <a 'java/lang/ClassNotFoundException': org/springframework/data/mongodb/CodecRegistryProviderCustomizer> (0x00000000d67a5f60) thrown at [C:\re\workspace\8-2-build-windows-amd64-cygwin\jdk8u121\8372\hotspot\src\share\vm\classfile\systemDictionary
Event: 6.322 Thread 0x0000000002c74000 Exception <a 'java/lang/ClassNotFoundException': org/springframework/data/mongodb/MongoSessionProviderCustomizer> (0x00000000d67cb1e0) thrown at [C:\re\workspace\8-2-build-windows-amd64-cygwin\jdk8u121\8372\hotspot\src\share\vm\classfile\systemDictionary.
Event: 6.328 Thread 0x0000000002c74000 Exception <a 'java/lang/ClassNotFoundException': java/lang/ObjectCustomizer> (0x00000000d6811868) thrown at [C:\re\workspace\8-2-build-windows-amd64-cygwin\jdk8u121\8372\hotspot\src\share\vm\classfile\systemDictionary.cpp, line 210]
Event: 6.330 Thread 0x0000000002c74000 Exception <a 'java/lang/ClassNotFoundException': org/springframework/boot/autoconfigure/data/mongo/MongoDataConfigurationCustomizer> (0x00000000d683a290) thrown at [C:\re\workspace\8-2-build-windows-amd64-cygwin\jdk8u121\8372\hotspot\src\share\vm\classfil
Event: 6.331 Thread 0x0000000002c74000 Exception <a 'java/lang/ClassNotFoundException': org/springframework/boot/autoconfigure/data/mongo/MongoDataConfiguration$$EnhancerBySpringCGLIB$$dd65d2eCustomizer> (0x00000000d686bb50) thrown at [C:\re\workspace\8-2-build-windows-amd64-cygwin\jdk8u121\83
Event: 6.333 Thread 0x0000000002c74000 Exception <a 'java/lang/ClassNotFoundException': org/springframework/context/annotation/ConfigurationClassEnhancer$EnhancedConfigurationCustomizer> (0x00000000d689cab0) thrown at [C:\re\workspace\8-2-build-windows-amd64-cygwin\jdk8u121\8372\hotspot\src\sh
Event: 6.334 Thread 0x0000000002c74000 Exception <a 'java/lang/ClassNotFoundException': org/springframework/beans/factory/BeanFactoryAwareCustomizer> (0x00000000d68bc3f8) thrown at [C:\re\workspace\8-2-build-windows-amd64-cygwin\jdk8u121\8372\hotspot\src\share\vm\classfile\systemDictionary.cpp
Event: 6.335 Thread 0x0000000002c74000 Exception <a 'java/lang/ClassNotFoundException': org/springframework/beans/factory/AwareCustomizer> (0x00000000d68da260) thrown at [C:\re\workspace\8-2-build-windows-amd64-cygwin\jdk8u121\8372\hotspot\src\share\vm\classfile\systemDictionary.cpp, line 210]

Events (10 events):
Event: 6.356 loading class org/springframework/data/mongodb/core/convert/MongoConverters$StringToBigDecimalConverter
Event: 6.356 loading class org/springframework/data/mongodb/core/convert/MongoConverters$StringToBigDecimalConverter done
Event: 6.357 loading class org/springframework/data/mongodb/core/convert/MongoConverters$BigIntegerToStringConverter
Event: 6.357 loading class org/springframework/data/mongodb/core/convert/MongoConverters$BigIntegerToStringConverter done
Event: 6.358 loading class org/springframework/data/mongodb/core/convert/MongoConverters$StringToBigIntegerConverter
Event: 6.358 loading class org/springframework/data/mongodb/core/convert/MongoConverters$StringToBigIntegerConverter done
Event: 6.358 loading class org/springframework/data/mongodb/core/convert/MongoConverters$URLToStringConverter
Event: 6.358 loading class org/springframework/data/mongodb/core/convert/MongoConverters$URLToStringConverter done
Event: 6.359 loading class org/springframework/data/mongodb/core/convert/MongoConverters$StringToURLConverter
Event: 6.359 loading class org/springframework/data/mongodb/core/convert/MongoConverters$StringToURLConverter done


Dynamic libraries:
0x00007ff601d30000 - 0x00007ff601d67000 	C:\Program Files\Java\jdk1.8.0_121\bin\javaw.exe
0x00007ff89b500000 - 0x00007ff89b6e1000 	C:\WINDOWS\SYSTEM32\ntdll.dll
0x00007ff899100000 - 0x00007ff8991b2000 	C:\WINDOWS\System32\KERNEL32.DLL
0x00007ff8983f0000 - 0x00007ff898663000 	C:\WINDOWS\System32\KERNELBASE.dll
0x00007ff8991c0000 - 0x00007ff899261000 	C:\WINDOWS\System32\ADVAPI32.dll
0x00007ff899e50000 - 0x00007ff899eee000 	C:\WINDOWS\System32\msvcrt.dll
0x00007ff899750000 - 0x00007ff8997ab000 	C:\WINDOWS\System32\sechost.dll
0x00007ff898dc0000 - 0x00007ff898ee4000 	C:\WINDOWS\System32\RPCRT4.dll
0x00007ff898bb0000 - 0x00007ff898d40000 	C:\WINDOWS\System32\USER32.dll
0x00007ff898970000 - 0x00007ff898990000 	C:\WINDOWS\System32\win32u.dll
0x00007ff899cf0000 - 0x00007ff899d18000 	C:\WINDOWS\System32\GDI32.dll
0x00007ff898060000 - 0x00007ff8981f2000 	C:\WINDOWS\System32\gdi32full.dll
0x00007ff898200000 - 0x00007ff89829f000 	C:\WINDOWS\System32\msvcp_win.dll
0x00007ff8982f0000 - 0x00007ff8983ea000 	C:\WINDOWS\System32\ucrtbase.dll
0x00007ff895a50000 - 0x00007ff895cb9000 	C:\WINDOWS\WinSxS\amd64_microsoft.windows.common-controls_6595b64144ccf1df_6.0.17134.228_none_fb4599993062b194\COMCTL32.dll
0x00007ff8997b0000 - 0x00007ff899ad3000 	C:\WINDOWS\System32\combase.dll
0x00007ff897fe0000 - 0x00007ff89805a000 	C:\WINDOWS\System32\bcryptPrimitives.dll
0x00007ff899720000 - 0x00007ff89974d000 	C:\WINDOWS\System32\IMM32.DLL
0x00007ff8976b0000 - 0x00007ff89770d000 	C:\Program Files\Citrix\System32\MfApHook64.dll
0x00007ff896fe0000 - 0x00007ff89700b000 	C:\Program Files\Citrix\ICAService\CtxDodHook64.dll
0x00007ff8975d0000 - 0x00007ff897602000 	C:\Program Files\Citrix\ICAService\picaFullScreenHookX64.dll
0x00007ff896f90000 - 0x00007ff896fde000 	C:\Program Files\Citrix\ICAService\ShellHook64.dll
0x00007ff899fa0000 - 0x00007ff89b3e0000 	C:\WINDOWS\System32\SHELL32.dll
0x00007ff8982a0000 - 0x00007ff8982e9000 	C:\WINDOWS\System32\cfgmgr32.dll
0x00007ff899ef0000 - 0x00007ff899f99000 	C:\WINDOWS\System32\shcore.dll
0x00007ff8978d0000 - 0x00007ff897fdd000 	C:\WINDOWS\System32\windows.storage.dll
0x00007ff899d20000 - 0x00007ff899d71000 	C:\WINDOWS\System32\shlwapi.dll
0x00007ff8978b0000 - 0x00007ff8978c1000 	C:\WINDOWS\System32\kernel.appcore.dll
0x00007ff897890000 - 0x00007ff8978af000 	C:\WINDOWS\System32\profapi.dll
0x00007ff897820000 - 0x00007ff89786c000 	C:\WINDOWS\System32\powrprof.dll
0x00007ff897810000 - 0x00007ff89781a000 	C:\WINDOWS\System32\FLTLIB.DLL
0x00007ff896e10000 - 0x00007ff896f8c000 	C:\Program Files\Citrix\ICAService\SCardHook64.dll
0x00007ff896d70000 - 0x00007ff896d9a000 	C:\Program Files\Citrix\ICAService\cxinjime64.dll
0x00007ff896c60000 - 0x00007ff896ca8000 	C:\Program Files\Citrix\ICAService\PicaWtsHook64.dll
0x0000000070e80000 - 0x0000000070f52000 	C:\Program Files\Java\jdk1.8.0_121\jre\bin\msvcr100.dll
0x00000000705e0000 - 0x0000000070e7b000 	C:\Program Files\Java\jdk1.8.0_121\jre\bin\server\jvm.dll
0x00007ff899ce0000 - 0x00007ff899ce8000 	C:\WINDOWS\System32\PSAPI.DLL
0x00007ff891cf0000 - 0x00007ff891d13000 	C:\WINDOWS\SYSTEM32\WINMM.dll
0x00007ff8974c0000 - 0x00007ff8974ca000 	C:\WINDOWS\SYSTEM32\VERSION.dll
0x00007ff891c30000 - 0x00007ff891c5a000 	C:\WINDOWS\SYSTEM32\winmmbase.dll
0x00007ff885520000 - 0x00007ff885529000 	C:\WINDOWS\SYSTEM32\WSOCK32.dll
0x00007ff898d40000 - 0x00007ff898dac000 	C:\WINDOWS\System32\WS2_32.dll
0x00000000712a0000 - 0x00000000712af000 	C:\Program Files\Java\jdk1.8.0_121\jre\bin\verify.dll
0x0000000071270000 - 0x0000000071299000 	C:\Program Files\Java\jdk1.8.0_121\jre\bin\java.dll
0x0000000071250000 - 0x0000000071266000 	C:\Program Files\Java\jdk1.8.0_121\jre\bin\zip.dll
0x0000000071220000 - 0x000000007123a000 	C:\Program Files\Java\jdk1.8.0_121\jre\bin\net.dll
0x00007ff896550000 - 0x00007ff8965b6000 	C:\WINDOWS\system32\mswsock.dll
0x0000000071140000 - 0x0000000071151000 	C:\Program Files\Java\jdk1.8.0_121\jre\bin\nio.dll
0x0000000071240000 - 0x000000007124d000 	C:\Program Files\Java\jdk1.8.0_121\jre\bin\management.dll
0x00007ff88b0f0000 - 0x00007ff88b106000 	C:\WINDOWS\system32\napinsp.dll
0x00007ff88b110000 - 0x00007ff88b12a000 	C:\WINDOWS\system32\pnrpnsp.dll
0x00007ff893120000 - 0x00007ff893139000 	C:\WINDOWS\system32\NLAapi.dll
0x00007ff896320000 - 0x00007ff8963de000 	C:\WINDOWS\SYSTEM32\DNSAPI.dll
0x00007ff8990f0000 - 0x00007ff8990f8000 	C:\WINDOWS\System32\NSI.dll
0x00007ff8962e0000 - 0x00007ff896318000 	C:\WINDOWS\SYSTEM32\IPHLPAPI.DLL
0x00007ff88b130000 - 0x00007ff88b13e000 	C:\WINDOWS\System32\winrnr.dll
0x00007ff88e550000 - 0x00007ff88e55a000 	C:\Windows\System32\rasadhlp.dll
0x00007ff8909d0000 - 0x00007ff890a42000 	C:\WINDOWS\System32\fwpuclnt.dll
0x00007ff897080000 - 0x00007ff8970a5000 	C:\WINDOWS\SYSTEM32\bcrypt.dll
0x00007ff896700000 - 0x00007ff896717000 	C:\WINDOWS\SYSTEM32\CRYPTSP.dll
0x00007ff8960e0000 - 0x00007ff896113000 	C:\WINDOWS\system32\rsaenh.dll
0x00007ff897710000 - 0x00007ff897738000 	C:\WINDOWS\SYSTEM32\USERENV.dll
0x00007ff896720000 - 0x00007ff89672b000 	C:\WINDOWS\SYSTEM32\CRYPTBASE.dll
0x00007ff8905b0000 - 0x00007ff8905c6000 	C:\WINDOWS\SYSTEM32\dhcpcsvc6.DLL
0x00007ff890530000 - 0x00007ff89054a000 	C:\WINDOWS\SYSTEM32\dhcpcsvc.DLL
0x00000000705b0000 - 0x00000000705d4000 	C:\Program Files\Java\jdk1.8.0_121\jre\bin\sunec.dll

VM Arguments:
jvm_args: -ea -Dfile.encoding=UTF-8 
java_command: org.eclipse.jdt.internal.junit.runner.RemoteTestRunner -version 3 -port 51829 -testLoaderClass org.eclipse.jdt.internal.junit4.runner.JUnit4TestLoader -loaderpluginname org.eclipse.jdt.junit4.runtime -classNames com.capgemini.annapurna.restaurant.test.resource.RestaurantResourceSpringBootTest
java_class_path (initial): C:\Ujwala_Gawari\Annapurna-Project\Restaurant\Restaurant\target\test-classes;C:\Ujwala_Gawari\Annapurna-Project\Restaurant\Restaurant\target\classes;C:\Users\ugawari\.m2\repository\org\springframework\boot\spring-boot-starter-data-mongodb\2.1.2.RELEASE\spring-boot-starter-data-mongodb-2.1.2.RELEASE.jar;C:\Users\ugawari\.m2\repository\org\springframework\boot\spring-boot-starter\2.1.2.RELEASE\spring-boot-starter-2.1.2.RELEASE.jar;C:\Users\ugawari\.m2\repository\org\springframework\boot\spring-boot-starter-logging\2.1.2.RELEASE\spring-boot-starter-logging-2.1.2.RELEASE.jar;C:\Users\ugawari\.m2\repository\ch\qos\logback\logback-classic\1.2.3\logback-classic-1.2.3.jar;C:\Users\ugawari\.m2\repository\ch\qos\logback\logback-core\1.2.3\logback-core-1.2.3.jar;C:\Users\ugawari\.m2\repository\org\apache\logging\log4j\log4j-to-slf4j\2.11.1\log4j-to-slf4j-2.11.1.jar;C:\Users\ugawari\.m2\repository\org\apache\logging\log4j\log4j-api\2.11.1\log4j-api-2.11.1.jar;C:\Users\ugawari\.m2\repository\org\slf4j\jul-to-slf4j\1.7.25\jul-to-slf4j-1.7.25.jar;C:\Users\ugawari\.m2\repository\javax\annotation\javax.annotation-api\1.3.2\javax.annotation-api-1.3.2.jar;C:\Users\ugawari\.m2\repository\org\yaml\snakeyaml\1.23\snakeyaml-1.23.jar;C:\Users\ugawari\.m2\repository\org\mongodb\mongodb-driver\3.8.2\mongodb-driver-3.8.2.jar;C:\Users\ugawari\.m2\repository\org\mongodb\bson\3.8.2\bson-3.8.2.jar;C:\Users\ugawari\.m2\repository\org\mongodb\mongodb-driver-core\3.8.2\mongodb-driver-core-3.8.2.jar;C:\Users\ugawari\.m2\repository\org\springframework\data\spring-data-mongodb\2.1.4.RELEASE\spring-data-mongodb-2.1.4.RELEASE.jar;C:\Users\ugawari\.m2\repository\org\springframework\spring-tx\5.1.4.RELEASE\spring-tx-5.1.4.RELEASE.jar;C:\Users\ugawari\.m2\repository\org\springframework\spring-context\5.1.4.RELEASE\spring-context-5.1.4.RELEASE.jar;C:\Users\ugawari\.m2\repository\org\springframework\spring-beans\5.1.4.RELEASE\spring-beans-5.1.4.RELEASE.jar;C:\Users\ugawari\.m2\rep
Launcher Type: SUN_STANDARD

Environment Variables:
PATH=C:/Program Files/Java/jre1.8.0_121/bin/server;C:/Program Files/Java/jre1.8.0_121/bin;C:/Program Files/Java/jre1.8.0_121/lib/amd64;C:\Python34\;C:\Python34\Scripts;C:\oraclexe\app\oracle\product\11.2.0\server\bin;C:\ProgramData\Oracle\Java\javapath;C:\WINDOWS\system32;C:\WINDOWS;C:\WINDOWS\System32\Wbem;C:\WINDOWS\System32\WindowsPowerShell\v1.0\;C:\Program Files\TortoiseSVN\bin;C:\Program Files\nodejs\;C:\Program Files\Git\cmd;C:\Program Files (x86)\Microsoft SQL Server\110\Tools\Binn\ManagementStudio\;C:\Program Files (x86)\Microsoft SQL Server\110\Tools\Binn\;C:\Program Files (x86)\Microsoft SQL Server\110\DTS\Binn\;C:\Program Files\Citrix\System32\;C:\Program Files\Citrix\ICAService\;C:\WINDOWS\System32\OpenSSH\;C:\Users\ugawari\AppData\Local\Microsoft\WindowsApps;;C:\SOFTWARES\sts-bundle\sts-3.9.7.RELEASE;
USERNAME=ugawari
OS=Windows_NT
PROCESSOR_IDENTIFIER=Intel64 Family 15 Model 6 Stepping 1, GenuineIntel



---------------  S Y S T E M  ---------------

OS: Windows 10.0 , 64 bit Build 17134 (10.0.17134.1)

CPU:total 4 (2 cores per cpu, 1 threads per core) family 15 model 6 stepping 1, cmov, cx8, fxsr, mmx, sse, sse2, sse3, ssse3, sse4.1, sse4.2, popcnt, avx, avx2, aes, clmul, erms, rtm, 3dnowpref, lzcnt, tsc, bmi1, bmi2, adx

Memory: 4k page, physical 8388056k(1218924k free), swap 18697820k(3172k free)

vm_info: Java HotSpot(TM) 64-Bit Server VM (25.121-b13) for windows-amd64 JRE (1.8.0_121-b13), built on Dec 12 2016 18:21:36 by "java_re" with MS VC++ 10.0 (VS2010)

time: Tue Feb 05 19:05:27 2019
elapsed time: 6 seconds (0d 0h 0m 6s)

