#
# There is insufficient memory for the Java Runtime Environment to continue.
# Native memory allocation (malloc) failed to allocate 573136 bytes for Chunk::new
# Possible reasons:
#   The system is out of physical RAM or swap space
#   In 32 bit mode, the process size limit was hit
# Possible solutions:
#   Reduce memory load on the system
#   Increase physical memory or swap space
#   Check if swap backing store is full
#   Use 64 bit Java on a 64 bit OS
#   Decrease Java heap size (-Xmx/-Xms)
#   Decrease number of Java threads
#   Decrease Java thread stack sizes (-Xss)
#   Set larger code cache with -XX:ReservedCodeCacheSize=
# This output file may be truncated or incomplete.
#
#  Out of Memory Error (allocation.cpp:390), pid=23804, tid=0x000000000000748c
#
# JRE version: Java(TM) SE Runtime Environment (8.0_121-b13) (build 1.8.0_121-b13)
# Java VM: Java HotSpot(TM) 64-Bit Server VM (25.121-b13 mixed mode windows-amd64 compressed oops)
# Failed to write core dump. Minidumps are not enabled by default on client versions of Windows
#

---------------  T H R E A D  ---------------

Current thread (0x0000000018465000):  JavaThread "C2 CompilerThread0" daemon [_thread_in_native, id=29836, stack(0x00000000199b0000,0x0000000019ab0000)]

Stack: [0x00000000199b0000,0x0000000019ab0000]
[error occurred during error reporting (printing stack bounds), id 0xc0000005]

Native frames: (J=compiled Java code, j=interpreted, Vv=VM code, C=native code)


Current CompileTask:
C2:   6654 3762       4       java.io.WinNTFileSystem::normalize (231 bytes)


---------------  P R O C E S S  ---------------

Java Threads: ( => current thread )
  0x000000001a3c7000 JavaThread "ReaderThread" [_thread_in_native, id=29408, stack(0x000000001abb0000,0x000000001acb0000)]
  0x0000000019cf0000 JavaThread "Service Thread" daemon [_thread_blocked, id=30424, stack(0x000000001a0b0000,0x000000001a1b0000)]
  0x0000000018470800 JavaThread "C1 CompilerThread2" daemon [_thread_blocked, id=30280, stack(0x0000000019bb0000,0x0000000019cb0000)]
  0x000000001846b000 JavaThread "C2 CompilerThread1" daemon [_thread_in_native, id=24360, stack(0x0000000019ab0000,0x0000000019bb0000)]
=>0x0000000018465000 JavaThread "C2 CompilerThread0" daemon [_thread_in_native, id=29836, stack(0x00000000199b0000,0x0000000019ab0000)]
  0x0000000018464000 JavaThread "Attach Listener" daemon [_thread_blocked, id=14900, stack(0x00000000198b0000,0x00000000199b0000)]
  0x0000000018463000 JavaThread "Signal Dispatcher" daemon [_thread_blocked, id=36616, stack(0x00000000197b0000,0x00000000198b0000)]
  0x000000000383a000 JavaThread "Finalizer" daemon [_thread_blocked, id=35608, stack(0x00000000196b0000,0x00000000197b0000)]
  0x0000000003836000 JavaThread "Reference Handler" daemon [_thread_blocked, id=19220, stack(0x00000000195b0000,0x00000000196b0000)]
  0x0000000003744000 JavaThread "main" [_thread_in_native, id=11780, stack(0x0000000003640000,0x0000000003740000)]

Other Threads:
  0x0000000018427800 VMThread [stack: 0x00000000194b0000,0x00000000195b0000] [id=29672]
  0x0000000019d09000 WatcherThread [stack: 0x000000001a1b0000,0x000000001a2b0000] [id=24452]

VM state:not at safepoint (normal execution)

VM Mutex/Monitor currently owned by a thread: None

Heap:
 PSYoungGen      total 216576K, used 59689K [0x00000000d5580000, 0x00000000e5680000, 0x0000000100000000)
  eden space 203776K, 29% used [0x00000000d5580000,0x00000000d8fca418,0x00000000e1c80000)
  from space 12800K, 0% used [0x00000000e2b00000,0x00000000e2b00000,0x00000000e3780000)
  to   space 14848K, 0% used [0x00000000e1c80000,0x00000000e1c80000,0x00000000e2b00000)
 ParOldGen       total 73216K, used 17813K [0x0000000080000000, 0x0000000084780000, 0x00000000d5580000)
  object space 73216K, 24% used [0x0000000080000000,0x0000000081165430,0x0000000084780000)
 Metaspace       used 35886K, capacity 37508K, committed 37720K, reserved 1081344K
  class space    used 4658K, capacity 4991K, committed 4992K, reserved 1048576K

Card table byte_map: [0x0000000012c00000,0x0000000013010000] byte_map_base: 0x0000000012800000

Marking Bits: (ParMarkBitMap*) 0x0000000070edb6d0
 Begin Bits: [0x00000000136c0000, 0x00000000156c0000)
 End Bits:   [0x00000000156c0000, 0x00000000176c0000)

Polling page: 0x0000000001880000

CodeCache: size=245760Kb used=14075Kb max_used=14075Kb free=231684Kb
 bounds [0x0000000003840000, 0x0000000004610000, 0x0000000012840000]
 total_blobs=4190 nmethods=3771 adapters=332
 compilation: enabled

Compilation events (10 events):
Event: 6.644 Thread 0x0000000018470800 nmethod 3784 0x00000000045f78d0 code [0x00000000045f7a60, 0x00000000045f7d08]
Event: 6.644 Thread 0x0000000018470800 3785       3       org.springframework.beans.ExtendedBeanInfoFactory::supports (41 bytes)
Event: 6.645 Thread 0x0000000018470800 nmethod 3785 0x00000000045f7e10 code [0x00000000045f7fc0, 0x00000000045f8428]
Event: 6.645 Thread 0x0000000018470800 3787       3       java.beans.Introspector::getBeanInfo (54 bytes)
Event: 6.645 Thread 0x0000000018470800 nmethod 3787 0x00000000045f8690 code [0x00000000045f8840, 0x00000000045f8b88]
Event: 6.645 Thread 0x0000000018470800 3788       3       java.beans.Introspector::getTargetBeanDescriptor (42 bytes)
Event: 6.645 Thread 0x0000000018470800 nmethod 3788 0x00000000045f8d10 code [0x00000000045f8ea0, 0x00000000045f9228]
Event: 6.645 Thread 0x0000000018470800 3789   !   3       java.beans.Introspector::findCustomizerClass (58 bytes)
Event: 6.647 Thread 0x0000000018470800 nmethod 3789 0x00000000045f9350 code [0x00000000045f9620, 0x00000000045fabe8]
Event: 6.647 Thread 0x0000000018470800 3790       3       java.beans.Introspector::processPropertyDescriptors (959 bytes)

GC Heap History (10 events):
Event: 2.579 GC heap before
{Heap before GC invocations=6 (full 1):
 PSYoungGen      total 71680K, used 5104K [0x00000000d5580000, 0x00000000de880000, 0x0000000100000000)
  eden space 66560K, 0% used [0x00000000d5580000,0x00000000d5580000,0x00000000d9680000)
  from space 5120K, 99% used [0x00000000d9680000,0x00000000d9b7c030,0x00000000d9b80000)
  to   space 8704K, 0% used [0x00000000de000000,0x00000000de000000,0x00000000de880000)
 ParOldGen       total 87552K, used 4882K [0x0000000080000000, 0x0000000085580000, 0x00000000d5580000)
  object space 87552K, 5% used [0x0000000080000000,0x00000000804c4bd0,0x0000000085580000)
 Metaspace       used 20663K, capacity 21190K, committed 21248K, reserved 1067008K
  class space    used 2642K, capacity 2804K, committed 2816K, reserved 1048576K
Event: 2.629 GC heap after
Heap after GC invocations=6 (full 1):
 PSYoungGen      total 71680K, used 0K [0x00000000d5580000, 0x00000000de880000, 0x0000000100000000)
  eden space 66560K, 0% used [0x00000000d5580000,0x00000000d5580000,0x00000000d9680000)
  from space 5120K, 0% used [0x00000000d9680000,0x00000000d9680000,0x00000000d9b80000)
  to   space 8704K, 0% used [0x00000000de000000,0x00000000de000000,0x00000000de880000)
 ParOldGen       total 48640K, used 5278K [0x0000000080000000, 0x0000000082f80000, 0x00000000d5580000)
  object space 48640K, 10% used [0x0000000080000000,0x0000000080527a00,0x0000000082f80000)
 Metaspace       used 20663K, capacity 21190K, committed 21248K, reserved 1067008K
  class space    used 2642K, capacity 2804K, committed 2816K, reserved 1048576K
}
Event: 3.452 GC heap before
{Heap before GC invocations=7 (full 1):
 PSYoungGen      total 71680K, used 66560K [0x00000000d5580000, 0x00000000de880000, 0x0000000100000000)
  eden space 66560K, 100% used [0x00000000d5580000,0x00000000d9680000,0x00000000d9680000)
  from space 5120K, 0% used [0x00000000d9680000,0x00000000d9680000,0x00000000d9b80000)
  to   space 8704K, 0% used [0x00000000de000000,0x00000000de000000,0x00000000de880000)
 ParOldGen       total 48640K, used 5278K [0x0000000080000000, 0x0000000082f80000, 0x00000000d5580000)
  object space 48640K, 10% used [0x0000000080000000,0x0000000080527a00,0x0000000082f80000)
 Metaspace       used 25563K, capacity 26256K, committed 26624K, reserved 1073152K
  class space    used 3286K, capacity 3471K, committed 3584K, reserved 1048576K
Event: 3.469 GC heap after
Heap after GC invocations=7 (full 1):
 PSYoungGen      total 125952K, used 7394K [0x00000000d5580000, 0x00000000de780000, 0x0000000100000000)
  eden space 118272K, 0% used [0x00000000d5580000,0x00000000d5580000,0x00000000dc900000)
  from space 7680K, 96% used [0x00000000de000000,0x00000000de738900,0x00000000de780000)
  to   space 9216K, 0% used [0x00000000dd580000,0x00000000dd580000,0x00000000dde80000)
 ParOldGen       total 48640K, used 5350K [0x0000000080000000, 0x0000000082f80000, 0x00000000d5580000)
  object space 48640K, 11% used [0x0000000080000000,0x0000000080539a10,0x0000000082f80000)
 Metaspace       used 25563K, capacity 26256K, committed 26624K, reserved 1073152K
  class space    used 3286K, capacity 3471K, committed 3584K, reserved 1048576K
}
Event: 5.447 GC heap before
{Heap before GC invocations=8 (full 1):
 PSYoungGen      total 125952K, used 125666K [0x00000000d5580000, 0x00000000de780000, 0x0000000100000000)
  eden space 118272K, 100% used [0x00000000d5580000,0x00000000dc900000,0x00000000dc900000)
  from space 7680K, 96% used [0x00000000de000000,0x00000000de738900,0x00000000de780000)
  to   space 9216K, 0% used [0x00000000dd580000,0x00000000dd580000,0x00000000dde80000)
 ParOldGen       total 48640K, used 5350K [0x0000000080000000, 0x0000000082f80000, 0x00000000d5580000)
  object space 48640K, 11% used [0x0000000080000000,0x0000000080539a10,0x0000000082f80000)
 Metaspace       used 32789K, capacity 34280K, committed 34560K, reserved 1079296K
  class space    used 4266K, capacity 4563K, committed 4608K, reserved 1048576K
Event: 5.479 GC heap after
Heap after GC invocations=8 (full 1):
 PSYoungGen      total 140288K, used 9188K [0x00000000d5580000, 0x00000000e3780000, 0x0000000100000000)
  eden space 131072K, 0% used [0x00000000d5580000,0x00000000d5580000,0x00000000dd580000)
  from space 9216K, 99% used [0x00000000dd580000,0x00000000dde79040,0x00000000dde80000)
  to   space 12800K, 0% used [0x00000000e2b00000,0x00000000e2b00000,0x00000000e3780000)
 ParOldGen       total 48640K, used 10480K [0x0000000080000000, 0x0000000082f80000, 0x00000000d5580000)
  object space 48640K, 21% used [0x0000000080000000,0x0000000080a3c018,0x0000000082f80000)
 Metaspace       used 32789K, capacity 34280K, committed 34560K, reserved 1079296K
  class space    used 4266K, capacity 4563K, committed 4608K, reserved 1048576K
}
Event: 5.670 GC heap before
{Heap before GC invocations=9 (full 1):
 PSYoungGen      total 140288K, used 19298K [0x00000000d5580000, 0x00000000e3780000, 0x0000000100000000)
  eden space 131072K, 7% used [0x00000000d5580000,0x00000000d5f5fbb8,0x00000000dd580000)
  from space 9216K, 99% used [0x00000000dd580000,0x00000000dde79040,0x00000000dde80000)
  to   space 12800K, 0% used [0x00000000e2b00000,0x00000000e2b00000,0x00000000e3780000)
 ParOldGen       total 48640K, used 10480K [0x0000000080000000, 0x0000000082f80000, 0x00000000d5580000)
  object space 48640K, 21% used [0x0000000080000000,0x0000000080a3c018,0x0000000082f80000)
 Metaspace       used 33893K, capacity 35328K, committed 35416K, reserved 1079296K
  class space    used 4406K, capacity 4695K, committed 4736K, reserved 1048576K
Event: 5.694 GC heap after
Heap after GC invocations=9 (full 1):
 PSYoungGen      total 216576K, used 12787K [0x00000000d5580000, 0x00000000e5680000, 0x0000000100000000)
  eden space 203776K, 0% used [0x00000000d5580000,0x00000000d5580000,0x00000000e1c80000)
  from space 12800K, 99% used [0x00000000e2b00000,0x00000000e377cf20,0x00000000e3780000)
  to   space 14848K, 0% used [0x00000000e1c80000,0x00000000e1c80000,0x00000000e2b00000)
 ParOldGen       total 48640K, used 10488K [0x0000000080000000, 0x0000000082f80000, 0x00000000d5580000)
  object space 48640K, 21% used [0x0000000080000000,0x0000000080a3e018,0x0000000082f80000)
 Metaspace       used 33893K, capacity 35328K, committed 35416K, reserved 1079296K
  class space    used 4406K, capacity 4695K, committed 4736K, reserved 1048576K
}
Event: 5.694 GC heap before
{Heap before GC invocations=10 (full 2):
 PSYoungGen      total 216576K, used 12787K [0x00000000d5580000, 0x00000000e5680000, 0x0000000100000000)
  eden space 203776K, 0% used [0x00000000d5580000,0x00000000d5580000,0x00000000e1c80000)
  from space 12800K, 99% used [0x00000000e2b00000,0x00000000e377cf20,0x00000000e3780000)
  to   space 14848K, 0% used [0x00000000e1c80000,0x00000000e1c80000,0x00000000e2b00000)
 ParOldGen       total 48640K, used 10488K [0x0000000080000000, 0x0000000082f80000, 0x00000000d5580000)
  object space 48640K, 21% used [0x0000000080000000,0x0000000080a3e018,0x0000000082f80000)
 Metaspace       used 33893K, capacity 35328K, committed 35416K, reserved 1079296K
  class space    used 4406K, capacity 4695K, committed 4736K, reserved 1048576K
Event: 5.778 GC heap after
Heap after GC invocations=10 (full 2):
 PSYoungGen      total 216576K, used 0K [0x00000000d5580000, 0x00000000e5680000, 0x0000000100000000)
  eden space 203776K, 0% used [0x00000000d5580000,0x00000000d5580000,0x00000000e1c80000)
  from space 12800K, 0% used [0x00000000e2b00000,0x00000000e2b00000,0x00000000e3780000)
  to   space 14848K, 0% used [0x00000000e1c80000,0x00000000e1c80000,0x00000000e2b00000)
 ParOldGen       total 73216K, used 17813K [0x0000000080000000, 0x0000000084780000, 0x00000000d5580000)
  object space 73216K, 24% used [0x0000000080000000,0x0000000081165430,0x0000000084780000)
 Metaspace       used 33893K, capacity 35328K, committed 35416K, reserved 1079296K
  class space    used 4406K, capacity 4695K, committed 4736K, reserved 1048576K
}

Deoptimization events (10 events):
Event: 6.218 Thread 0x0000000003744000 Uncommon trap: reason=bimorphic action=maybe_recompile pc=0x00000000040d087c method=java.util.stream.ReferencePipeline$2$1.accept(Ljava/lang/Object;)V @ 21
Event: 6.218 Thread 0x0000000003744000 Uncommon trap: reason=bimorphic action=maybe_recompile pc=0x00000000040d087c method=java.util.stream.ReferencePipeline$2$1.accept(Ljava/lang/Object;)V @ 21
Event: 6.218 Thread 0x0000000003744000 Uncommon trap: reason=unstable_if action=reinterpret pc=0x0000000004387330 method=java.util.IdentityHashMap.get(Ljava/lang/Object;)Ljava/lang/Object; @ 31
Event: 6.309 Thread 0x0000000003744000 Uncommon trap: reason=unstable_if action=reinterpret pc=0x000000000451522c method=java.lang.Class.cast(Ljava/lang/Object;)Ljava/lang/Object; @ 9
Event: 6.314 Thread 0x0000000003744000 Uncommon trap: reason=unstable_if action=reinterpret pc=0x0000000004317778 method=jdk.internal.org.objectweb.asm.Type.getArgumentsAndReturnSizes(Ljava/lang/String;)I @ 41
Event: 6.320 Thread 0x0000000003744000 Uncommon trap: reason=speculate_class_check action=maybe_recompile pc=0x0000000004530718 method=java.util.AbstractList.listIterator()Ljava/util/ListIterator; @ 2
Event: 6.321 Thread 0x0000000003744000 Uncommon trap: reason=speculate_class_check action=maybe_recompile pc=0x0000000004530718 method=java.util.AbstractList.listIterator()Ljava/util/ListIterator; @ 2
Event: 6.322 Thread 0x0000000003744000 Uncommon trap: reason=speculate_class_check action=maybe_recompile pc=0x0000000004530718 method=java.util.AbstractList.listIterator()Ljava/util/ListIterator; @ 2
Event: 6.322 Thread 0x0000000003744000 Uncommon trap: reason=speculate_class_check action=maybe_recompile pc=0x0000000004530718 method=java.util.AbstractList.listIterator()Ljava/util/ListIterator; @ 2
Event: 6.444 Thread 0x0000000003744000 Uncommon trap: reason=unstable_if action=reinterpret pc=0x00000000043e4e50 method=org.springframework.beans.factory.support.AbstractBeanFactory.isTypeMatch(Ljava/lang/String;Lorg/springframework/core/ResolvableType;)Z @ 508

Internal exceptions (10 events):
Event: 6.621 Thread 0x0000000003744000 Exception <a 'java/lang/ClassNotFoundException': java/lang/ObjectCustomizer> (0x00000000d8b4ca40) thrown at [C:\re\workspace\8-2-build-windows-amd64-cygwin\jdk8u121\8372\hotspot\src\share\vm\classfile\systemDictionary.cpp, line 210]
Event: 6.623 Thread 0x0000000003744000 Exception <a 'java/lang/ClassNotFoundException': org/springframework/boot/actuate/autoconfigure/health/HealthIndicatorAutoConfigurationCustomizer> (0x00000000d8b76d18) thrown at [C:\re\workspace\8-2-build-windows-amd64-cygwin\jdk8u121\8372\hotspot\src\sha
Event: 6.625 Thread 0x0000000003744000 Exception <a 'java/lang/ClassNotFoundException': org/springframework/boot/actuate/autoconfigure/health/HealthIndicatorAutoConfiguration$$EnhancerBySpringCGLIB$$7ffb2d63Customizer> (0x00000000d8ba8bb0) thrown at [C:\re\workspace\8-2-build-windows-amd64-cyg
Event: 6.627 Thread 0x0000000003744000 Exception <a 'java/lang/ClassNotFoundException': org/springframework/context/annotation/ConfigurationClassEnhancer$EnhancedConfigurationCustomizer> (0x00000000d8bd9068) thrown at [C:\re\workspace\8-2-build-windows-amd64-cygwin\jdk8u121\8372\hotspot\src\sh
Event: 6.628 Thread 0x0000000003744000 Exception <a 'java/lang/ClassNotFoundException': org/springframework/beans/factory/BeanFactoryAwareCustomizer> (0x00000000d8bf62d8) thrown at [C:\re\workspace\8-2-build-windows-amd64-cygwin\jdk8u121\8372\hotspot\src\share\vm\classfile\systemDictionary.cpp
Event: 6.629 Thread 0x0000000003744000 Exception <a 'java/lang/ClassNotFoundException': org/springframework/beans/factory/AwareCustomizer> (0x00000000d8c119f8) thrown at [C:\re\workspace\8-2-build-windows-amd64-cygwin\jdk8u121\8372\hotspot\src\share\vm\classfile\systemDictionary.cpp, line 210]
Event: 6.638 Thread 0x0000000003744000 Exception <a 'java/lang/ClassNotFoundException': java/lang/ObjectCustomizer> (0x00000000d8c95478) thrown at [C:\re\workspace\8-2-build-windows-amd64-cygwin\jdk8u121\8372\hotspot\src\share\vm\classfile\systemDictionary.cpp, line 210]
Event: 6.641 Thread 0x0000000003744000 Exception <a 'java/lang/ClassNotFoundException': org/springframework/boot/actuate/health/AbstractHealthAggregatorCustomizer> (0x00000000d8cb95f0) thrown at [C:\re\workspace\8-2-build-windows-amd64-cygwin\jdk8u121\8372\hotspot\src\share\vm\classfile\system
Event: 6.643 Thread 0x0000000003744000 Exception <a 'java/lang/ClassNotFoundException': org/springframework/boot/actuate/health/OrderedHealthAggregatorCustomizer> (0x00000000d8cdd240) thrown at [C:\re\workspace\8-2-build-windows-amd64-cygwin\jdk8u121\8372\hotspot\src\share\vm\classfile\systemD
Event: 6.645 Thread 0x0000000003744000 Exception <a 'java/lang/ClassNotFoundException': org/springframework/boot/actuate/health/HealthAggregatorCustomizer> (0x00000000d8d024f8) thrown at [C:\re\workspace\8-2-build-windows-amd64-cygwin\jdk8u121\8372\hotspot\src\share\vm\classfile\systemDictiona

Events (10 events):
Event: 6.643 loading class org/springframework/boot/actuate/health/OrderedHealthAggregatorCustomizer
Event: 6.643 loading class org/springframework/boot/actuate/health/OrderedHealthAggregatorCustomizer done
Event: 6.644 loading class org/springframework/boot/actuate/health/HealthAggregatorCustomizer
Event: 6.644 loading class org/springframework/boot/actuate/health/HealthAggregatorCustomizer done
Event: 6.644 loading class org/springframework/boot/actuate/health/HealthAggregatorCustomizer
Event: 6.644 loading class org/springframework/boot/actuate/health/HealthAggregatorCustomizer done
Event: 6.645 loading class org/springframework/boot/actuate/health/HealthAggregatorCustomizer
Event: 6.645 loading class org/springframework/boot/actuate/health/HealthAggregatorCustomizer done
Event: 6.650 loading class org/springframework/boot/actuate/autoconfigure/health/HealthIndicatorRegistryBeans
Event: 6.650 loading class org/springframework/boot/actuate/autoconfigure/health/HealthIndicatorRegistryBeans done


Dynamic libraries:
0x00007ff601d30000 - 0x00007ff601d67000 	C:\Program Files\Java\jdk1.8.0_121\bin\javaw.exe
0x00007ff89b500000 - 0x00007ff89b6e1000 	C:\WINDOWS\SYSTEM32\ntdll.dll
0x00007ff899100000 - 0x00007ff8991b2000 	C:\WINDOWS\System32\KERNEL32.DLL
0x00007ff8983f0000 - 0x00007ff898663000 	C:\WINDOWS\System32\KERNELBASE.dll
0x00007ff8991c0000 - 0x00007ff899261000 	C:\WINDOWS\System32\ADVAPI32.dll
0x00007ff899e50000 - 0x00007ff899eee000 	C:\WINDOWS\System32\msvcrt.dll
0x00007ff899750000 - 0x00007ff8997ab000 	C:\WINDOWS\System32\sechost.dll
0x00007ff898dc0000 - 0x00007ff898ee4000 	C:\WINDOWS\System32\RPCRT4.dll
0x00007ff898bb0000 - 0x00007ff898d40000 	C:\WINDOWS\System32\USER32.dll
0x00007ff898970000 - 0x00007ff898990000 	C:\WINDOWS\System32\win32u.dll
0x00007ff899cf0000 - 0x00007ff899d18000 	C:\WINDOWS\System32\GDI32.dll
0x00007ff898060000 - 0x00007ff8981f2000 	C:\WINDOWS\System32\gdi32full.dll
0x00007ff898200000 - 0x00007ff89829f000 	C:\WINDOWS\System32\msvcp_win.dll
0x00007ff8982f0000 - 0x00007ff8983ea000 	C:\WINDOWS\System32\ucrtbase.dll
0x00007ff895a50000 - 0x00007ff895cb9000 	C:\WINDOWS\WinSxS\amd64_microsoft.windows.common-controls_6595b64144ccf1df_6.0.17134.228_none_fb4599993062b194\COMCTL32.dll
0x00007ff8997b0000 - 0x00007ff899ad3000 	C:\WINDOWS\System32\combase.dll
0x00007ff897fe0000 - 0x00007ff89805a000 	C:\WINDOWS\System32\bcryptPrimitives.dll
0x00007ff899720000 - 0x00007ff89974d000 	C:\WINDOWS\System32\IMM32.DLL
0x00007ff8976b0000 - 0x00007ff89770d000 	C:\Program Files\Citrix\System32\MfApHook64.dll
0x00007ff896fe0000 - 0x00007ff89700b000 	C:\Program Files\Citrix\ICAService\CtxDodHook64.dll
0x00007ff8975d0000 - 0x00007ff897602000 	C:\Program Files\Citrix\ICAService\picaFullScreenHookX64.dll
0x00007ff896f90000 - 0x00007ff896fde000 	C:\Program Files\Citrix\ICAService\ShellHook64.dll
0x00007ff899fa0000 - 0x00007ff89b3e0000 	C:\WINDOWS\System32\SHELL32.dll
0x00007ff8982a0000 - 0x00007ff8982e9000 	C:\WINDOWS\System32\cfgmgr32.dll
0x00007ff899ef0000 - 0x00007ff899f99000 	C:\WINDOWS\System32\shcore.dll
0x00007ff8978d0000 - 0x00007ff897fdd000 	C:\WINDOWS\System32\windows.storage.dll
0x00007ff899d20000 - 0x00007ff899d71000 	C:\WINDOWS\System32\shlwapi.dll
0x00007ff8978b0000 - 0x00007ff8978c1000 	C:\WINDOWS\System32\kernel.appcore.dll
0x00007ff897890000 - 0x00007ff8978af000 	C:\WINDOWS\System32\profapi.dll
0x00007ff897820000 - 0x00007ff89786c000 	C:\WINDOWS\System32\powrprof.dll
0x00007ff897810000 - 0x00007ff89781a000 	C:\WINDOWS\System32\FLTLIB.DLL
0x00007ff896e10000 - 0x00007ff896f8c000 	C:\Program Files\Citrix\ICAService\SCardHook64.dll
0x00007ff896d70000 - 0x00007ff896d9a000 	C:\Program Files\Citrix\ICAService\cxinjime64.dll
0x00007ff896c60000 - 0x00007ff896ca8000 	C:\Program Files\Citrix\ICAService\PicaWtsHook64.dll
0x0000000070f60000 - 0x0000000071032000 	C:\Program Files\Java\jdk1.8.0_121\jre\bin\msvcr100.dll
0x00000000706c0000 - 0x0000000070f5b000 	C:\Program Files\Java\jdk1.8.0_121\jre\bin\server\jvm.dll
0x00007ff899ce0000 - 0x00007ff899ce8000 	C:\WINDOWS\System32\PSAPI.DLL
0x00007ff891cf0000 - 0x00007ff891d13000 	C:\WINDOWS\SYSTEM32\WINMM.dll
0x00007ff8974c0000 - 0x00007ff8974ca000 	C:\WINDOWS\SYSTEM32\VERSION.dll
0x00007ff885520000 - 0x00007ff885529000 	C:\WINDOWS\SYSTEM32\WSOCK32.dll
0x00007ff891c30000 - 0x00007ff891c5a000 	C:\WINDOWS\SYSTEM32\WINMMBASE.dll
0x00007ff898d40000 - 0x00007ff898dac000 	C:\WINDOWS\System32\WS2_32.dll
0x00000000712a0000 - 0x00000000712af000 	C:\Program Files\Java\jdk1.8.0_121\jre\bin\verify.dll
0x0000000071270000 - 0x0000000071299000 	C:\Program Files\Java\jdk1.8.0_121\jre\bin\java.dll
0x0000000071250000 - 0x0000000071266000 	C:\Program Files\Java\jdk1.8.0_121\jre\bin\zip.dll
0x0000000071220000 - 0x000000007123a000 	C:\Program Files\Java\jdk1.8.0_121\jre\bin\net.dll
0x00007ff896550000 - 0x00007ff8965b6000 	C:\WINDOWS\system32\mswsock.dll
0x0000000071140000 - 0x0000000071151000 	C:\Program Files\Java\jdk1.8.0_121\jre\bin\nio.dll
0x0000000071240000 - 0x000000007124d000 	C:\Program Files\Java\jdk1.8.0_121\jre\bin\management.dll
0x00007ff88b0f0000 - 0x00007ff88b106000 	C:\WINDOWS\system32\napinsp.dll
0x00007ff88b110000 - 0x00007ff88b12a000 	C:\WINDOWS\system32\pnrpnsp.dll
0x00007ff893120000 - 0x00007ff893139000 	C:\WINDOWS\system32\NLAapi.dll
0x00007ff896320000 - 0x00007ff8963de000 	C:\WINDOWS\SYSTEM32\DNSAPI.dll
0x00007ff8990f0000 - 0x00007ff8990f8000 	C:\WINDOWS\System32\NSI.dll
0x00007ff8962e0000 - 0x00007ff896318000 	C:\WINDOWS\SYSTEM32\IPHLPAPI.DLL
0x00007ff88b130000 - 0x00007ff88b13e000 	C:\WINDOWS\System32\winrnr.dll
0x00007ff88e550000 - 0x00007ff88e55a000 	C:\Windows\System32\rasadhlp.dll
0x00007ff8909d0000 - 0x00007ff890a42000 	C:\WINDOWS\System32\fwpuclnt.dll
0x00007ff897080000 - 0x00007ff8970a5000 	C:\WINDOWS\SYSTEM32\bcrypt.dll
0x00007ff896700000 - 0x00007ff896717000 	C:\WINDOWS\SYSTEM32\CRYPTSP.dll
0x00007ff8960e0000 - 0x00007ff896113000 	C:\WINDOWS\system32\rsaenh.dll
0x00007ff897710000 - 0x00007ff897738000 	C:\WINDOWS\SYSTEM32\USERENV.dll
0x00007ff896720000 - 0x00007ff89672b000 	C:\WINDOWS\SYSTEM32\CRYPTBASE.dll
0x00007ff8905b0000 - 0x00007ff8905c6000 	C:\WINDOWS\SYSTEM32\dhcpcsvc6.DLL
0x00007ff890530000 - 0x00007ff89054a000 	C:\WINDOWS\SYSTEM32\dhcpcsvc.DLL

VM Arguments:
jvm_args: -ea -Dfile.encoding=UTF-8 
java_command: org.eclipse.jdt.internal.junit.runner.RemoteTestRunner -version 3 -port 53039 -testLoaderClass org.eclipse.jdt.internal.junit4.runner.JUnit4TestLoader -loaderpluginname org.eclipse.jdt.junit4.runtime -classNames com.capgemini.annapurna.restaurant.test.service.RestaurantServiceTest
java_class_path (initial): C:\Ujwala_Gawari\Annapurna-Project\Restaurant\Restaurant\target\test-classes;C:\Ujwala_Gawari\Annapurna-Project\Restaurant\Restaurant\target\classes;C:\Users\ugawari\.m2\repository\org\springframework\boot\spring-boot-starter-data-mongodb\2.1.2.RELEASE\spring-boot-starter-data-mongodb-2.1.2.RELEASE.jar;C:\Users\ugawari\.m2\repository\org\springframework\boot\spring-boot-starter\2.1.2.RELEASE\spring-boot-starter-2.1.2.RELEASE.jar;C:\Users\ugawari\.m2\repository\org\springframework\boot\spring-boot-starter-logging\2.1.2.RELEASE\spring-boot-starter-logging-2.1.2.RELEASE.jar;C:\Users\ugawari\.m2\repository\ch\qos\logback\logback-classic\1.2.3\logback-classic-1.2.3.jar;C:\Users\ugawari\.m2\repository\ch\qos\logback\logback-core\1.2.3\logback-core-1.2.3.jar;C:\Users\ugawari\.m2\repository\org\apache\logging\log4j\log4j-to-slf4j\2.11.1\log4j-to-slf4j-2.11.1.jar;C:\Users\ugawari\.m2\repository\org\apache\logging\log4j\log4j-api\2.11.1\log4j-api-2.11.1.jar;C:\Users\ugawari\.m2\repository\org\slf4j\jul-to-slf4j\1.7.25\jul-to-slf4j-1.7.25.jar;C:\Users\ugawari\.m2\repository\javax\annotation\javax.annotation-api\1.3.2\javax.annotation-api-1.3.2.jar;C:\Users\ugawari\.m2\repository\org\yaml\snakeyaml\1.23\snakeyaml-1.23.jar;C:\Users\ugawari\.m2\repository\org\mongodb\mongodb-driver\3.8.2\mongodb-driver-3.8.2.jar;C:\Users\ugawari\.m2\repository\org\mongodb\bson\3.8.2\bson-3.8.2.jar;C:\Users\ugawari\.m2\repository\org\mongodb\mongodb-driver-core\3.8.2\mongodb-driver-core-3.8.2.jar;C:\Users\ugawari\.m2\repository\org\springframework\data\spring-data-mongodb\2.1.4.RELEASE\spring-data-mongodb-2.1.4.RELEASE.jar;C:\Users\ugawari\.m2\repository\org\springframework\spring-tx\5.1.4.RELEASE\spring-tx-5.1.4.RELEASE.jar;C:\Users\ugawari\.m2\repository\org\springframework\spring-context\5.1.4.RELEASE\spring-context-5.1.4.RELEASE.jar;C:\Users\ugawari\.m2\repository\org\springframework\spring-beans\5.1.4.RELEASE\spring-beans-5.1.4.RELEASE.jar;C:\Users\ugawari\.m2\rep
Launcher Type: SUN_STANDARD

Environment Variables:
PATH=C:/Program Files/Java/jre1.8.0_121/bin/server;C:/Program Files/Java/jre1.8.0_121/bin;C:/Program Files/Java/jre1.8.0_121/lib/amd64;C:\Python34\;C:\Python34\Scripts;C:\oraclexe\app\oracle\product\11.2.0\server\bin;C:\ProgramData\Oracle\Java\javapath;C:\WINDOWS\system32;C:\WINDOWS;C:\WINDOWS\System32\Wbem;C:\WINDOWS\System32\WindowsPowerShell\v1.0\;C:\Program Files\TortoiseSVN\bin;C:\Program Files\nodejs\;C:\Program Files\Git\cmd;C:\Program Files (x86)\Microsoft SQL Server\110\Tools\Binn\ManagementStudio\;C:\Program Files (x86)\Microsoft SQL Server\110\Tools\Binn\;C:\Program Files (x86)\Microsoft SQL Server\110\DTS\Binn\;C:\Program Files\Citrix\System32\;C:\Program Files\Citrix\ICAService\;C:\WINDOWS\System32\OpenSSH\;C:\Users\ugawari\AppData\Local\Microsoft\WindowsApps;;C:\SOFTWARES\sts-bundle\sts-3.9.7.RELEASE;
USERNAME=ugawari
OS=Windows_NT
PROCESSOR_IDENTIFIER=Intel64 Family 15 Model 6 Stepping 1, GenuineIntel



---------------  S Y S T E M  ---------------

OS: Windows 10.0 , 64 bit Build 17134 (10.0.17134.1)

CPU:total 4 (2 cores per cpu, 1 threads per core) family 15 model 6 stepping 1, cmov, cx8, fxsr, mmx, sse, sse2, sse3, ssse3, sse4.1, sse4.2, popcnt, avx, avx2, aes, clmul, erms, rtm, 3dnowpref, lzcnt, tsc, bmi1, bmi2, adx

Memory: 4k page, physical 8388056k(1100184k free), swap 18697820k(2612k free)

vm_info: Java HotSpot(TM) 64-Bit Server VM (25.121-b13) for windows-amd64 JRE (1.8.0_121-b13), built on Dec 12 2016 18:21:36 by "java_re" with MS VC++ 10.0 (VS2010)

time: Thu Feb 07 16:39:40 2019
elapsed time: 6 seconds (0d 0h 0m 6s)

