#
# There is insufficient memory for the Java Runtime Environment to continue.
# Native memory allocation (malloc) failed to allocate 782656 bytes for Chunk::new
# Possible reasons:
#   The system is out of physical RAM or swap space
#   In 32 bit mode, the process size limit was hit
# Possible solutions:
#   Reduce memory load on the system
#   Increase physical memory or swap space
#   Check if swap backing store is full
#   Use 64 bit Java on a 64 bit OS
#   Decrease Java heap size (-Xmx/-Xms)
#   Decrease number of Java threads
#   Decrease Java thread stack sizes (-Xss)
#   Set larger code cache with -XX:ReservedCodeCacheSize=
# This output file may be truncated or incomplete.
#
#  Out of Memory Error (allocation.cpp:390), pid=2368, tid=0x0000000000005bb4
#
# JRE version: Java(TM) SE Runtime Environment (8.0_121-b13) (build 1.8.0_121-b13)
# Java VM: Java HotSpot(TM) 64-Bit Server VM (25.121-b13 mixed mode windows-amd64 compressed oops)
# Failed to write core dump. Minidumps are not enabled by default on client versions of Windows
#

---------------  T H R E A D  ---------------

Current thread (0x0000000018127800):  JavaThread "C2 CompilerThread1" daemon [_thread_in_native, id=23476, stack(0x0000000019860000,0x0000000019960000)]

Stack: [0x0000000019860000,0x0000000019960000]
[error occurred during error reporting (printing stack bounds), id 0xc0000005]

Native frames: (J=compiled Java code, j=interpreted, Vv=VM code, C=native code)


Current CompileTask:
C2:   7660 4469   !   4       com.sun.beans.TypeResolver::resolve (274 bytes)


---------------  P R O C E S S  ---------------

Java Threads: ( => current thread )
  0x000000001add2000 JavaThread "container-0" [_thread_blocked, id=9428, stack(0x0000000020290000,0x0000000020390000)]
  0x000000001add0800 JavaThread "Catalina-utility-1" [_thread_blocked, id=27152, stack(0x0000000020190000,0x0000000020290000)]
  0x000000001adcf000 JavaThread "SimplePauseDetectorThread_0" daemon [_thread_blocked, id=12532, stack(0x000000001ff80000,0x0000000020080000)]
  0x000000001adcd800 JavaThread "Thread-3" daemon [_thread_blocked, id=12352, stack(0x000000001fc60000,0x000000001fd60000)]
  0x000000001adce800 JavaThread "CleanCursors-1-thread-1" daemon [_thread_blocked, id=10688, stack(0x000000001fa60000,0x000000001fb60000)]
  0x000000001add0000 JavaThread "cluster-ClusterId{value='5c5aa8240786f40940ade1c4', description='null'}-localhost:27017" daemon [_thread_blocked, id=9548, stack(0x000000001db40000,0x000000001dc40000)]
  0x000000001a18e000 JavaThread "ReaderThread" [_thread_in_native, id=15916, stack(0x000000001a960000,0x000000001aa60000)]
  0x0000000019aa4800 JavaThread "Service Thread" daemon [_thread_blocked, id=13140, stack(0x0000000019e60000,0x0000000019f60000)]
  0x000000001812c000 JavaThread "C1 CompilerThread2" daemon [_thread_blocked, id=5168, stack(0x0000000019960000,0x0000000019a60000)]
=>0x0000000018127800 JavaThread "C2 CompilerThread1" daemon [_thread_in_native, id=23476, stack(0x0000000019860000,0x0000000019960000)]
  0x0000000018125000 JavaThread "C2 CompilerThread0" daemon [_thread_in_native, id=6464, stack(0x0000000019760000,0x0000000019860000)]
  0x0000000018123800 JavaThread "Attach Listener" daemon [_thread_blocked, id=38464, stack(0x0000000019660000,0x0000000019760000)]
  0x0000000018120800 JavaThread "Signal Dispatcher" daemon [_thread_blocked, id=18396, stack(0x0000000019560000,0x0000000019660000)]
  0x00000000034fd800 JavaThread "Finalizer" daemon [_thread_blocked, id=22832, stack(0x0000000019370000,0x0000000019470000)]
  0x00000000034f4000 JavaThread "Reference Handler" daemon [_thread_blocked, id=8556, stack(0x0000000019270000,0x0000000019370000)]
  0x0000000003404000 JavaThread "main" [_thread_in_native, id=25332, stack(0x0000000003230000,0x0000000003330000)]

Other Threads:
  0x00000000180e7800 VMThread [stack: 0x0000000019170000,0x0000000019270000] [id=28180]
  0x0000000019ab9000 WatcherThread [stack: 0x0000000019f60000,0x000000001a060000] [id=14772]

VM state:not at safepoint (normal execution)

VM Mutex/Monitor currently owned by a thread: None

Heap:
 PSYoungGen      total 139776K, used 59656K [0x00000000d5580000, 0x00000000e4b80000, 0x0000000100000000)
  eden space 130560K, 38% used [0x00000000d5580000,0x00000000d86c5f40,0x00000000dd500000)
  from space 9216K, 99% used [0x00000000dd500000,0x00000000dddfc260,0x00000000dde00000)
  to   space 14848K, 0% used [0x00000000e3d00000,0x00000000e3d00000,0x00000000e4b80000)
 ParOldGen       total 45056K, used 19993K [0x0000000080000000, 0x0000000082c00000, 0x00000000d5580000)
  object space 45056K, 44% used [0x0000000080000000,0x0000000081386518,0x0000000082c00000)
 Metaspace       used 42699K, capacity 44896K, committed 44968K, reserved 1087488K
  class space    used 5650K, capacity 6027K, committed 6064K, reserved 1048576K

Card table byte_map: [0x00000000128c0000,0x0000000012cd0000] byte_map_base: 0x00000000124c0000

Marking Bits: (ParMarkBitMap*) 0x0000000070dfb6d0
 Begin Bits: [0x0000000013380000, 0x0000000015380000)
 End Bits:   [0x0000000015380000, 0x0000000017380000)

Polling page: 0x00000000016f0000

CodeCache: size=245760Kb used=13787Kb max_used=14698Kb free=231972Kb
 bounds [0x0000000003500000, 0x0000000004370000, 0x0000000012500000]
 total_blobs=4350 nmethods=3902 adapters=360
 compilation: enabled

Compilation events (10 events):
Event: 7.628 Thread 0x000000001812c000 4490       3       org.springframework.data.repository.util.ReactiveWrappers$$Lambda$223/28145535::<init> (10 bytes)
Event: 7.628 Thread 0x000000001812c000 nmethod 4490 0x0000000003a5d310 code [0x0000000003a5d460, 0x0000000003a5d630]
Event: 7.629 Thread 0x000000001812c000 4491       3       java.lang.invoke.MethodHandles$Lookup::findBoundCallerClass (36 bytes)
Event: 7.630 Thread 0x000000001812c000 nmethod 4491 0x0000000003a5c490 code [0x0000000003a5c660, 0x0000000003a5cfb8]
Event: 7.634 Thread 0x000000001812c000 4492       3       org.springframework.data.util.Streamable::stream (11 bytes)
Event: 7.635 Thread 0x000000001812c000 nmethod 4492 0x000000000382c710 code [0x000000000382c8c0, 0x000000000382ce38]
Event: 7.635 Thread 0x000000001812c000 4493       3       java.lang.Iterable::spliterator (11 bytes)
Event: 7.635 Thread 0x000000001812c000 nmethod 4493 0x000000000382be10 code [0x000000000382bfc0, 0x000000000382c4d8]
Event: 7.648 Thread 0x000000001812c000 4494       3       java.util.ArrayList::add (54 bytes)
Event: 7.650 Thread 0x000000001812c000 nmethod 4494 0x0000000003b9c290 code [0x0000000003b9c460, 0x0000000003b9cc18]

GC Heap History (10 events):
Event: 3.276 GC heap before
{Heap before GC invocations=7 (full 1):
 PSYoungGen      total 71680K, used 66560K [0x00000000d5580000, 0x00000000de880000, 0x0000000100000000)
  eden space 66560K, 100% used [0x00000000d5580000,0x00000000d9680000,0x00000000d9680000)
  from space 5120K, 0% used [0x00000000d9680000,0x00000000d9680000,0x00000000d9b80000)
  to   space 8704K, 0% used [0x00000000de000000,0x00000000de000000,0x00000000de880000)
 ParOldGen       total 45056K, used 5316K [0x0000000080000000, 0x0000000082c00000, 0x00000000d5580000)
  object space 45056K, 11% used [0x0000000080000000,0x0000000080531120,0x0000000082c00000)
 Metaspace       used 25486K, capacity 26174K, committed 26288K, reserved 1073152K
  class space    used 3282K, capacity 3468K, committed 3504K, reserved 1048576K
Event: 3.289 GC heap after
Heap after GC invocations=7 (full 1):
 PSYoungGen      total 133632K, used 7130K [0x00000000d5580000, 0x00000000de700000, 0x0000000100000000)
  eden space 126464K, 0% used [0x00000000d5580000,0x00000000d5580000,0x00000000dd100000)
  from space 7168K, 99% used [0x00000000de000000,0x00000000de6f6a80,0x00000000de700000)
  to   space 9216K, 0% used [0x00000000dd500000,0x00000000dd500000,0x00000000dde00000)
 ParOldGen       total 45056K, used 5388K [0x0000000080000000, 0x0000000082c00000, 0x00000000d5580000)
  object space 45056K, 11% used [0x0000000080000000,0x0000000080543130,0x0000000082c00000)
 Metaspace       used 25486K, capacity 26174K, committed 26288K, reserved 1073152K
  class space    used 3282K, capacity 3468K, committed 3504K, reserved 1048576K
}
Event: 5.002 GC heap before
{Heap before GC invocations=8 (full 1):
 PSYoungGen      total 133632K, used 133594K [0x00000000d5580000, 0x00000000de700000, 0x0000000100000000)
  eden space 126464K, 100% used [0x00000000d5580000,0x00000000dd100000,0x00000000dd100000)
  from space 7168K, 99% used [0x00000000de000000,0x00000000de6f6a80,0x00000000de700000)
  to   space 9216K, 0% used [0x00000000dd500000,0x00000000dd500000,0x00000000dde00000)
 ParOldGen       total 45056K, used 5388K [0x0000000080000000, 0x0000000082c00000, 0x00000000d5580000)
  object space 45056K, 11% used [0x0000000080000000,0x0000000080543130,0x0000000082c00000)
 Metaspace       used 33554K, capacity 35014K, committed 35248K, reserved 1079296K
  class space    used 4366K, capacity 4660K, committed 4784K, reserved 1048576K
Event: 5.023 GC heap after
Heap after GC invocations=8 (full 1):
 PSYoungGen      total 139776K, used 9184K [0x00000000d5580000, 0x00000000e5900000, 0x0000000100000000)
  eden space 130560K, 0% used [0x00000000d5580000,0x00000000d5580000,0x00000000dd500000)
  from space 9216K, 99% used [0x00000000dd500000,0x00000000dddf8020,0x00000000dde00000)
  to   space 14336K, 0% used [0x00000000e4b00000,0x00000000e4b00000,0x00000000e5900000)
 ParOldGen       total 45056K, used 13884K [0x0000000080000000, 0x0000000082c00000, 0x00000000d5580000)
  object space 45056K, 30% used [0x0000000080000000,0x0000000080d8f030,0x0000000082c00000)
 Metaspace       used 33554K, capacity 35014K, committed 35248K, reserved 1079296K
  class space    used 4366K, capacity 4660K, committed 4784K, reserved 1048576K
}
Event: 5.063 GC heap before
{Heap before GC invocations=9 (full 1):
 PSYoungGen      total 139776K, used 13199K [0x00000000d5580000, 0x00000000e5900000, 0x0000000100000000)
  eden space 130560K, 3% used [0x00000000d5580000,0x00000000d596bc70,0x00000000dd500000)
  from space 9216K, 99% used [0x00000000dd500000,0x00000000dddf8020,0x00000000dde00000)
  to   space 14336K, 0% used [0x00000000e4b00000,0x00000000e4b00000,0x00000000e5900000)
 ParOldGen       total 45056K, used 13884K [0x0000000080000000, 0x0000000082c00000, 0x00000000d5580000)
  object space 45056K, 30% used [0x0000000080000000,0x0000000080d8f030,0x0000000082c00000)
 Metaspace       used 33866K, capacity 35320K, committed 35496K, reserved 1079296K
  class space    used 4407K, capacity 4695K, committed 4784K, reserved 1048576K
Event: 5.077 GC heap after
Heap after GC invocations=9 (full 1):
 PSYoungGen      total 144896K, used 9590K [0x00000000d5580000, 0x00000000e5900000, 0x0000000100000000)
  eden space 130560K, 0% used [0x00000000d5580000,0x00000000d5580000,0x00000000dd500000)
  from space 14336K, 66% used [0x00000000e4b00000,0x00000000e545dac0,0x00000000e5900000)
  to   space 9216K, 0% used [0x00000000dd500000,0x00000000dd500000,0x00000000dde00000)
 ParOldGen       total 45056K, used 13884K [0x0000000080000000, 0x0000000082c00000, 0x00000000d5580000)
  object space 45056K, 30% used [0x0000000080000000,0x0000000080d8f030,0x0000000082c00000)
 Metaspace       used 33866K, capacity 35320K, committed 35496K, reserved 1079296K
  class space    used 4407K, capacity 4695K, committed 4784K, reserved 1048576K
}
Event: 5.077 GC heap before
{Heap before GC invocations=10 (full 2):
 PSYoungGen      total 144896K, used 9590K [0x00000000d5580000, 0x00000000e5900000, 0x0000000100000000)
  eden space 130560K, 0% used [0x00000000d5580000,0x00000000d5580000,0x00000000dd500000)
  from space 14336K, 66% used [0x00000000e4b00000,0x00000000e545dac0,0x00000000e5900000)
  to   space 9216K, 0% used [0x00000000dd500000,0x00000000dd500000,0x00000000dde00000)
 ParOldGen       total 45056K, used 13884K [0x0000000080000000, 0x0000000082c00000, 0x00000000d5580000)
  object space 45056K, 30% used [0x0000000080000000,0x0000000080d8f030,0x0000000082c00000)
 Metaspace       used 33866K, capacity 35320K, committed 35496K, reserved 1079296K
  class space    used 4407K, capacity 4695K, committed 4784K, reserved 1048576K
Event: 5.142 GC heap after
Heap after GC invocations=10 (full 2):
 PSYoungGen      total 144896K, used 0K [0x00000000d5580000, 0x00000000e5900000, 0x0000000100000000)
  eden space 130560K, 0% used [0x00000000d5580000,0x00000000d5580000,0x00000000dd500000)
  from space 14336K, 0% used [0x00000000e4b00000,0x00000000e4b00000,0x00000000e5900000)
  to   space 9216K, 0% used [0x00000000dd500000,0x00000000dd500000,0x00000000dde00000)
 ParOldGen       total 45056K, used 18151K [0x0000000080000000, 0x0000000082c00000, 0x00000000d5580000)
  object space 45056K, 40% used [0x0000000080000000,0x00000000811b9ce0,0x0000000082c00000)
 Metaspace       used 33866K, capacity 35320K, committed 35496K, reserved 1079296K
  class space    used 4407K, capacity 4695K, committed 4784K, reserved 1048576K
}
Event: 7.154 GC heap before
{Heap before GC invocations=11 (full 2):
 PSYoungGen      total 144896K, used 130560K [0x00000000d5580000, 0x00000000e5900000, 0x0000000100000000)
  eden space 130560K, 100% used [0x00000000d5580000,0x00000000dd500000,0x00000000dd500000)
  from space 14336K, 0% used [0x00000000e4b00000,0x00000000e4b00000,0x00000000e5900000)
  to   space 9216K, 0% used [0x00000000dd500000,0x00000000dd500000,0x00000000dde00000)
 ParOldGen       total 45056K, used 18151K [0x0000000080000000, 0x0000000082c00000, 0x00000000d5580000)
  object space 45056K, 40% used [0x0000000080000000,0x00000000811b9ce0,0x0000000082c00000)
 Metaspace       used 41528K, capacity 43564K, committed 43816K, reserved 1087488K
  class space    used 5471K, capacity 5843K, committed 5936K, reserved 1048576K
Event: 7.167 GC heap after
Heap after GC invocations=11 (full 2):
 PSYoungGen      total 139776K, used 9200K [0x00000000d5580000, 0x00000000e4b80000, 0x0000000100000000)
  eden space 130560K, 0% used [0x00000000d5580000,0x00000000d5580000,0x00000000dd500000)
  from space 9216K, 99% used [0x00000000dd500000,0x00000000dddfc260,0x00000000dde00000)
  to   space 14848K, 0% used [0x00000000e3d00000,0x00000000e3d00000,0x00000000e4b80000)
 ParOldGen       total 45056K, used 19993K [0x0000000080000000, 0x0000000082c00000, 0x00000000d5580000)
  object space 45056K, 44% used [0x0000000080000000,0x0000000081386518,0x0000000082c00000)
 Metaspace       used 41528K, capacity 43564K, committed 43816K, reserved 1087488K
  class space    used 5471K, capacity 5843K, committed 5936K, reserved 1048576K
}

Deoptimization events (10 events):
Event: 6.863 Thread 0x0000000003404000 Uncommon trap: reason=class_check action=maybe_recompile pc=0x0000000003fe5c64 method=org.springframework.util.ConcurrentReferenceHashMap$Segment.restructureIfNecessary(Z)V @ 230
Event: 7.081 Thread 0x0000000003404000 Uncommon trap: reason=unstable_if action=reinterpret pc=0x00000000037bb2bc method=org.springframework.util.ObjectUtils.nullSafeHashCode(Ljava/lang/Object;)I @ 13
Event: 7.211 Thread 0x000000001adcd800 Uncommon trap: reason=unstable_if action=reinterpret pc=0x00000000040c9454 method=java.util.concurrent.locks.AbstractQueuedSynchronizer.release(I)Z @ 14
Event: 7.240 Thread 0x0000000003404000 Uncommon trap: reason=unstable_if action=reinterpret pc=0x0000000003c2635c method=java.util.LinkedHashMap.afterNodeInsertion(Z)V @ 18
Event: 7.253 Thread 0x0000000003404000 Uncommon trap: reason=unstable_if action=reinterpret pc=0x0000000003e88754 method=org.springframework.cglib.core.CodeEmitter.emit_invoke(ILorg/springframework/asm/Type;Lorg/springframework/cglib/core/Signature;)V @ 24
Event: 7.562 Thread 0x0000000003404000 Uncommon trap: reason=bimorphic action=maybe_recompile pc=0x00000000040c39c0 method=java.util.Hashtable.get(Ljava/lang/Object;)Ljava/lang/Object; @ 6
Event: 7.563 Thread 0x0000000003404000 Uncommon trap: reason=bimorphic action=maybe_recompile pc=0x00000000040c39c0 method=java.util.Hashtable.get(Ljava/lang/Object;)Ljava/lang/Object; @ 6
Event: 7.576 Thread 0x0000000003404000 Uncommon trap: reason=unstable_if action=reinterpret pc=0x0000000003de64d4 method=java.lang.reflect.Method.equals(Ljava/lang/Object;)Z @ 1
Event: 7.595 Thread 0x0000000003404000 Uncommon trap: reason=null_check action=make_not_entrant pc=0x00000000036ce384 method=java.lang.Class.privateGetDeclaredConstructors(Z)[Ljava/lang/reflect/Constructor; @ 35
Event: 7.603 Thread 0x0000000003404000 Uncommon trap: reason=unstable_if action=reinterpret pc=0x0000000003af23dc method=org.springframework.asm.ClassReader.readUtf(II[C)Ljava/lang/String; @ 41

Internal exceptions (10 events):
Event: 7.609 Thread 0x0000000003404000 Exception <a 'java/lang/ClassNotFoundException': java/lang/ObjectCustomizer> (0x00000000d80b8c88) thrown at [C:\re\workspace\8-2-build-windows-amd64-cygwin\jdk8u121\8372\hotspot\src\share\vm\classfile\systemDictionary.cpp, line 210]
Event: 7.610 Thread 0x0000000003404000 Exception <a 'java/lang/ClassNotFoundException': org/springframework/data/repository/core/support/RepositoryFragmentsFactoryBeanCustomizer> (0x00000000d80dcb40) thrown at [C:\re\workspace\8-2-build-windows-amd64-cygwin\jdk8u121\8372\hotspot\src\share\vm\c
Event: 7.612 Thread 0x0000000003404000 Exception <a 'java/lang/ClassNotFoundException': org/springframework/beans/factory/FactoryBeanCustomizer> (0x00000000d811e540) thrown at [C:\re\workspace\8-2-build-windows-amd64-cygwin\jdk8u121\8372\hotspot\src\share\vm\classfile\systemDictionary.cpp, lin
Event: 7.612 Thread 0x0000000003404000 Exception <a 'java/lang/ClassNotFoundException': org/springframework/beans/factory/BeanFactoryAwareCustomizer> (0x00000000d813bbb8) thrown at [C:\re\workspace\8-2-build-windows-amd64-cygwin\jdk8u121\8372\hotspot\src\share\vm\classfile\systemDictionary.cpp
Event: 7.613 Thread 0x0000000003404000 Exception <a 'java/lang/ClassNotFoundException': org/springframework/beans/factory/AwareCustomizer> (0x00000000d8154008) thrown at [C:\re\workspace\8-2-build-windows-amd64-cygwin\jdk8u121\8372\hotspot\src\share\vm\classfile\systemDictionary.cpp, line 210]
Event: 7.613 Thread 0x0000000003404000 Exception <a 'java/lang/ClassNotFoundException': org/springframework/beans/factory/InitializingBeanCustomizer> (0x00000000d816d878) thrown at [C:\re\workspace\8-2-build-windows-amd64-cygwin\jdk8u121\8372\hotspot\src\share\vm\classfile\systemDictionary.cpp
Event: 7.625 Thread 0x0000000003404000 Exception <a 'java/lang/NoSuchMethodError': java.lang.Object.lambda$direct$0(Lorg/springframework/data/repository/core/support/MethodLookup$InvokedMethod;Ljava/lang/reflect/Method;)Z> (0x00000000d820a828) thrown at [C:\re\workspace\8-2-build-windows-amd64
Event: 7.625 Thread 0x0000000003404000 Exception <a 'java/lang/NoSuchMethodError': java.lang.Object.lambda$direct$1(Lorg/springframework/data/repository/core/support/MethodLookup$MethodPredicate;)Ljava/util/List;> (0x00000000d820d9b0) thrown at [C:\re\workspace\8-2-build-windows-amd64-cygwin\j
Event: 7.627 Thread 0x0000000003404000 Exception <a 'java/lang/NoSuchMethodError': java.lang.Object.lambda$and$0(Lorg/springframework/data/repository/core/support/MethodLookup;)Ljava/util/List;> (0x00000000d822f9e8) thrown at [C:\re\workspace\8-2-build-windows-amd64-cygwin\jdk8u121\8372\hotspo
Event: 7.633 Thread 0x0000000003404000 Exception <a 'java/lang/IncompatibleClassChangeError': Found class java.lang.Object, but interface was expected> (0x00000000d829ea38) thrown at [C:\re\workspace\8-2-build-windows-amd64-cygwin\jdk8u121\8372\hotspot\src\share\vm\interpreter\linkResolver.cpp

Events (10 events):
Event: 7.653 loading class org/springframework/data/projection/DefaultMethodInvokingMethodInterceptor$MethodHandleLookup$3
Event: 7.653 loading class org/springframework/data/projection/DefaultMethodInvokingMethodInterceptor$MethodHandleLookup$3 done
Event: 7.654 loading class org/springframework/data/repository/core/support/RepositoryFactorySupport$QueryExecutorMethodInterceptor
Event: 7.654 loading class org/springframework/data/repository/core/support/RepositoryFactorySupport$QueryExecutorMethodInterceptor done
Event: 7.655 loading class org/springframework/data/repository/core/support/QueryExecutionResultHandler
Event: 7.655 loading class org/springframework/data/repository/core/support/QueryExecutionResultHandler done
Event: 7.655 loading class org/springframework/data/repository/util/NullableWrapper
Event: 7.655 loading class org/springframework/data/repository/util/NullableWrapper done
Event: 7.656 loading class org/springframework/data/repository/util/QueryExecutionConverters
Event: 7.656 loading class org/springframework/data/repository/util/QueryExecutionConverters done


Dynamic libraries:
0x00007ff601d30000 - 0x00007ff601d67000 	C:\Program Files\Java\jdk1.8.0_121\bin\javaw.exe
0x00007ff89b500000 - 0x00007ff89b6e1000 	C:\WINDOWS\SYSTEM32\ntdll.dll
0x00007ff899100000 - 0x00007ff8991b2000 	C:\WINDOWS\System32\KERNEL32.DLL
0x00007ff8983f0000 - 0x00007ff898663000 	C:\WINDOWS\System32\KERNELBASE.dll
0x00007ff8991c0000 - 0x00007ff899261000 	C:\WINDOWS\System32\ADVAPI32.dll
0x00007ff899e50000 - 0x00007ff899eee000 	C:\WINDOWS\System32\msvcrt.dll
0x00007ff899750000 - 0x00007ff8997ab000 	C:\WINDOWS\System32\sechost.dll
0x00007ff898dc0000 - 0x00007ff898ee4000 	C:\WINDOWS\System32\RPCRT4.dll
0x00007ff898bb0000 - 0x00007ff898d40000 	C:\WINDOWS\System32\USER32.dll
0x00007ff898970000 - 0x00007ff898990000 	C:\WINDOWS\System32\win32u.dll
0x00007ff899cf0000 - 0x00007ff899d18000 	C:\WINDOWS\System32\GDI32.dll
0x00007ff898060000 - 0x00007ff8981f2000 	C:\WINDOWS\System32\gdi32full.dll
0x00007ff898200000 - 0x00007ff89829f000 	C:\WINDOWS\System32\msvcp_win.dll
0x00007ff8982f0000 - 0x00007ff8983ea000 	C:\WINDOWS\System32\ucrtbase.dll
0x00007ff895a50000 - 0x00007ff895cb9000 	C:\WINDOWS\WinSxS\amd64_microsoft.windows.common-controls_6595b64144ccf1df_6.0.17134.228_none_fb4599993062b194\COMCTL32.dll
0x00007ff8997b0000 - 0x00007ff899ad3000 	C:\WINDOWS\System32\combase.dll
0x00007ff897fe0000 - 0x00007ff89805a000 	C:\WINDOWS\System32\bcryptPrimitives.dll
0x00007ff899720000 - 0x00007ff89974d000 	C:\WINDOWS\System32\IMM32.DLL
0x00007ff8976b0000 - 0x00007ff89770d000 	C:\Program Files\Citrix\System32\MfApHook64.dll
0x00007ff896fe0000 - 0x00007ff89700b000 	C:\Program Files\Citrix\ICAService\CtxDodHook64.dll
0x00007ff8975d0000 - 0x00007ff897602000 	C:\Program Files\Citrix\ICAService\picaFullScreenHookX64.dll
0x00007ff896f90000 - 0x00007ff896fde000 	C:\Program Files\Citrix\ICAService\ShellHook64.dll
0x00007ff899fa0000 - 0x00007ff89b3e0000 	C:\WINDOWS\System32\SHELL32.dll
0x00007ff8982a0000 - 0x00007ff8982e9000 	C:\WINDOWS\System32\cfgmgr32.dll
0x00007ff899ef0000 - 0x00007ff899f99000 	C:\WINDOWS\System32\shcore.dll
0x00007ff8978d0000 - 0x00007ff897fdd000 	C:\WINDOWS\System32\windows.storage.dll
0x00007ff899d20000 - 0x00007ff899d71000 	C:\WINDOWS\System32\shlwapi.dll
0x00007ff8978b0000 - 0x00007ff8978c1000 	C:\WINDOWS\System32\kernel.appcore.dll
0x00007ff897890000 - 0x00007ff8978af000 	C:\WINDOWS\System32\profapi.dll
0x00007ff897820000 - 0x00007ff89786c000 	C:\WINDOWS\System32\powrprof.dll
0x00007ff897810000 - 0x00007ff89781a000 	C:\WINDOWS\System32\FLTLIB.DLL
0x00007ff896e10000 - 0x00007ff896f8c000 	C:\Program Files\Citrix\ICAService\SCardHook64.dll
0x00007ff896d70000 - 0x00007ff896d9a000 	C:\Program Files\Citrix\ICAService\cxinjime64.dll
0x00007ff896c60000 - 0x00007ff896ca8000 	C:\Program Files\Citrix\ICAService\PicaWtsHook64.dll
0x0000000070e80000 - 0x0000000070f52000 	C:\Program Files\Java\jdk1.8.0_121\jre\bin\msvcr100.dll
0x00000000705e0000 - 0x0000000070e7b000 	C:\Program Files\Java\jdk1.8.0_121\jre\bin\server\jvm.dll
0x00007ff899ce0000 - 0x00007ff899ce8000 	C:\WINDOWS\System32\PSAPI.DLL
0x00007ff885520000 - 0x00007ff885529000 	C:\WINDOWS\SYSTEM32\WSOCK32.dll
0x00007ff891cf0000 - 0x00007ff891d13000 	C:\WINDOWS\SYSTEM32\WINMM.dll
0x00007ff898d40000 - 0x00007ff898dac000 	C:\WINDOWS\System32\WS2_32.dll
0x00007ff891c30000 - 0x00007ff891c5a000 	C:\WINDOWS\SYSTEM32\WINMMBASE.dll
0x00007ff8974c0000 - 0x00007ff8974ca000 	C:\WINDOWS\SYSTEM32\VERSION.dll
0x00000000712a0000 - 0x00000000712af000 	C:\Program Files\Java\jdk1.8.0_121\jre\bin\verify.dll
0x0000000071270000 - 0x0000000071299000 	C:\Program Files\Java\jdk1.8.0_121\jre\bin\java.dll
0x0000000071250000 - 0x0000000071266000 	C:\Program Files\Java\jdk1.8.0_121\jre\bin\zip.dll
0x0000000071220000 - 0x000000007123a000 	C:\Program Files\Java\jdk1.8.0_121\jre\bin\net.dll
0x00007ff896550000 - 0x00007ff8965b6000 	C:\WINDOWS\system32\mswsock.dll
0x0000000071140000 - 0x0000000071151000 	C:\Program Files\Java\jdk1.8.0_121\jre\bin\nio.dll
0x0000000071240000 - 0x000000007124d000 	C:\Program Files\Java\jdk1.8.0_121\jre\bin\management.dll
0x00007ff88b0f0000 - 0x00007ff88b106000 	C:\WINDOWS\system32\napinsp.dll
0x00007ff88b110000 - 0x00007ff88b12a000 	C:\WINDOWS\system32\pnrpnsp.dll
0x00007ff893120000 - 0x00007ff893139000 	C:\WINDOWS\system32\NLAapi.dll
0x00007ff896320000 - 0x00007ff8963de000 	C:\WINDOWS\SYSTEM32\DNSAPI.dll
0x00007ff8990f0000 - 0x00007ff8990f8000 	C:\WINDOWS\System32\NSI.dll
0x00007ff8962e0000 - 0x00007ff896318000 	C:\WINDOWS\SYSTEM32\IPHLPAPI.DLL
0x00007ff88b130000 - 0x00007ff88b13e000 	C:\WINDOWS\System32\winrnr.dll
0x00007ff88e550000 - 0x00007ff88e55a000 	C:\Windows\System32\rasadhlp.dll
0x00007ff8909d0000 - 0x00007ff890a42000 	C:\WINDOWS\System32\fwpuclnt.dll
0x00007ff897080000 - 0x00007ff8970a5000 	C:\WINDOWS\SYSTEM32\bcrypt.dll
0x00007ff896700000 - 0x00007ff896717000 	C:\WINDOWS\SYSTEM32\CRYPTSP.dll
0x00007ff8960e0000 - 0x00007ff896113000 	C:\WINDOWS\system32\rsaenh.dll
0x00007ff897710000 - 0x00007ff897738000 	C:\WINDOWS\SYSTEM32\USERENV.dll
0x00007ff896720000 - 0x00007ff89672b000 	C:\WINDOWS\SYSTEM32\CRYPTBASE.dll
0x00007ff8905b0000 - 0x00007ff8905c6000 	C:\WINDOWS\SYSTEM32\dhcpcsvc6.DLL
0x00007ff890530000 - 0x00007ff89054a000 	C:\WINDOWS\SYSTEM32\dhcpcsvc.DLL
0x00000000705b0000 - 0x00000000705d4000 	C:\Program Files\Java\jdk1.8.0_121\jre\bin\sunec.dll

VM Arguments:
jvm_args: -ea -Dfile.encoding=UTF-8 
java_command: org.eclipse.jdt.internal.junit.runner.RemoteTestRunner -version 3 -port 52374 -testLoaderClass org.eclipse.jdt.internal.junit4.runner.JUnit4TestLoader -loaderpluginname org.eclipse.jdt.junit4.runtime -classNames com.capgemini.annapurna.restaurant.test.service.RestaurantServiceTest
java_class_path (initial): C:\Ujwala_Gawari\Annapurna-Project\Restaurant\Restaurant\target\test-classes;C:\Ujwala_Gawari\Annapurna-Project\Restaurant\Restaurant\target\classes;C:\Users\ugawari\.m2\repository\org\springframework\boot\spring-boot-starter-data-mongodb\2.1.2.RELEASE\spring-boot-starter-data-mongodb-2.1.2.RELEASE.jar;C:\Users\ugawari\.m2\repository\org\springframework\boot\spring-boot-starter\2.1.2.RELEASE\spring-boot-starter-2.1.2.RELEASE.jar;C:\Users\ugawari\.m2\repository\org\springframework\boot\spring-boot-starter-logging\2.1.2.RELEASE\spring-boot-starter-logging-2.1.2.RELEASE.jar;C:\Users\ugawari\.m2\repository\ch\qos\logback\logback-classic\1.2.3\logback-classic-1.2.3.jar;C:\Users\ugawari\.m2\repository\ch\qos\logback\logback-core\1.2.3\logback-core-1.2.3.jar;C:\Users\ugawari\.m2\repository\org\apache\logging\log4j\log4j-to-slf4j\2.11.1\log4j-to-slf4j-2.11.1.jar;C:\Users\ugawari\.m2\repository\org\apache\logging\log4j\log4j-api\2.11.1\log4j-api-2.11.1.jar;C:\Users\ugawari\.m2\repository\org\slf4j\jul-to-slf4j\1.7.25\jul-to-slf4j-1.7.25.jar;C:\Users\ugawari\.m2\repository\javax\annotation\javax.annotation-api\1.3.2\javax.annotation-api-1.3.2.jar;C:\Users\ugawari\.m2\repository\org\yaml\snakeyaml\1.23\snakeyaml-1.23.jar;C:\Users\ugawari\.m2\repository\org\mongodb\mongodb-driver\3.8.2\mongodb-driver-3.8.2.jar;C:\Users\ugawari\.m2\repository\org\mongodb\bson\3.8.2\bson-3.8.2.jar;C:\Users\ugawari\.m2\repository\org\mongodb\mongodb-driver-core\3.8.2\mongodb-driver-core-3.8.2.jar;C:\Users\ugawari\.m2\repository\org\springframework\data\spring-data-mongodb\2.1.4.RELEASE\spring-data-mongodb-2.1.4.RELEASE.jar;C:\Users\ugawari\.m2\repository\org\springframework\spring-tx\5.1.4.RELEASE\spring-tx-5.1.4.RELEASE.jar;C:\Users\ugawari\.m2\repository\org\springframework\spring-context\5.1.4.RELEASE\spring-context-5.1.4.RELEASE.jar;C:\Users\ugawari\.m2\repository\org\springframework\spring-beans\5.1.4.RELEASE\spring-beans-5.1.4.RELEASE.jar;C:\Users\ugawari\.m2\rep
Launcher Type: SUN_STANDARD

Environment Variables:
PATH=C:/Program Files/Java/jre1.8.0_121/bin/server;C:/Program Files/Java/jre1.8.0_121/bin;C:/Program Files/Java/jre1.8.0_121/lib/amd64;C:\Python34\;C:\Python34\Scripts;C:\oraclexe\app\oracle\product\11.2.0\server\bin;C:\ProgramData\Oracle\Java\javapath;C:\WINDOWS\system32;C:\WINDOWS;C:\WINDOWS\System32\Wbem;C:\WINDOWS\System32\WindowsPowerShell\v1.0\;C:\Program Files\TortoiseSVN\bin;C:\Program Files\nodejs\;C:\Program Files\Git\cmd;C:\Program Files (x86)\Microsoft SQL Server\110\Tools\Binn\ManagementStudio\;C:\Program Files (x86)\Microsoft SQL Server\110\Tools\Binn\;C:\Program Files (x86)\Microsoft SQL Server\110\DTS\Binn\;C:\Program Files\Citrix\System32\;C:\Program Files\Citrix\ICAService\;C:\WINDOWS\System32\OpenSSH\;C:\Users\ugawari\AppData\Local\Microsoft\WindowsApps;;C:\SOFTWARES\sts-bundle\sts-3.9.7.RELEASE;
USERNAME=ugawari
OS=Windows_NT
PROCESSOR_IDENTIFIER=Intel64 Family 15 Model 6 Stepping 1, GenuineIntel



---------------  S Y S T E M  ---------------

OS: Windows 10.0 , 64 bit Build 17134 (10.0.17134.1)

CPU:total 4 (2 cores per cpu, 1 threads per core) family 15 model 6 stepping 1, cmov, cx8, fxsr, mmx, sse, sse2, sse3, ssse3, sse4.1, sse4.2, popcnt, avx, avx2, aes, clmul, erms, rtm, 3dnowpref, lzcnt, tsc, bmi1, bmi2, adx

Memory: 4k page, physical 8388056k(683696k free), swap 18697820k(9616k free)

vm_info: Java HotSpot(TM) 64-Bit Server VM (25.121-b13) for windows-amd64 JRE (1.8.0_121-b13), built on Dec 12 2016 18:21:36 by "java_re" with MS VC++ 10.0 (VS2010)

time: Wed Feb 06 14:55:58 2019
elapsed time: 7 seconds (0d 0h 0m 7s)

