#
# There is insufficient memory for the Java Runtime Environment to continue.
# Native memory allocation (malloc) failed to allocate 1054256 bytes for Chunk::new
# Possible reasons:
#   The system is out of physical RAM or swap space
#   In 32 bit mode, the process size limit was hit
# Possible solutions:
#   Reduce memory load on the system
#   Increase physical memory or swap space
#   Check if swap backing store is full
#   Use 64 bit Java on a 64 bit OS
#   Decrease Java heap size (-Xmx/-Xms)
#   Decrease number of Java threads
#   Decrease Java thread stack sizes (-Xss)
#   Set larger code cache with -XX:ReservedCodeCacheSize=
# This output file may be truncated or incomplete.
#
#  Out of Memory Error (allocation.cpp:390), pid=37872, tid=0x0000000000004934
#
# JRE version: Java(TM) SE Runtime Environment (8.0_121-b13) (build 1.8.0_121-b13)
# Java VM: Java HotSpot(TM) 64-Bit Server VM (25.121-b13 mixed mode windows-amd64 compressed oops)
# Failed to write core dump. Minidumps are not enabled by default on client versions of Windows
#

---------------  T H R E A D  ---------------

Current thread (0x0000000017514000):  JavaThread "C2 CompilerThread0" daemon [_thread_in_native, id=18740, stack(0x0000000018b50000,0x0000000018c50000)]

Stack: [0x0000000018b50000,0x0000000018c50000]
[error occurred during error reporting (printing stack bounds), id 0xc0000005]

Native frames: (J=compiled Java code, j=interpreted, Vv=VM code, C=native code)


Current CompileTask:
C2:   6888 4275       4       com.sun.beans.TypeResolver::resolve (37 bytes)


---------------  P R O C E S S  ---------------

Java Threads: ( => current thread )
  0x0000000019bc0800 JavaThread "SimplePauseDetectorThread_0" daemon [_thread_blocked, id=26276, stack(0x0000000020310000,0x0000000020410000)]
  0x0000000019bc3800 JavaThread "Thread-3" daemon [_thread_blocked, id=15260, stack(0x00000000200f0000,0x00000000201f0000)]
  0x0000000019bc3000 JavaThread "CleanCursors-1-thread-1" daemon [_thread_blocked, id=29936, stack(0x000000001fcf0000,0x000000001fdf0000)]
  0x0000000019bc2000 JavaThread "cluster-ClusterId{value='5c595e200786f493f0ac43c1', description='null'}-localhost:27017" daemon [_thread_blocked, id=6364, stack(0x000000001f7d0000,0x000000001f8d0000)]
  0x0000000019589800 JavaThread "ReaderThread" [_thread_in_native, id=26132, stack(0x0000000019d50000,0x0000000019e50000)]
  0x0000000018e82800 JavaThread "Service Thread" daemon [_thread_blocked, id=28992, stack(0x0000000019250000,0x0000000019350000)]
  0x000000001751b000 JavaThread "C1 CompilerThread2" daemon [_thread_blocked, id=26404, stack(0x0000000018d50000,0x0000000018e50000)]
  0x0000000017516800 JavaThread "C2 CompilerThread1" daemon [_thread_in_vm, id=34504, stack(0x0000000018c50000,0x0000000018d50000)]
=>0x0000000017514000 JavaThread "C2 CompilerThread0" daemon [_thread_in_native, id=18740, stack(0x0000000018b50000,0x0000000018c50000)]
  0x0000000017512800 JavaThread "Attach Listener" daemon [_thread_blocked, id=29276, stack(0x0000000018a50000,0x0000000018b50000)]
  0x000000001750f800 JavaThread "Signal Dispatcher" daemon [_thread_blocked, id=10788, stack(0x0000000018950000,0x0000000018a50000)]
  0x00000000028ee800 JavaThread "Finalizer" daemon [_thread_blocked, id=10104, stack(0x0000000018760000,0x0000000018860000)]
  0x00000000028e3000 JavaThread "Reference Handler" daemon [_thread_blocked, id=804, stack(0x0000000018660000,0x0000000018760000)]
  0x00000000027f4000 JavaThread "main" [_thread_in_Java, id=28068, stack(0x0000000002690000,0x0000000002790000)]

Other Threads:
  0x00000000174d7800 VMThread [stack: 0x0000000018560000,0x0000000018660000] [id=15436]
  0x000000001756e800 WatcherThread [stack: 0x0000000019350000,0x0000000019450000] [id=26348]

VM state:not at safepoint (normal execution)

VM Mutex/Monitor currently owned by a thread: None

Heap:
 PSYoungGen      total 140288K, used 23711K [0x00000000d5580000, 0x00000000e1c80000, 0x0000000100000000)
  eden space 131072K, 11% used [0x00000000d5580000,0x00000000d63a8b10,0x00000000dd580000)
  from space 9216K, 99% used [0x00000000dd580000,0x00000000dde7f230,0x00000000dde80000)
  to   space 14848K, 0% used [0x00000000e0e00000,0x00000000e0e00000,0x00000000e1c80000)
 ParOldGen       total 71168K, used 18596K [0x0000000080000000, 0x0000000084580000, 0x00000000d5580000)
  object space 71168K, 26% used [0x0000000080000000,0x0000000081229348,0x0000000084580000)
 Metaspace       used 41799K, capacity 43848K, committed 43992K, reserved 1087488K
  class space    used 5516K, capacity 5887K, committed 5888K, reserved 1048576K

Card table byte_map: [0x0000000011cb0000,0x00000000120c0000] byte_map_base: 0x00000000118b0000

Marking Bits: (ParMarkBitMap*) 0x0000000070dfb6d0
 Begin Bits: [0x0000000012770000, 0x0000000014770000)
 End Bits:   [0x0000000014770000, 0x0000000016770000)

Polling page: 0x0000000000ad0000

CodeCache: size=245760Kb used=12932Kb max_used=14619Kb free=232827Kb
 bounds [0x00000000028f0000, 0x0000000003750000, 0x00000000118f0000]
 total_blobs=4166 nmethods=3719 adapters=360
 compilation: enabled

Compilation events (10 events):
Event: 6.877 Thread 0x000000001751b000 nmethod 4323 0x0000000002f80dd0 code [0x0000000002f81280, 0x0000000002f84b28]
Event: 6.877 Thread 0x000000001751b000 4324       3       org.springframework.util.ClassUtils::getUserClass (31 bytes)
Event: 6.877 Thread 0x000000001751b000 nmethod 4324 0x000000000319a810 code [0x000000000319a9e0, 0x000000000319b1e8]
Event: 6.881 Thread 0x000000001751b000 4325       1       org.springframework.web.context.support.GenericWebApplicationContext::getServletContext (5 bytes)
Event: 6.881 Thread 0x000000001751b000 nmethod 4325 0x0000000003292410 code [0x0000000003292560, 0x0000000003292670]
Event: 6.881 Thread 0x000000001751b000 4326   !   3       com.sun.proxy.$Proxy67::annotationType (29 bytes)
Event: 6.881 Thread 0x000000001751b000 nmethod 4326 0x0000000002c41450 code [0x0000000002c415e0, 0x0000000002c41a18]
Event: 6.883 Thread 0x000000001751b000 4328       3       org.springframework.cglib.core.MethodWrapper$MethodWrapperKey$$KeyFactoryByCGLIB$$552be97a::equals (183 bytes)
Event: 6.884 Thread 0x000000001751b000 nmethod 4328 0x0000000002b7d350 code [0x0000000002b7d560, 0x0000000002b7e188]
Event: 6.884 Thread 0x000000001751b000 4329       3       org.springframework.asm.Type::getMethodDescriptor (66 bytes)

GC Heap History (10 events):
Event: 2.873 GC heap before
{Heap before GC invocations=7 (full 1):
 PSYoungGen      total 71680K, used 66560K [0x00000000d5580000, 0x00000000de880000, 0x0000000100000000)
  eden space 66560K, 100% used [0x00000000d5580000,0x00000000d9680000,0x00000000d9680000)
  from space 5120K, 0% used [0x00000000d9680000,0x00000000d9680000,0x00000000d9b80000)
  to   space 8704K, 0% used [0x00000000de000000,0x00000000de000000,0x00000000de880000)
 ParOldGen       total 47104K, used 5290K [0x0000000080000000, 0x0000000082e00000, 0x00000000d5580000)
  object space 47104K, 11% used [0x0000000080000000,0x000000008052aa30,0x0000000082e00000)
 Metaspace       used 25604K, capacity 26370K, committed 26624K, reserved 1073152K
  class space    used 3304K, capacity 3484K, committed 3584K, reserved 1048576K
Event: 2.884 GC heap after
Heap after GC invocations=7 (full 1):
 PSYoungGen      total 129536K, used 7459K [0x00000000d5580000, 0x00000000de780000, 0x0000000100000000)
  eden space 121856K, 0% used [0x00000000d5580000,0x00000000d5580000,0x00000000dcc80000)
  from space 7680K, 97% used [0x00000000de000000,0x00000000de748ca0,0x00000000de780000)
  to   space 9216K, 0% used [0x00000000dd580000,0x00000000dd580000,0x00000000dde80000)
 ParOldGen       total 47104K, used 5298K [0x0000000080000000, 0x0000000082e00000, 0x00000000d5580000)
  object space 47104K, 11% used [0x0000000080000000,0x000000008052ca30,0x0000000082e00000)
 Metaspace       used 25604K, capacity 26370K, committed 26624K, reserved 1073152K
  class space    used 3304K, capacity 3484K, committed 3584K, reserved 1048576K
}
Event: 4.652 GC heap before
{Heap before GC invocations=8 (full 1):
 PSYoungGen      total 129536K, used 129315K [0x00000000d5580000, 0x00000000de780000, 0x0000000100000000)
  eden space 121856K, 100% used [0x00000000d5580000,0x00000000dcc80000,0x00000000dcc80000)
  from space 7680K, 97% used [0x00000000de000000,0x00000000de748ca0,0x00000000de780000)
  to   space 9216K, 0% used [0x00000000dd580000,0x00000000dd580000,0x00000000dde80000)
 ParOldGen       total 47104K, used 5298K [0x0000000080000000, 0x0000000082e00000, 0x00000000d5580000)
  object space 47104K, 11% used [0x0000000080000000,0x000000008052ca30,0x0000000082e00000)
 Metaspace       used 33355K, capacity 34824K, committed 34944K, reserved 1079296K
  class space    used 4351K, capacity 4659K, committed 4736K, reserved 1048576K
Event: 4.674 GC heap after
Heap after GC invocations=8 (full 1):
 PSYoungGen      total 131072K, used 9213K [0x00000000d5580000, 0x00000000de780000, 0x0000000100000000)
  eden space 121856K, 0% used [0x00000000d5580000,0x00000000d5580000,0x00000000dcc80000)
  from space 9216K, 99% used [0x00000000dd580000,0x00000000dde7f568,0x00000000dde80000)
  to   space 7680K, 0% used [0x00000000de000000,0x00000000de000000,0x00000000de780000)
 ParOldGen       total 47104K, used 13413K [0x0000000080000000, 0x0000000082e00000, 0x00000000d5580000)
  object space 47104K, 28% used [0x0000000080000000,0x0000000080d19730,0x0000000082e00000)
 Metaspace       used 33355K, capacity 34824K, committed 34944K, reserved 1079296K
  class space    used 4351K, capacity 4659K, committed 4736K, reserved 1048576K
}
Event: 4.746 GC heap before
{Heap before GC invocations=9 (full 1):
 PSYoungGen      total 131072K, used 12997K [0x00000000d5580000, 0x00000000de780000, 0x0000000100000000)
  eden space 121856K, 3% used [0x00000000d5580000,0x00000000d59321a0,0x00000000dcc80000)
  from space 9216K, 99% used [0x00000000dd580000,0x00000000dde7f568,0x00000000dde80000)
  to   space 7680K, 0% used [0x00000000de000000,0x00000000de000000,0x00000000de780000)
 ParOldGen       total 47104K, used 13413K [0x0000000080000000, 0x0000000082e00000, 0x00000000d5580000)
  object space 47104K, 28% used [0x0000000080000000,0x0000000080d19730,0x0000000082e00000)
 Metaspace       used 33837K, capacity 35328K, committed 35416K, reserved 1079296K
  class space    used 4406K, capacity 4695K, committed 4736K, reserved 1048576K
Event: 4.758 GC heap after
Heap after GC invocations=9 (full 1):
 PSYoungGen      total 129536K, used 7652K [0x00000000d5580000, 0x00000000de780000, 0x0000000100000000)
  eden space 121856K, 0% used [0x00000000d5580000,0x00000000d5580000,0x00000000dcc80000)
  from space 7680K, 99% used [0x00000000de000000,0x00000000de779040,0x00000000de780000)
  to   space 9216K, 0% used [0x00000000dd580000,0x00000000dd580000,0x00000000dde80000)
 ParOldGen       total 47104K, used 15434K [0x0000000080000000, 0x0000000082e00000, 0x00000000d5580000)
  object space 47104K, 32% used [0x0000000080000000,0x0000000080f12918,0x0000000082e00000)
 Metaspace       used 33837K, capacity 35328K, committed 35416K, reserved 1079296K
  class space    used 4406K, capacity 4695K, committed 4736K, reserved 1048576K
}
Event: 4.758 GC heap before
{Heap before GC invocations=10 (full 2):
 PSYoungGen      total 129536K, used 7652K [0x00000000d5580000, 0x00000000de780000, 0x0000000100000000)
  eden space 121856K, 0% used [0x00000000d5580000,0x00000000d5580000,0x00000000dcc80000)
  from space 7680K, 99% used [0x00000000de000000,0x00000000de779040,0x00000000de780000)
  to   space 9216K, 0% used [0x00000000dd580000,0x00000000dd580000,0x00000000dde80000)
 ParOldGen       total 47104K, used 15434K [0x0000000080000000, 0x0000000082e00000, 0x00000000d5580000)
  object space 47104K, 32% used [0x0000000080000000,0x0000000080f12918,0x0000000082e00000)
 Metaspace       used 33837K, capacity 35328K, committed 35416K, reserved 1079296K
  class space    used 4406K, capacity 4695K, committed 4736K, reserved 1048576K
Event: 4.837 GC heap after
Heap after GC invocations=10 (full 2):
 PSYoungGen      total 129536K, used 0K [0x00000000d5580000, 0x00000000de780000, 0x0000000100000000)
  eden space 121856K, 0% used [0x00000000d5580000,0x00000000d5580000,0x00000000dcc80000)
  from space 7680K, 0% used [0x00000000de000000,0x00000000de000000,0x00000000de780000)
  to   space 9216K, 0% used [0x00000000dd580000,0x00000000dd580000,0x00000000dde80000)
 ParOldGen       total 71168K, used 17155K [0x0000000080000000, 0x0000000084580000, 0x00000000d5580000)
  object space 71168K, 24% used [0x0000000080000000,0x00000000810c0e50,0x0000000084580000)
 Metaspace       used 33837K, capacity 35328K, committed 35416K, reserved 1079296K
  class space    used 4406K, capacity 4695K, committed 4736K, reserved 1048576K
}
Event: 6.753 GC heap before
{Heap before GC invocations=11 (full 2):
 PSYoungGen      total 129536K, used 121856K [0x00000000d5580000, 0x00000000de780000, 0x0000000100000000)
  eden space 121856K, 100% used [0x00000000d5580000,0x00000000dcc80000,0x00000000dcc80000)
  from space 7680K, 0% used [0x00000000de000000,0x00000000de000000,0x00000000de780000)
  to   space 9216K, 0% used [0x00000000dd580000,0x00000000dd580000,0x00000000dde80000)
 ParOldGen       total 71168K, used 17155K [0x0000000080000000, 0x0000000084580000, 0x00000000d5580000)
  object space 71168K, 24% used [0x0000000080000000,0x00000000810c0e50,0x0000000084580000)
 Metaspace       used 41388K, capacity 43434K, committed 43480K, reserved 1087488K
  class space    used 5456K, capacity 5842K, committed 5888K, reserved 1048576K
Event: 6.770 GC heap after
Heap after GC invocations=11 (full 2):
 PSYoungGen      total 140288K, used 9212K [0x00000000d5580000, 0x00000000e1c80000, 0x0000000100000000)
  eden space 131072K, 0% used [0x00000000d5580000,0x00000000d5580000,0x00000000dd580000)
  from space 9216K, 99% used [0x00000000dd580000,0x00000000dde7f230,0x00000000dde80000)
  to   space 14848K, 0% used [0x00000000e0e00000,0x00000000e0e00000,0x00000000e1c80000)
 ParOldGen       total 71168K, used 18596K [0x0000000080000000, 0x0000000084580000, 0x00000000d5580000)
  object space 71168K, 26% used [0x0000000080000000,0x0000000081229348,0x0000000084580000)
 Metaspace       used 41388K, capacity 43434K, committed 43480K, reserved 1087488K
  class space    used 5456K, capacity 5842K, committed 5888K, reserved 1048576K
}

Deoptimization events (10 events):
Event: 6.468 Thread 0x00000000027f4000 Uncommon trap: reason=class_check action=maybe_recompile pc=0x0000000003657e5c method=org.springframework.core.annotation.AnnotationUtils.hasPlainJavaAnnotationsOnly(Ljava/lang/Object;)Z @ 16
Event: 6.469 Thread 0x00000000027f4000 Uncommon trap: reason=class_check action=maybe_recompile pc=0x0000000003657e5c method=org.springframework.core.annotation.AnnotationUtils.hasPlainJavaAnnotationsOnly(Ljava/lang/Object;)Z @ 16
Event: 6.469 Thread 0x00000000027f4000 Uncommon trap: reason=class_check action=maybe_recompile pc=0x0000000003657e5c method=org.springframework.core.annotation.AnnotationUtils.hasPlainJavaAnnotationsOnly(Ljava/lang/Object;)Z @ 16
Event: 6.530 Thread 0x00000000027f4000 Uncommon trap: reason=unstable_if action=reinterpret pc=0x000000000349e4ec method=java.lang.Class$MethodArray.addIfNotPresent(Ljava/lang/reflect/Method;)V @ 19
Event: 6.552 Thread 0x00000000027f4000 Uncommon trap: reason=unstable_if action=reinterpret pc=0x000000000333a594 method=org.springframework.util.ConcurrentReferenceHashMap$Segment.clear()V @ 4
Event: 6.795 Thread 0x0000000018e82800 Uncommon trap: reason=bimorphic action=maybe_recompile pc=0x0000000002ed9200 method=java.util.AbstractCollection.containsAll(Ljava/util/Collection;)Z @ 1
Event: 6.795 Thread 0x0000000018e82800 Uncommon trap: reason=bimorphic action=maybe_recompile pc=0x0000000002ed9200 method=java.util.AbstractCollection.containsAll(Ljava/util/Collection;)Z @ 1
Event: 6.795 Thread 0x0000000018e82800 Uncommon trap: reason=bimorphic action=maybe_recompile pc=0x0000000002ed9200 method=java.util.AbstractCollection.containsAll(Ljava/util/Collection;)Z @ 1
Event: 6.795 Thread 0x0000000018e82800 Uncommon trap: reason=bimorphic action=maybe_recompile pc=0x0000000002ed9200 method=java.util.AbstractCollection.containsAll(Ljava/util/Collection;)Z @ 1
Event: 6.822 Thread 0x00000000027f4000 Uncommon trap: reason=unstable_if action=reinterpret pc=0x00000000032065bc method=org.springframework.util.ObjectUtils.nullSafeHashCode(Ljava/lang/Object;)I @ 13

Internal exceptions (10 events):
Event: 6.867 Thread 0x00000000027f4000 Exception <a 'java/lang/ClassNotFoundException': org/springframework/beans/factory/BeanFactoryAwareCustomizer> (0x00000000d6047980) thrown at [C:\re\workspace\8-2-build-windows-amd64-cygwin\jdk8u121\8372\hotspot\src\share\vm\classfile\systemDictionary.cpp
Event: 6.868 Thread 0x00000000027f4000 Exception <a 'java/lang/ClassNotFoundException': org/springframework/beans/factory/AwareCustomizer> (0x00000000d60630a0) thrown at [C:\re\workspace\8-2-build-windows-amd64-cygwin\jdk8u121\8372\hotspot\src\share\vm\classfile\systemDictionary.cpp, line 210]
Event: 6.872 Thread 0x00000000027f4000 Exception <a 'java/lang/ClassNotFoundException': java/lang/ObjectCustomizer> (0x00000000d60ca768) thrown at [C:\re\workspace\8-2-build-windows-amd64-cygwin\jdk8u121\8372\hotspot\src\share\vm\classfile\systemDictionary.cpp, line 210]
Event: 6.874 Thread 0x00000000027f4000 Exception <a 'java/lang/ClassNotFoundException': org/springframework/boot/actuate/management/ThreadDumpEndpointCustomizer> (0x00000000d60edd58) thrown at [C:\re\workspace\8-2-build-windows-amd64-cygwin\jdk8u121\8372\hotspot\src\share\vm\classfile\systemDi
Event: 6.875 Thread 0x00000000027f4000 Exception <a 'java/lang/ClassNotFoundException': java/lang/ObjectCustomizer> (0x00000000d61027f0) thrown at [C:\re\workspace\8-2-build-windows-amd64-cygwin\jdk8u121\8372\hotspot\src\share\vm\classfile\systemDictionary.cpp, line 210]
Event: 6.877 Thread 0x00000000027f4000 Exception <a 'java/lang/ClassNotFoundException': org/springframework/boot/actuate/autoconfigure/metrics/MetricsEndpointAutoConfigurationCustomizer> (0x00000000d612cbd0) thrown at [C:\re\workspace\8-2-build-windows-amd64-cygwin\jdk8u121\8372\hotspot\src\sh
Event: 6.878 Thread 0x00000000027f4000 Exception <a 'java/lang/ClassNotFoundException': org/springframework/boot/actuate/autoconfigure/metrics/MetricsEndpointAutoConfiguration$$EnhancerBySpringCGLIB$$cfa6182dCustomizer> (0x00000000d615d800) thrown at [C:\re\workspace\8-2-build-windows-amd64-cy
Event: 6.879 Thread 0x00000000027f4000 Exception <a 'java/lang/ClassNotFoundException': org/springframework/context/annotation/ConfigurationClassEnhancer$EnhancedConfigurationCustomizer> (0x00000000d618b240) thrown at [C:\re\workspace\8-2-build-windows-amd64-cygwin\jdk8u121\8372\hotspot\src\sh
Event: 6.880 Thread 0x00000000027f4000 Exception <a 'java/lang/ClassNotFoundException': org/springframework/beans/factory/BeanFactoryAwareCustomizer> (0x00000000d61a84b0) thrown at [C:\re\workspace\8-2-build-windows-amd64-cygwin\jdk8u121\8372\hotspot\src\share\vm\classfile\systemDictionary.cpp
Event: 6.881 Thread 0x00000000027f4000 Exception <a 'java/lang/ClassNotFoundException': org/springframework/beans/factory/AwareCustomizer> (0x00000000d61c3bd0) thrown at [C:\re\workspace\8-2-build-windows-amd64-cygwin\jdk8u121\8372\hotspot\src\share\vm\classfile\systemDictionary.cpp, line 210]

Events (10 events):
Event: 6.880 loading class org/springframework/beans/factory/BeanFactoryAwareCustomizer
Event: 6.880 loading class org/springframework/beans/factory/BeanFactoryAwareCustomizer done
Event: 6.880 loading class org/springframework/beans/factory/AwareCustomizer
Event: 6.880 loading class org/springframework/beans/factory/AwareCustomizer done
Event: 6.880 loading class org/springframework/beans/factory/AwareCustomizer
Event: 6.880 loading class org/springframework/beans/factory/AwareCustomizer done
Event: 6.881 loading class org/springframework/beans/factory/AwareCustomizer
Event: 6.881 loading class org/springframework/beans/factory/AwareCustomizer done
Event: 6.884 loading class org/springframework/boot/actuate/endpoint/InvalidEndpointRequestException
Event: 6.884 loading class org/springframework/boot/actuate/endpoint/InvalidEndpointRequestException done


Dynamic libraries:
0x00007ff601d30000 - 0x00007ff601d67000 	C:\Program Files\Java\jdk1.8.0_121\bin\javaw.exe
0x00007ff89b500000 - 0x00007ff89b6e1000 	C:\WINDOWS\SYSTEM32\ntdll.dll
0x00007ff899100000 - 0x00007ff8991b2000 	C:\WINDOWS\System32\KERNEL32.DLL
0x00007ff8983f0000 - 0x00007ff898663000 	C:\WINDOWS\System32\KERNELBASE.dll
0x00007ff8991c0000 - 0x00007ff899261000 	C:\WINDOWS\System32\ADVAPI32.dll
0x00007ff899e50000 - 0x00007ff899eee000 	C:\WINDOWS\System32\msvcrt.dll
0x00007ff899750000 - 0x00007ff8997ab000 	C:\WINDOWS\System32\sechost.dll
0x00007ff898dc0000 - 0x00007ff898ee4000 	C:\WINDOWS\System32\RPCRT4.dll
0x00007ff898bb0000 - 0x00007ff898d40000 	C:\WINDOWS\System32\USER32.dll
0x00007ff898970000 - 0x00007ff898990000 	C:\WINDOWS\System32\win32u.dll
0x00007ff899cf0000 - 0x00007ff899d18000 	C:\WINDOWS\System32\GDI32.dll
0x00007ff898060000 - 0x00007ff8981f2000 	C:\WINDOWS\System32\gdi32full.dll
0x00007ff898200000 - 0x00007ff89829f000 	C:\WINDOWS\System32\msvcp_win.dll
0x00007ff8982f0000 - 0x00007ff8983ea000 	C:\WINDOWS\System32\ucrtbase.dll
0x00007ff895a50000 - 0x00007ff895cb9000 	C:\WINDOWS\WinSxS\amd64_microsoft.windows.common-controls_6595b64144ccf1df_6.0.17134.228_none_fb4599993062b194\COMCTL32.dll
0x00007ff8997b0000 - 0x00007ff899ad3000 	C:\WINDOWS\System32\combase.dll
0x00007ff897fe0000 - 0x00007ff89805a000 	C:\WINDOWS\System32\bcryptPrimitives.dll
0x00007ff899720000 - 0x00007ff89974d000 	C:\WINDOWS\System32\IMM32.DLL
0x00007ff8976b0000 - 0x00007ff89770d000 	C:\Program Files\Citrix\System32\MfApHook64.dll
0x00007ff896fe0000 - 0x00007ff89700b000 	C:\Program Files\Citrix\ICAService\CtxDodHook64.dll
0x00007ff8975d0000 - 0x00007ff897602000 	C:\Program Files\Citrix\ICAService\picaFullScreenHookX64.dll
0x00007ff896f90000 - 0x00007ff896fde000 	C:\Program Files\Citrix\ICAService\ShellHook64.dll
0x00007ff899fa0000 - 0x00007ff89b3e0000 	C:\WINDOWS\System32\SHELL32.dll
0x00007ff8982a0000 - 0x00007ff8982e9000 	C:\WINDOWS\System32\cfgmgr32.dll
0x00007ff899ef0000 - 0x00007ff899f99000 	C:\WINDOWS\System32\shcore.dll
0x00007ff8978d0000 - 0x00007ff897fdd000 	C:\WINDOWS\System32\windows.storage.dll
0x00007ff899d20000 - 0x00007ff899d71000 	C:\WINDOWS\System32\shlwapi.dll
0x00007ff8978b0000 - 0x00007ff8978c1000 	C:\WINDOWS\System32\kernel.appcore.dll
0x00007ff897890000 - 0x00007ff8978af000 	C:\WINDOWS\System32\profapi.dll
0x00007ff897820000 - 0x00007ff89786c000 	C:\WINDOWS\System32\powrprof.dll
0x00007ff897810000 - 0x00007ff89781a000 	C:\WINDOWS\System32\FLTLIB.DLL
0x00007ff896e10000 - 0x00007ff896f8c000 	C:\Program Files\Citrix\ICAService\SCardHook64.dll
0x00007ff896d70000 - 0x00007ff896d9a000 	C:\Program Files\Citrix\ICAService\cxinjime64.dll
0x00007ff896c60000 - 0x00007ff896ca8000 	C:\Program Files\Citrix\ICAService\PicaWtsHook64.dll
0x0000000070e80000 - 0x0000000070f52000 	C:\Program Files\Java\jdk1.8.0_121\jre\bin\msvcr100.dll
0x00000000705e0000 - 0x0000000070e7b000 	C:\Program Files\Java\jdk1.8.0_121\jre\bin\server\jvm.dll
0x00007ff899ce0000 - 0x00007ff899ce8000 	C:\WINDOWS\System32\PSAPI.DLL
0x00007ff8974c0000 - 0x00007ff8974ca000 	C:\WINDOWS\SYSTEM32\VERSION.dll
0x00007ff891cf0000 - 0x00007ff891d13000 	C:\WINDOWS\SYSTEM32\WINMM.dll
0x00007ff891c30000 - 0x00007ff891c5a000 	C:\WINDOWS\SYSTEM32\WINMMBASE.dll
0x00007ff885520000 - 0x00007ff885529000 	C:\WINDOWS\SYSTEM32\WSOCK32.dll
0x00007ff898d40000 - 0x00007ff898dac000 	C:\WINDOWS\System32\WS2_32.dll
0x00000000712a0000 - 0x00000000712af000 	C:\Program Files\Java\jdk1.8.0_121\jre\bin\verify.dll
0x0000000071270000 - 0x0000000071299000 	C:\Program Files\Java\jdk1.8.0_121\jre\bin\java.dll
0x0000000071250000 - 0x0000000071266000 	C:\Program Files\Java\jdk1.8.0_121\jre\bin\zip.dll
0x0000000071220000 - 0x000000007123a000 	C:\Program Files\Java\jdk1.8.0_121\jre\bin\net.dll
0x00007ff896550000 - 0x00007ff8965b6000 	C:\WINDOWS\system32\mswsock.dll
0x0000000071140000 - 0x0000000071151000 	C:\Program Files\Java\jdk1.8.0_121\jre\bin\nio.dll
0x0000000071240000 - 0x000000007124d000 	C:\Program Files\Java\jdk1.8.0_121\jre\bin\management.dll
0x00007ff88b0f0000 - 0x00007ff88b106000 	C:\WINDOWS\system32\napinsp.dll
0x00007ff88b110000 - 0x00007ff88b12a000 	C:\WINDOWS\system32\pnrpnsp.dll
0x00007ff893120000 - 0x00007ff893139000 	C:\WINDOWS\system32\NLAapi.dll
0x00007ff896320000 - 0x00007ff8963de000 	C:\WINDOWS\SYSTEM32\DNSAPI.dll
0x00007ff8990f0000 - 0x00007ff8990f8000 	C:\WINDOWS\System32\NSI.dll
0x00007ff8962e0000 - 0x00007ff896318000 	C:\WINDOWS\SYSTEM32\IPHLPAPI.DLL
0x00007ff88b130000 - 0x00007ff88b13e000 	C:\WINDOWS\System32\winrnr.dll
0x00007ff88e550000 - 0x00007ff88e55a000 	C:\Windows\System32\rasadhlp.dll
0x00007ff8909d0000 - 0x00007ff890a42000 	C:\WINDOWS\System32\fwpuclnt.dll
0x00007ff897080000 - 0x00007ff8970a5000 	C:\WINDOWS\SYSTEM32\bcrypt.dll
0x00007ff896700000 - 0x00007ff896717000 	C:\WINDOWS\SYSTEM32\CRYPTSP.dll
0x00007ff8960e0000 - 0x00007ff896113000 	C:\WINDOWS\system32\rsaenh.dll
0x00007ff897710000 - 0x00007ff897738000 	C:\WINDOWS\SYSTEM32\USERENV.dll
0x00007ff896720000 - 0x00007ff89672b000 	C:\WINDOWS\SYSTEM32\CRYPTBASE.dll
0x00007ff8905b0000 - 0x00007ff8905c6000 	C:\WINDOWS\SYSTEM32\dhcpcsvc6.DLL
0x00007ff890530000 - 0x00007ff89054a000 	C:\WINDOWS\SYSTEM32\dhcpcsvc.DLL
0x00000000705b0000 - 0x00000000705d4000 	C:\Program Files\Java\jdk1.8.0_121\jre\bin\sunec.dll

VM Arguments:
jvm_args: -ea -Dfile.encoding=UTF-8 
java_command: org.eclipse.jdt.internal.junit.runner.RemoteTestRunner -version 3 -port 61403 -testLoaderClass org.eclipse.jdt.internal.junit4.runner.JUnit4TestLoader -loaderpluginname org.eclipse.jdt.junit4.runtime -classNames com.capgemini.annapurna.restaurant.controller.RestaurantControllerSpringBootTest
java_class_path (initial): C:\Ujwala_Gawari\Annapurna-Project\Restaurant\Restaurant\target\test-classes;C:\Ujwala_Gawari\Annapurna-Project\Restaurant\Restaurant\target\classes;C:\Users\ugawari\.m2\repository\org\springframework\boot\spring-boot-starter-data-mongodb\2.1.2.RELEASE\spring-boot-starter-data-mongodb-2.1.2.RELEASE.jar;C:\Users\ugawari\.m2\repository\org\springframework\boot\spring-boot-starter\2.1.2.RELEASE\spring-boot-starter-2.1.2.RELEASE.jar;C:\Users\ugawari\.m2\repository\org\springframework\boot\spring-boot-starter-logging\2.1.2.RELEASE\spring-boot-starter-logging-2.1.2.RELEASE.jar;C:\Users\ugawari\.m2\repository\ch\qos\logback\logback-classic\1.2.3\logback-classic-1.2.3.jar;C:\Users\ugawari\.m2\repository\ch\qos\logback\logback-core\1.2.3\logback-core-1.2.3.jar;C:\Users\ugawari\.m2\repository\org\apache\logging\log4j\log4j-to-slf4j\2.11.1\log4j-to-slf4j-2.11.1.jar;C:\Users\ugawari\.m2\repository\org\apache\logging\log4j\log4j-api\2.11.1\log4j-api-2.11.1.jar;C:\Users\ugawari\.m2\repository\org\slf4j\jul-to-slf4j\1.7.25\jul-to-slf4j-1.7.25.jar;C:\Users\ugawari\.m2\repository\javax\annotation\javax.annotation-api\1.3.2\javax.annotation-api-1.3.2.jar;C:\Users\ugawari\.m2\repository\org\yaml\snakeyaml\1.23\snakeyaml-1.23.jar;C:\Users\ugawari\.m2\repository\org\mongodb\mongodb-driver\3.8.2\mongodb-driver-3.8.2.jar;C:\Users\ugawari\.m2\repository\org\mongodb\bson\3.8.2\bson-3.8.2.jar;C:\Users\ugawari\.m2\repository\org\mongodb\mongodb-driver-core\3.8.2\mongodb-driver-core-3.8.2.jar;C:\Users\ugawari\.m2\repository\org\springframework\data\spring-data-mongodb\2.1.4.RELEASE\spring-data-mongodb-2.1.4.RELEASE.jar;C:\Users\ugawari\.m2\repository\org\springframework\spring-tx\5.1.4.RELEASE\spring-tx-5.1.4.RELEASE.jar;C:\Users\ugawari\.m2\repository\org\springframework\spring-context\5.1.4.RELEASE\spring-context-5.1.4.RELEASE.jar;C:\Users\ugawari\.m2\repository\org\springframework\spring-beans\5.1.4.RELEASE\spring-beans-5.1.4.RELEASE.jar;C:\Users\ugawari\.m2\rep
Launcher Type: SUN_STANDARD

Environment Variables:
PATH=C:/Program Files/Java/jre1.8.0_121/bin/server;C:/Program Files/Java/jre1.8.0_121/bin;C:/Program Files/Java/jre1.8.0_121/lib/amd64;C:\Python34\;C:\Python34\Scripts;C:\oraclexe\app\oracle\product\11.2.0\server\bin;C:\ProgramData\Oracle\Java\javapath;C:\WINDOWS\system32;C:\WINDOWS;C:\WINDOWS\System32\Wbem;C:\WINDOWS\System32\WindowsPowerShell\v1.0\;C:\Program Files\TortoiseSVN\bin;C:\Program Files\nodejs\;C:\Program Files\Git\cmd;C:\Program Files (x86)\Microsoft SQL Server\110\Tools\Binn\ManagementStudio\;C:\Program Files (x86)\Microsoft SQL Server\110\Tools\Binn\;C:\Program Files (x86)\Microsoft SQL Server\110\DTS\Binn\;C:\Program Files\Citrix\System32\;C:\Program Files\Citrix\ICAService\;C:\WINDOWS\System32\OpenSSH\;C:\Users\ugawari\AppData\Local\Microsoft\WindowsApps;;C:\SOFTWARES\sts-bundle\sts-3.9.7.RELEASE;
USERNAME=ugawari
OS=Windows_NT
PROCESSOR_IDENTIFIER=Intel64 Family 15 Model 6 Stepping 1, GenuineIntel



---------------  S Y S T E M  ---------------

OS: Windows 10.0 , 64 bit Build 17134 (10.0.17134.1)

CPU:total 4 (2 cores per cpu, 1 threads per core) family 15 model 6 stepping 1, cmov, cx8, fxsr, mmx, sse, sse2, sse3, ssse3, sse4.1, sse4.2, popcnt, avx, avx2, aes, clmul, erms, rtm, 3dnowpref, lzcnt, tsc, bmi1, bmi2, adx

Memory: 4k page, physical 8388056k(1247840k free), swap 18697820k(17728k free)

vm_info: Java HotSpot(TM) 64-Bit Server VM (25.121-b13) for windows-amd64 JRE (1.8.0_121-b13), built on Dec 12 2016 18:21:36 by "java_re" with MS VC++ 10.0 (VS2010)

time: Tue Feb 05 15:27:53 2019
elapsed time: 6 seconds (0d 0h 0m 6s)

