#
# There is insufficient memory for the Java Runtime Environment to continue.
# Native memory allocation (malloc) failed to allocate 463808 bytes for Chunk::new
# Possible reasons:
#   The system is out of physical RAM or swap space
#   In 32 bit mode, the process size limit was hit
# Possible solutions:
#   Reduce memory load on the system
#   Increase physical memory or swap space
#   Check if swap backing store is full
#   Use 64 bit Java on a 64 bit OS
#   Decrease Java heap size (-Xmx/-Xms)
#   Decrease number of Java threads
#   Decrease Java thread stack sizes (-Xss)
#   Set larger code cache with -XX:ReservedCodeCacheSize=
# This output file may be truncated or incomplete.
#
#  Out of Memory Error (allocation.cpp:390), pid=17928, tid=0x0000000000002344
#
# JRE version: Java(TM) SE Runtime Environment (8.0_121-b13) (build 1.8.0_121-b13)
# Java VM: Java HotSpot(TM) 64-Bit Server VM (25.121-b13 mixed mode windows-amd64 compressed oops)
# Failed to write core dump. Minidumps are not enabled by default on client versions of Windows
#

---------------  T H R E A D  ---------------

Current thread (0x0000000017ad6800):  JavaThread "C2 CompilerThread0" daemon [_thread_in_native, id=9028, stack(0x0000000019120000,0x0000000019220000)]

Stack: [0x0000000019120000,0x0000000019220000]
[error occurred during error reporting (printing stack bounds), id 0xc0000005]

Native frames: (J=compiled Java code, j=interpreted, Vv=VM code, C=native code)


Current CompileTask:
C2:   3746 2318   !   4       java.net.URLClassLoader$1::run (63 bytes)


---------------  P R O C E S S  ---------------

Java Threads: ( => current thread )
  0x0000000019b5d000 JavaThread "ReaderThread" [_thread_in_native, id=32932, stack(0x000000001a320000,0x000000001a420000)]
  0x0000000019460800 JavaThread "Service Thread" daemon [_thread_blocked, id=14812, stack(0x0000000019820000,0x0000000019920000)]
  0x0000000017ade800 JavaThread "C1 CompilerThread2" daemon [_thread_blocked, id=784, stack(0x0000000019320000,0x0000000019420000)]
  0x0000000017ad9000 JavaThread "C2 CompilerThread1" daemon [_thread_in_native, id=34392, stack(0x0000000019220000,0x0000000019320000)]
=>0x0000000017ad6800 JavaThread "C2 CompilerThread0" daemon [_thread_in_native, id=9028, stack(0x0000000019120000,0x0000000019220000)]
  0x0000000017ad5800 JavaThread "Attach Listener" daemon [_thread_blocked, id=34900, stack(0x0000000019020000,0x0000000019120000)]
  0x0000000017ad2800 JavaThread "Signal Dispatcher" daemon [_thread_blocked, id=10768, stack(0x0000000018f20000,0x0000000019020000)]
  0x0000000002dde800 JavaThread "Finalizer" daemon [_thread_blocked, id=22068, stack(0x0000000018d30000,0x0000000018e30000)]
  0x0000000002dd5000 JavaThread "Reference Handler" daemon [_thread_blocked, id=17944, stack(0x0000000018c30000,0x0000000018d30000)]
  0x0000000002ce4000 JavaThread "main" [_thread_in_vm, id=14708, stack(0x0000000002b30000,0x0000000002c30000)]

Other Threads:
  0x0000000017a96800 VMThread [stack: 0x0000000018b30000,0x0000000018c30000] [id=17312]
  0x0000000017b2e800 WatcherThread [stack: 0x0000000019920000,0x0000000019a20000] [id=14140]

VM state:not at safepoint (normal execution)

VM Mutex/Monitor currently owned by a thread: None

Heap:
 PSYoungGen      total 68096K, used 34445K [0x00000000d5580000, 0x00000000ddd00000, 0x0000000100000000)
  eden space 62976K, 46% used [0x00000000d5580000,0x00000000d72255b0,0x00000000d9300000)
  from space 5120K, 99% used [0x00000000d9b80000,0x00000000da07e0c0,0x00000000da080000)
  to   space 8704K, 0% used [0x00000000d9300000,0x00000000d9300000,0x00000000d9b80000)
 ParOldGen       total 47104K, used 7468K [0x0000000080000000, 0x0000000082e00000, 0x00000000d5580000)
  object space 47104K, 15% used [0x0000000080000000,0x000000008074b228,0x0000000082e00000)
 Metaspace       used 27307K, capacity 28156K, committed 28416K, reserved 1073152K
  class space    used 3545K, capacity 3735K, committed 3840K, reserved 1048576K

Card table byte_map: [0x0000000012270000,0x0000000012680000] byte_map_base: 0x0000000011e70000

Marking Bits: (ParMarkBitMap*) 0x0000000070edb6d0
 Begin Bits: [0x0000000012d30000, 0x0000000014d30000)
 End Bits:   [0x0000000014d30000, 0x0000000016d30000)

Polling page: 0x0000000001030000

CodeCache: size=245760Kb used=8703Kb max_used=8703Kb free=237056Kb
 bounds [0x0000000002eb0000, 0x0000000003740000, 0x0000000011eb0000]
 total_blobs=2890 nmethods=2494 adapters=309
 compilation: enabled

Compilation events (10 events):
Event: 3.702 Thread 0x0000000017ade800 2505       2       sun.misc.ProxyGenerator::access$1700 (7 bytes)
Event: 3.702 Thread 0x0000000017ade800 nmethod 2505 0x0000000003731290 code [0x0000000003731400, 0x0000000003731548]
Event: 3.702 Thread 0x0000000017ade800 2506       2       sun.misc.ProxyGenerator::codeClassForName (41 bytes)
Event: 3.703 Thread 0x0000000017ade800 nmethod 2506 0x0000000003731610 code [0x0000000003731840, 0x0000000003731f18]
Event: 3.730 Thread 0x0000000017ade800 2507       2       jdk.internal.org.objectweb.asm.MethodWriter::visitFieldInsn (248 bytes)
Event: 3.731 Thread 0x0000000017ade800 nmethod 2507 0x0000000003732590 code [0x0000000003732720, 0x0000000003732b38]
Event: 3.731 Thread 0x0000000017ade800 2508       2       jdk.internal.org.objectweb.asm.ClassWriter::newFieldItem (77 bytes)
Event: 3.732 Thread 0x0000000017ade800 nmethod 2508 0x0000000003732ed0 code [0x00000000037330a0, 0x0000000003733418]
Event: 3.732 Thread 0x0000000017ade800 2509       2       java.lang.invoke.LambdaForm::returnType (26 bytes)
Event: 3.732 Thread 0x0000000017ade800 nmethod 2509 0x0000000003733790 code [0x00000000037338e0, 0x0000000003733a70]

GC Heap History (10 events):
Event: 2.269 GC heap before
{Heap before GC invocations=3 (full 0):
 PSYoungGen      total 38400K, used 38384K [0x00000000d5580000, 0x00000000da080000, 0x0000000100000000)
  eden space 33280K, 100% used [0x00000000d5580000,0x00000000d7600000,0x00000000d7600000)
  from space 5120K, 99% used [0x00000000d7b00000,0x00000000d7ffc0d0,0x00000000d8000000)
  to   space 5120K, 0% used [0x00000000d7600000,0x00000000d7600000,0x00000000d7b00000)
 ParOldGen       total 87552K, used 32K [0x0000000080000000, 0x0000000085580000, 0x00000000d5580000)
  object space 87552K, 0% used [0x0000000080000000,0x0000000080008000,0x0000000085580000)
 Metaspace       used 16352K, capacity 16846K, committed 17024K, reserved 1064960K
  class space    used 2156K, capacity 2308K, committed 2432K, reserved 1048576K
Event: 2.278 GC heap after
Heap after GC invocations=3 (full 0):
 PSYoungGen      total 38400K, used 5101K [0x00000000d5580000, 0x00000000da080000, 0x0000000100000000)
  eden space 33280K, 0% used [0x00000000d5580000,0x00000000d5580000,0x00000000d7600000)
  from space 5120K, 99% used [0x00000000d7600000,0x00000000d7afb410,0x00000000d7b00000)
  to   space 5120K, 0% used [0x00000000d9b80000,0x00000000d9b80000,0x00000000da080000)
 ParOldGen       total 87552K, used 1129K [0x0000000080000000, 0x0000000085580000, 0x00000000d5580000)
  object space 87552K, 1% used [0x0000000080000000,0x000000008011a498,0x0000000085580000)
 Metaspace       used 16352K, capacity 16846K, committed 17024K, reserved 1064960K
  class space    used 2156K, capacity 2308K, committed 2432K, reserved 1048576K
}
Event: 2.562 GC heap before
{Heap before GC invocations=4 (full 0):
 PSYoungGen      total 38400K, used 38381K [0x00000000d5580000, 0x00000000da080000, 0x0000000100000000)
  eden space 33280K, 100% used [0x00000000d5580000,0x00000000d7600000,0x00000000d7600000)
  from space 5120K, 99% used [0x00000000d7600000,0x00000000d7afb410,0x00000000d7b00000)
  to   space 5120K, 0% used [0x00000000d9b80000,0x00000000d9b80000,0x00000000da080000)
 ParOldGen       total 87552K, used 1129K [0x0000000080000000, 0x0000000085580000, 0x00000000d5580000)
  object space 87552K, 1% used [0x0000000080000000,0x000000008011a498,0x0000000085580000)
 Metaspace       used 20275K, capacity 20838K, committed 20992K, reserved 1067008K
  class space    used 2608K, capacity 2772K, committed 2816K, reserved 1048576K
Event: 2.578 GC heap after
Heap after GC invocations=4 (full 0):
 PSYoungGen      total 71680K, used 5113K [0x00000000d5580000, 0x00000000da080000, 0x0000000100000000)
  eden space 66560K, 0% used [0x00000000d5580000,0x00000000d5580000,0x00000000d9680000)
  from space 5120K, 99% used [0x00000000d9b80000,0x00000000da07e528,0x00000000da080000)
  to   space 5120K, 0% used [0x00000000d9680000,0x00000000d9680000,0x00000000d9b80000)
 ParOldGen       total 87552K, used 4474K [0x0000000080000000, 0x0000000085580000, 0x00000000d5580000)
  object space 87552K, 5% used [0x0000000080000000,0x000000008045eac0,0x0000000085580000)
 Metaspace       used 20275K, capacity 20838K, committed 20992K, reserved 1067008K
  class space    used 2608K, capacity 2772K, committed 2816K, reserved 1048576K
}
Event: 2.602 GC heap before
{Heap before GC invocations=5 (full 0):
 PSYoungGen      total 71680K, used 9430K [0x00000000d5580000, 0x00000000da080000, 0x0000000100000000)
  eden space 66560K, 6% used [0x00000000d5580000,0x00000000d59b7308,0x00000000d9680000)
  from space 5120K, 99% used [0x00000000d9b80000,0x00000000da07e528,0x00000000da080000)
  to   space 5120K, 0% used [0x00000000d9680000,0x00000000d9680000,0x00000000d9b80000)
 ParOldGen       total 87552K, used 4474K [0x0000000080000000, 0x0000000085580000, 0x00000000d5580000)
  object space 87552K, 5% used [0x0000000080000000,0x000000008045eac0,0x0000000085580000)
 Metaspace       used 20643K, capacity 21190K, committed 21248K, reserved 1067008K
  class space    used 2644K, capacity 2804K, committed 2816K, reserved 1048576K
Event: 2.613 GC heap after
Heap after GC invocations=5 (full 0):
 PSYoungGen      total 71680K, used 5088K [0x00000000d5580000, 0x00000000da080000, 0x0000000100000000)
  eden space 66560K, 0% used [0x00000000d5580000,0x00000000d5580000,0x00000000d9680000)
  from space 5120K, 99% used [0x00000000d9680000,0x00000000d9b78020,0x00000000d9b80000)
  to   space 5120K, 0% used [0x00000000d9b80000,0x00000000d9b80000,0x00000000da080000)
 ParOldGen       total 87552K, used 4823K [0x0000000080000000, 0x0000000085580000, 0x00000000d5580000)
  object space 87552K, 5% used [0x0000000080000000,0x00000000804b5d00,0x0000000085580000)
 Metaspace       used 20643K, capacity 21190K, committed 21248K, reserved 1067008K
  class space    used 2644K, capacity 2804K, committed 2816K, reserved 1048576K
}
Event: 2.613 GC heap before
{Heap before GC invocations=6 (full 1):
 PSYoungGen      total 71680K, used 5088K [0x00000000d5580000, 0x00000000da080000, 0x0000000100000000)
  eden space 66560K, 0% used [0x00000000d5580000,0x00000000d5580000,0x00000000d9680000)
  from space 5120K, 99% used [0x00000000d9680000,0x00000000d9b78020,0x00000000d9b80000)
  to   space 5120K, 0% used [0x00000000d9b80000,0x00000000d9b80000,0x00000000da080000)
 ParOldGen       total 87552K, used 4823K [0x0000000080000000, 0x0000000085580000, 0x00000000d5580000)
  object space 87552K, 5% used [0x0000000080000000,0x00000000804b5d00,0x0000000085580000)
 Metaspace       used 20643K, capacity 21190K, committed 21248K, reserved 1067008K
  class space    used 2644K, capacity 2804K, committed 2816K, reserved 1048576K
Event: 2.659 GC heap after
Heap after GC invocations=6 (full 1):
 PSYoungGen      total 71680K, used 0K [0x00000000d5580000, 0x00000000da080000, 0x0000000100000000)
  eden space 66560K, 0% used [0x00000000d5580000,0x00000000d5580000,0x00000000d9680000)
  from space 5120K, 0% used [0x00000000d9680000,0x00000000d9680000,0x00000000d9b80000)
  to   space 5120K, 0% used [0x00000000d9b80000,0x00000000d9b80000,0x00000000da080000)
 ParOldGen       total 47104K, used 5376K [0x0000000080000000, 0x0000000082e00000, 0x00000000d5580000)
  object space 47104K, 11% used [0x0000000080000000,0x0000000080540098,0x0000000082e00000)
 Metaspace       used 20643K, capacity 21190K, committed 21248K, reserved 1067008K
  class space    used 2644K, capacity 2804K, committed 2816K, reserved 1048576K
}
Event: 3.262 GC heap before
{Heap before GC invocations=7 (full 1):
 PSYoungGen      total 71680K, used 66560K [0x00000000d5580000, 0x00000000da080000, 0x0000000100000000)
  eden space 66560K, 100% used [0x00000000d5580000,0x00000000d9680000,0x00000000d9680000)
  from space 5120K, 0% used [0x00000000d9680000,0x00000000d9680000,0x00000000d9b80000)
  to   space 5120K, 0% used [0x00000000d9b80000,0x00000000d9b80000,0x00000000da080000)
 ParOldGen       total 47104K, used 5376K [0x0000000080000000, 0x0000000082e00000, 0x00000000d5580000)
  object space 47104K, 11% used [0x0000000080000000,0x0000000080540098,0x0000000082e00000)
 Metaspace       used 25434K, capacity 26174K, committed 26368K, reserved 1073152K
  class space    used 3281K, capacity 3468K, committed 3584K, reserved 1048576K
Event: 3.276 GC heap after
Heap after GC invocations=7 (full 1):
 PSYoungGen      total 68096K, used 5112K [0x00000000d5580000, 0x00000000ddd00000, 0x0000000100000000)
  eden space 62976K, 0% used [0x00000000d5580000,0x00000000d5580000,0x00000000d9300000)
  from space 5120K, 99% used [0x00000000d9b80000,0x00000000da07e0c0,0x00000000da080000)
  to   space 8704K, 0% used [0x00000000d9300000,0x00000000d9300000,0x00000000d9b80000)
 ParOldGen       total 47104K, used 7468K [0x0000000080000000, 0x0000000082e00000, 0x00000000d5580000)
  object space 47104K, 15% used [0x0000000080000000,0x000000008074b228,0x0000000082e00000)
 Metaspace       used 25434K, capacity 26174K, committed 26368K, reserved 1073152K
  class space    used 3281K, capacity 3468K, committed 3584K, reserved 1048576K
}

Deoptimization events (10 events):
Event: 3.008 Thread 0x0000000019dc2000 Uncommon trap: reason=unstable_if action=reinterpret pc=0x00000000034d0258 method=com.sun.org.apache.xerces.internal.impl.XMLEntityScanner.scanLiteral(ILcom/sun/org/apache/xerces/internal/xni/XMLString;Z)I @ 570
Event: 3.067 Thread 0x0000000019dc2000 Uncommon trap: reason=unstable_if action=reinterpret pc=0x0000000003519be0 method=com.sun.org.apache.xerces.internal.impl.XMLEntityScanner.skipSpaces()Z @ 125
Event: 3.107 Thread 0x0000000019dc2000 Uncommon trap: reason=unstable_if action=reinterpret pc=0x000000000358ab84 method=com.sun.org.apache.xerces.internal.util.SymbolTable.addSymbol([CII)Ljava/lang/String; @ 38
Event: 3.110 Thread 0x0000000019dc2000 Uncommon trap: reason=unstable_if action=reinterpret pc=0x000000000352c0f8 method=com.sun.org.apache.xerces.internal.util.SymbolTable.addSymbol([CII)Ljava/lang/String; @ 38
Event: 3.176 Thread 0x0000000002ce4000 Uncommon trap: reason=unstable_if action=reinterpret pc=0x00000000034f2998 method=org.springframework.boot.context.properties.source.ConfigurationPropertyName.equals(Ljava/lang/Object;)Z @ 106
Event: 3.212 Thread 0x0000000002ce4000 Uncommon trap: reason=predicate action=maybe_recompile pc=0x00000000036107bc method=java.util.AbstractCollection.toArray([Ljava/lang/Object;)[Ljava/lang/Object; @ 49
Event: 3.226 Thread 0x0000000002ce4000 Uncommon trap: reason=array_check action=maybe_recompile pc=0x000000000362afec method=java.util.AbstractCollection.toArray([Ljava/lang/Object;)[Ljava/lang/Object; @ 119
Event: 3.226 Thread 0x0000000002ce4000 Uncommon trap: reason=array_check action=maybe_recompile pc=0x000000000362afec method=java.util.AbstractCollection.toArray([Ljava/lang/Object;)[Ljava/lang/Object; @ 119
Event: 3.226 Thread 0x0000000002ce4000 Uncommon trap: reason=array_check action=maybe_recompile pc=0x000000000362afec method=java.util.AbstractCollection.toArray([Ljava/lang/Object;)[Ljava/lang/Object; @ 119
Event: 3.226 Thread 0x0000000002ce4000 Uncommon trap: reason=array_check action=maybe_recompile pc=0x000000000362afec method=java.util.AbstractCollection.toArray([Ljava/lang/Object;)[Ljava/lang/Object; @ 119

Internal exceptions (10 events):
Event: 2.406 Thread 0x0000000002ce4000 Exception <a 'java/lang/ClassNotFoundException': org/springframework/core/PriorityOrderedCustomizer> (0x00000000d647ff60) thrown at [C:\re\workspace\8-2-build-windows-amd64-cygwin\jdk8u121\8372\hotspot\src\share\vm\classfile\systemDictionary.cpp, line 210
Event: 2.407 Thread 0x0000000002ce4000 Exception <a 'java/lang/ClassNotFoundException': org/springframework/core/OrderedCustomizer> (0x00000000d6494798) thrown at [C:\re\workspace\8-2-build-windows-amd64-cygwin\jdk8u121\8372\hotspot\src\share\vm\classfile\systemDictionary.cpp, line 210]
Event: 2.407 Thread 0x0000000002ce4000 Exception <a 'java/lang/ClassNotFoundException': org/springframework/context/ResourceLoaderAwareCustomizer> (0x00000000d64adb48) thrown at [C:\re\workspace\8-2-build-windows-amd64-cygwin\jdk8u121\8372\hotspot\src\share\vm\classfile\systemDictionary.cpp, l
Event: 2.408 Thread 0x0000000002ce4000 Exception <a 'java/lang/ClassNotFoundException': org/springframework/beans/factory/AwareCustomizer> (0x00000000d64c53b8) thrown at [C:\re\workspace\8-2-build-windows-amd64-cygwin\jdk8u121\8372\hotspot\src\share\vm\classfile\systemDictionary.cpp, line 210]
Event: 2.409 Thread 0x0000000002ce4000 Exception <a 'java/lang/ClassNotFoundException': org/springframework/beans/factory/BeanClassLoaderAwareCustomizer> (0x00000000d64df958) thrown at [C:\re\workspace\8-2-build-windows-amd64-cygwin\jdk8u121\8372\hotspot\src\share\vm\classfile\systemDictionary
Event: 2.409 Thread 0x0000000002ce4000 Exception <a 'java/lang/ClassNotFoundException': org/springframework/beans/factory/AwareCustomizer> (0x00000000d64f71e0) thrown at [C:\re\workspace\8-2-build-windows-amd64-cygwin\jdk8u121\8372\hotspot\src\share\vm\classfile\systemDictionary.cpp, line 210]
Event: 2.410 Thread 0x0000000002ce4000 Exception <a 'java/lang/ClassNotFoundException': org/springframework/context/EnvironmentAwareCustomizer> (0x00000000d650ed20) thrown at [C:\re\workspace\8-2-build-windows-amd64-cygwin\jdk8u121\8372\hotspot\src\share\vm\classfile\systemDictionary.cpp, line
Event: 2.410 Thread 0x0000000002ce4000 Exception <a 'java/lang/ClassNotFoundException': org/springframework/beans/factory/AwareCustomizer> (0x00000000d6526488) thrown at [C:\re\workspace\8-2-build-windows-amd64-cygwin\jdk8u121\8372\hotspot\src\share\vm\classfile\systemDictionary.cpp, line 210]
Event: 2.727 Thread 0x0000000002ce4000 Exception <a 'java/lang/IncompatibleClassChangeError': Found class java.lang.Object, but interface was expected> (0x00000000d6120f50) thrown at [C:\re\workspace\8-2-build-windows-amd64-cygwin\jdk8u121\8372\hotspot\src\share\vm\interpreter\linkResolver.cpp
Event: 2.826 Thread 0x0000000019dc2000 Exception <a 'java/lang/IncompatibleClassChangeError': Found class java.lang.Object, but interface was expected> (0x00000000d6ce0990) thrown at [C:\re\workspace\8-2-build-windows-amd64-cygwin\jdk8u121\8372\hotspot\src\share\vm\interpreter\linkResolver.cpp

Events (10 events):
Event: 3.732 loading class org/springframework/data/repository/config/RepositoryComponentProvider
Event: 3.733 loading class org/springframework/data/repository/config/RepositoryComponentProvider done
Event: 3.733 loading class org/springframework/core/annotation/AnnotationAttributes
Event: 3.733 loading class org/springframework/core/annotation/AnnotationAttributes done
Event: 3.733 loading class org/springframework/data/repository/config/AnnotationRepositoryConfigurationSource
Event: 3.733 loading class org/springframework/data/repository/config/AnnotationRepositoryConfigurationSource done
Event: 3.734 loading class org/springframework/data/util/Streamable
Event: 3.734 loading class org/springframework/data/util/Streamable done
Event: 3.735 loading class org/springframework/data/util/LazyStreamable
Event: 3.735 loading class org/springframework/data/util/LazyStreamable done


Dynamic libraries:
0x00007ff601d30000 - 0x00007ff601d67000 	C:\Program Files\Java\jdk1.8.0_121\bin\javaw.exe
0x00007ff89b500000 - 0x00007ff89b6e1000 	C:\WINDOWS\SYSTEM32\ntdll.dll
0x00007ff899100000 - 0x00007ff8991b2000 	C:\WINDOWS\System32\KERNEL32.DLL
0x00007ff8983f0000 - 0x00007ff898663000 	C:\WINDOWS\System32\KERNELBASE.dll
0x00007ff8991c0000 - 0x00007ff899261000 	C:\WINDOWS\System32\ADVAPI32.dll
0x00007ff899e50000 - 0x00007ff899eee000 	C:\WINDOWS\System32\msvcrt.dll
0x00007ff899750000 - 0x00007ff8997ab000 	C:\WINDOWS\System32\sechost.dll
0x00007ff898dc0000 - 0x00007ff898ee4000 	C:\WINDOWS\System32\RPCRT4.dll
0x00007ff898bb0000 - 0x00007ff898d40000 	C:\WINDOWS\System32\USER32.dll
0x00007ff898970000 - 0x00007ff898990000 	C:\WINDOWS\System32\win32u.dll
0x00007ff899cf0000 - 0x00007ff899d18000 	C:\WINDOWS\System32\GDI32.dll
0x00007ff898060000 - 0x00007ff8981f2000 	C:\WINDOWS\System32\gdi32full.dll
0x00007ff898200000 - 0x00007ff89829f000 	C:\WINDOWS\System32\msvcp_win.dll
0x00007ff8982f0000 - 0x00007ff8983ea000 	C:\WINDOWS\System32\ucrtbase.dll
0x00007ff895a50000 - 0x00007ff895cb9000 	C:\WINDOWS\WinSxS\amd64_microsoft.windows.common-controls_6595b64144ccf1df_6.0.17134.228_none_fb4599993062b194\COMCTL32.dll
0x00007ff8997b0000 - 0x00007ff899ad3000 	C:\WINDOWS\System32\combase.dll
0x00007ff897fe0000 - 0x00007ff89805a000 	C:\WINDOWS\System32\bcryptPrimitives.dll
0x00007ff899720000 - 0x00007ff89974d000 	C:\WINDOWS\System32\IMM32.DLL
0x00007ff8976b0000 - 0x00007ff89770d000 	C:\Program Files\Citrix\System32\MfApHook64.dll
0x00007ff896fe0000 - 0x00007ff89700b000 	C:\Program Files\Citrix\ICAService\CtxDodHook64.dll
0x00007ff8975d0000 - 0x00007ff897602000 	C:\Program Files\Citrix\ICAService\picaFullScreenHookX64.dll
0x00007ff896f90000 - 0x00007ff896fde000 	C:\Program Files\Citrix\ICAService\ShellHook64.dll
0x00007ff899fa0000 - 0x00007ff89b3e0000 	C:\WINDOWS\System32\SHELL32.dll
0x00007ff8982a0000 - 0x00007ff8982e9000 	C:\WINDOWS\System32\cfgmgr32.dll
0x00007ff899ef0000 - 0x00007ff899f99000 	C:\WINDOWS\System32\shcore.dll
0x00007ff8978d0000 - 0x00007ff897fdd000 	C:\WINDOWS\System32\windows.storage.dll
0x00007ff899d20000 - 0x00007ff899d71000 	C:\WINDOWS\System32\shlwapi.dll
0x00007ff8978b0000 - 0x00007ff8978c1000 	C:\WINDOWS\System32\kernel.appcore.dll
0x00007ff897890000 - 0x00007ff8978af000 	C:\WINDOWS\System32\profapi.dll
0x00007ff897820000 - 0x00007ff89786c000 	C:\WINDOWS\System32\powrprof.dll
0x00007ff897810000 - 0x00007ff89781a000 	C:\WINDOWS\System32\FLTLIB.DLL
0x00007ff896e10000 - 0x00007ff896f8c000 	C:\Program Files\Citrix\ICAService\SCardHook64.dll
0x00007ff896d70000 - 0x00007ff896d9a000 	C:\Program Files\Citrix\ICAService\cxinjime64.dll
0x00007ff896c60000 - 0x00007ff896ca8000 	C:\Program Files\Citrix\ICAService\PicaWtsHook64.dll
0x0000000070f60000 - 0x0000000071032000 	C:\Program Files\Java\jdk1.8.0_121\jre\bin\msvcr100.dll
0x00000000706c0000 - 0x0000000070f5b000 	C:\Program Files\Java\jdk1.8.0_121\jre\bin\server\jvm.dll
0x00007ff899ce0000 - 0x00007ff899ce8000 	C:\WINDOWS\System32\PSAPI.DLL
0x00007ff891cf0000 - 0x00007ff891d13000 	C:\WINDOWS\SYSTEM32\WINMM.dll
0x00007ff8974c0000 - 0x00007ff8974ca000 	C:\WINDOWS\SYSTEM32\VERSION.dll
0x00007ff885520000 - 0x00007ff885529000 	C:\WINDOWS\SYSTEM32\WSOCK32.dll
0x00007ff891c30000 - 0x00007ff891c5a000 	C:\WINDOWS\SYSTEM32\winmmbase.dll
0x00007ff898d40000 - 0x00007ff898dac000 	C:\WINDOWS\System32\ws2_32.DLL
0x00000000712a0000 - 0x00000000712af000 	C:\Program Files\Java\jdk1.8.0_121\jre\bin\verify.dll
0x0000000071270000 - 0x0000000071299000 	C:\Program Files\Java\jdk1.8.0_121\jre\bin\java.dll
0x0000000071250000 - 0x0000000071266000 	C:\Program Files\Java\jdk1.8.0_121\jre\bin\zip.dll
0x0000000071220000 - 0x000000007123a000 	C:\Program Files\Java\jdk1.8.0_121\jre\bin\net.dll
0x00007ff896550000 - 0x00007ff8965b6000 	C:\WINDOWS\system32\mswsock.dll
0x0000000071140000 - 0x0000000071151000 	C:\Program Files\Java\jdk1.8.0_121\jre\bin\nio.dll
0x0000000071240000 - 0x000000007124d000 	C:\Program Files\Java\jdk1.8.0_121\jre\bin\management.dll
0x00007ff88b0f0000 - 0x00007ff88b106000 	C:\WINDOWS\system32\napinsp.dll
0x00007ff88b110000 - 0x00007ff88b12a000 	C:\WINDOWS\system32\pnrpnsp.dll
0x00007ff893120000 - 0x00007ff893139000 	C:\WINDOWS\system32\NLAapi.dll
0x00007ff896320000 - 0x00007ff8963de000 	C:\WINDOWS\SYSTEM32\DNSAPI.dll
0x00007ff8990f0000 - 0x00007ff8990f8000 	C:\WINDOWS\System32\NSI.dll
0x00007ff8962e0000 - 0x00007ff896318000 	C:\WINDOWS\SYSTEM32\IPHLPAPI.DLL
0x00007ff88b130000 - 0x00007ff88b13e000 	C:\WINDOWS\System32\winrnr.dll
0x00007ff88e550000 - 0x00007ff88e55a000 	C:\Windows\System32\rasadhlp.dll
0x00007ff8909d0000 - 0x00007ff890a42000 	C:\WINDOWS\System32\fwpuclnt.dll
0x00007ff897080000 - 0x00007ff8970a5000 	C:\WINDOWS\SYSTEM32\bcrypt.dll

VM Arguments:
jvm_args: -ea -Dfile.encoding=UTF-8 
java_command: org.eclipse.jdt.internal.junit.runner.RemoteTestRunner -version 3 -port 52623 -testLoaderClass org.eclipse.jdt.internal.junit4.runner.JUnit4TestLoader -loaderpluginname org.eclipse.jdt.junit4.runtime -classNames com.capgemini.annapurna.restaurant.test.service.RestaurantServiceTest
java_class_path (initial): C:\Ujwala_Gawari\Annapurna-Project\Restaurant\Restaurant\target\test-classes;C:\Ujwala_Gawari\Annapurna-Project\Restaurant\Restaurant\target\classes;C:\Users\ugawari\.m2\repository\org\springframework\boot\spring-boot-starter-data-mongodb\2.1.2.RELEASE\spring-boot-starter-data-mongodb-2.1.2.RELEASE.jar;C:\Users\ugawari\.m2\repository\org\springframework\boot\spring-boot-starter\2.1.2.RELEASE\spring-boot-starter-2.1.2.RELEASE.jar;C:\Users\ugawari\.m2\repository\org\springframework\boot\spring-boot-starter-logging\2.1.2.RELEASE\spring-boot-starter-logging-2.1.2.RELEASE.jar;C:\Users\ugawari\.m2\repository\ch\qos\logback\logback-classic\1.2.3\logback-classic-1.2.3.jar;C:\Users\ugawari\.m2\repository\ch\qos\logback\logback-core\1.2.3\logback-core-1.2.3.jar;C:\Users\ugawari\.m2\repository\org\apache\logging\log4j\log4j-to-slf4j\2.11.1\log4j-to-slf4j-2.11.1.jar;C:\Users\ugawari\.m2\repository\org\apache\logging\log4j\log4j-api\2.11.1\log4j-api-2.11.1.jar;C:\Users\ugawari\.m2\repository\org\slf4j\jul-to-slf4j\1.7.25\jul-to-slf4j-1.7.25.jar;C:\Users\ugawari\.m2\repository\javax\annotation\javax.annotation-api\1.3.2\javax.annotation-api-1.3.2.jar;C:\Users\ugawari\.m2\repository\org\yaml\snakeyaml\1.23\snakeyaml-1.23.jar;C:\Users\ugawari\.m2\repository\org\mongodb\mongodb-driver\3.8.2\mongodb-driver-3.8.2.jar;C:\Users\ugawari\.m2\repository\org\mongodb\bson\3.8.2\bson-3.8.2.jar;C:\Users\ugawari\.m2\repository\org\mongodb\mongodb-driver-core\3.8.2\mongodb-driver-core-3.8.2.jar;C:\Users\ugawari\.m2\repository\org\springframework\data\spring-data-mongodb\2.1.4.RELEASE\spring-data-mongodb-2.1.4.RELEASE.jar;C:\Users\ugawari\.m2\repository\org\springframework\spring-tx\5.1.4.RELEASE\spring-tx-5.1.4.RELEASE.jar;C:\Users\ugawari\.m2\repository\org\springframework\spring-context\5.1.4.RELEASE\spring-context-5.1.4.RELEASE.jar;C:\Users\ugawari\.m2\repository\org\springframework\spring-beans\5.1.4.RELEASE\spring-beans-5.1.4.RELEASE.jar;C:\Users\ugawari\.m2\rep
Launcher Type: SUN_STANDARD

Environment Variables:
PATH=C:/Program Files/Java/jre1.8.0_121/bin/server;C:/Program Files/Java/jre1.8.0_121/bin;C:/Program Files/Java/jre1.8.0_121/lib/amd64;C:\Python34\;C:\Python34\Scripts;C:\oraclexe\app\oracle\product\11.2.0\server\bin;C:\ProgramData\Oracle\Java\javapath;C:\WINDOWS\system32;C:\WINDOWS;C:\WINDOWS\System32\Wbem;C:\WINDOWS\System32\WindowsPowerShell\v1.0\;C:\Program Files\TortoiseSVN\bin;C:\Program Files\nodejs\;C:\Program Files\Git\cmd;C:\Program Files (x86)\Microsoft SQL Server\110\Tools\Binn\ManagementStudio\;C:\Program Files (x86)\Microsoft SQL Server\110\Tools\Binn\;C:\Program Files (x86)\Microsoft SQL Server\110\DTS\Binn\;C:\Program Files\Citrix\System32\;C:\Program Files\Citrix\ICAService\;C:\WINDOWS\System32\OpenSSH\;C:\Users\ugawari\AppData\Local\Microsoft\WindowsApps;;C:\SOFTWARES\sts-bundle\sts-3.9.7.RELEASE;
USERNAME=ugawari
OS=Windows_NT
PROCESSOR_IDENTIFIER=Intel64 Family 15 Model 6 Stepping 1, GenuineIntel



---------------  S Y S T E M  ---------------

OS: Windows 10.0 , 64 bit Build 17134 (10.0.17134.1)

CPU:total 4 (2 cores per cpu, 1 threads per core) family 15 model 6 stepping 1, cmov, cx8, fxsr, mmx, sse, sse2, sse3, ssse3, sse4.1, sse4.2, popcnt, avx, avx2, aes, clmul, erms, rtm, 3dnowpref, lzcnt, tsc, bmi1, bmi2, adx

Memory: 4k page, physical 8388056k(700496k free), swap 18697820k(5476k free)

vm_info: Java HotSpot(TM) 64-Bit Server VM (25.121-b13) for windows-amd64 JRE (1.8.0_121-b13), built on Dec 12 2016 18:21:36 by "java_re" with MS VC++ 10.0 (VS2010)

time: Thu Feb 07 15:56:57 2019
elapsed time: 3 seconds (0d 0h 0m 3s)

